Flow report for lab7_bai1
Sun Mar 16 09:15:43 2025
Quartus II 64-Bit Version 13.0.1 Build 232 06/12/2013 Service Pack 1 SJ Web Edition


---------------------
; Table of Contents ;
---------------------
  1. Legal Notice
  2. Flow Summary
  3. Flow Settings
  4. Flow Non-Default Global Settings
  5. Flow Elapsed Time
  6. Flow OS Summary
  7. Flow Log
  8. Flow Messages
  9. Flow Suppressed Messages



----------------
; Legal Notice ;
----------------
Copyright (C) 1991-2013 Altera Corporation
Your use of Altera Corporation's design tools, logic functions 
and other software and tools, and its AMPP partner logic 
functions, and any output files from any of the foregoing 
(including device programming or simulation files), and any 
associated documentation or information are expressly subject 
to the terms and conditions of the Altera Program License 
Subscription Agreement, Altera MegaCore Function License 
Agreement, or other applicable license agreement, including, 
without limitation, that your use is for the sole purpose of 
programming logic devices manufactured by Altera and sold by 
Altera or its authorized distributors.  Please refer to the 
applicable agreement for further details.



+--------------------------------------------------------------------------------------+
; Flow Summary                                                                         ;
+------------------------------------+-------------------------------------------------+
; Flow Status                        ; Successful - Sun Mar 16 09:15:36 2025           ;
; Quartus II 64-Bit Version          ; 13.0.1 Build 232 06/12/2013 SP 1 SJ Web Edition ;
; Revision Name                      ; lab7_bai1                                       ;
; Top-level Entity Name              ; lab7_bai1                                       ;
; Family                             ; Cyclone IV E                                    ;
; Device                             ; EP4CE115F29C8                                   ;
; Timing Models                      ; Final                                           ;
; Total logic elements               ; 2,055 / 114,480 ( 2 % )                         ;
;     Total combinational functions  ; 1,957 / 114,480 ( 2 % )                         ;
;     Dedicated logic registers      ; 949 / 114,480 ( < 1 % )                         ;
; Total registers                    ; 949                                             ;
; Total pins                         ; 14 / 529 ( 3 % )                                ;
; Total virtual pins                 ; 0                                               ;
; Total memory bits                  ; 3,211,264 / 3,981,312 ( 81 % )                  ;
; Embedded Multiplier 9-bit elements ; 0 / 532 ( 0 % )                                 ;
; Total PLLs                         ; 0 / 4 ( 0 % )                                   ;
+------------------------------------+-------------------------------------------------+


+-----------------------------------------+
; Flow Settings                           ;
+-------------------+---------------------+
; Option            ; Setting             ;
+-------------------+---------------------+
; Start date & time ; 03/16/2025 09:14:25 ;
; Main task         ; Compilation         ;
; Revision Name     ; lab7_bai1           ;
+-------------------+---------------------+


+-----------------------------------------------------------------------------------------------------------------------------------------------------------------+
; Flow Non-Default Global Settings                                                                                                                                ;
+-------------------------------------+------------------------------------------------------------+---------------+---------------------------------+------------+
; Assignment Name                     ; Value                                                      ; Default Value ; Entity Name                     ; Section Id ;
+-------------------------------------+------------------------------------------------------------+---------------+---------------------------------+------------+
; COMPILER_SIGNATURE_ID               ; 31609889871176.174209126508028                             ; --            ; --                              ; --         ;
; IP_TOOL_ENV                         ; Qsys                                                       ; --            ; altera_avalon_sc_fifo           ; --         ;
; IP_TOOL_ENV                         ; Qsys                                                       ; --            ; altera_merlin_master_agent      ; --         ;
; IP_TOOL_ENV                         ; Qsys                                                       ; --            ; altera_merlin_master_translator ; --         ;
; IP_TOOL_ENV                         ; Qsys                                                       ; --            ; altera_merlin_slave_agent       ; --         ;
; IP_TOOL_ENV                         ; Qsys                                                       ; --            ; altera_merlin_slave_translator  ; --         ;
; IP_TOOL_ENV                         ; Qsys                                                       ; --            ; altera_reset_controller         ; --         ;
; IP_TOOL_ENV                         ; Qsys                                                       ; --            ; nios_sys                        ; --         ;
; IP_TOOL_ENV                         ; Qsys                                                       ; --            ; nios_sys_LCD_DATA               ; --         ;
; IP_TOOL_ENV                         ; Qsys                                                       ; --            ; nios_sys_LCD_ON                 ; --         ;
; IP_TOOL_ENV                         ; Qsys                                                       ; --            ; nios_sys_addr_router            ; --         ;
; IP_TOOL_ENV                         ; Qsys                                                       ; --            ; nios_sys_addr_router_001        ; --         ;
; IP_TOOL_ENV                         ; Qsys                                                       ; --            ; nios_sys_cmd_xbar_demux         ; --         ;
; IP_TOOL_ENV                         ; Qsys                                                       ; --            ; nios_sys_cmd_xbar_demux_001     ; --         ;
; IP_TOOL_ENV                         ; Qsys                                                       ; --            ; nios_sys_cmd_xbar_mux           ; --         ;
; IP_TOOL_ENV                         ; Qsys                                                       ; --            ; nios_sys_id_router              ; --         ;
; IP_TOOL_ENV                         ; Qsys                                                       ; --            ; nios_sys_id_router_003          ; --         ;
; IP_TOOL_ENV                         ; Qsys                                                       ; --            ; nios_sys_irq_mapper             ; --         ;
; IP_TOOL_ENV                         ; Qsys                                                       ; --            ; nios_sys_jtag_uart_0            ; --         ;
; IP_TOOL_ENV                         ; Qsys                                                       ; --            ; nios_sys_nios2_qsys_0           ; --         ;
; IP_TOOL_ENV                         ; Qsys                                                       ; --            ; nios_sys_onchip_memory2_0       ; --         ;
; IP_TOOL_ENV                         ; Qsys                                                       ; --            ; nios_sys_rsp_xbar_demux         ; --         ;
; IP_TOOL_ENV                         ; Qsys                                                       ; --            ; nios_sys_rsp_xbar_demux_003     ; --         ;
; IP_TOOL_ENV                         ; Qsys                                                       ; --            ; nios_sys_rsp_xbar_mux           ; --         ;
; IP_TOOL_ENV                         ; Qsys                                                       ; --            ; nios_sys_rsp_xbar_mux_001       ; --         ;
; IP_TOOL_NAME                        ; altera_avalon_sc_fifo                                      ; --            ; altera_avalon_sc_fifo           ; --         ;
; IP_TOOL_NAME                        ; altera_merlin_master_agent                                 ; --            ; altera_merlin_master_agent      ; --         ;
; IP_TOOL_NAME                        ; altera_merlin_master_translator                            ; --            ; altera_merlin_master_translator ; --         ;
; IP_TOOL_NAME                        ; altera_merlin_slave_agent                                  ; --            ; altera_merlin_slave_agent       ; --         ;
; IP_TOOL_NAME                        ; altera_merlin_slave_translator                             ; --            ; altera_merlin_slave_translator  ; --         ;
; IP_TOOL_NAME                        ; altera_reset_controller                                    ; --            ; altera_reset_controller         ; --         ;
; IP_TOOL_NAME                        ; Qsys                                                       ; --            ; nios_sys                        ; --         ;
; IP_TOOL_NAME                        ; altera_avalon_pio                                          ; --            ; nios_sys_LCD_DATA               ; --         ;
; IP_TOOL_NAME                        ; altera_avalon_pio                                          ; --            ; nios_sys_LCD_ON                 ; --         ;
; IP_TOOL_NAME                        ; altera_merlin_router                                       ; --            ; nios_sys_addr_router            ; --         ;
; IP_TOOL_NAME                        ; altera_merlin_router                                       ; --            ; nios_sys_addr_router_001        ; --         ;
; IP_TOOL_NAME                        ; altera_merlin_demultiplexer                                ; --            ; nios_sys_cmd_xbar_demux         ; --         ;
; IP_TOOL_NAME                        ; altera_merlin_demultiplexer                                ; --            ; nios_sys_cmd_xbar_demux_001     ; --         ;
; IP_TOOL_NAME                        ; altera_merlin_multiplexer                                  ; --            ; nios_sys_cmd_xbar_mux           ; --         ;
; IP_TOOL_NAME                        ; altera_merlin_router                                       ; --            ; nios_sys_id_router              ; --         ;
; IP_TOOL_NAME                        ; altera_merlin_router                                       ; --            ; nios_sys_id_router_003          ; --         ;
; IP_TOOL_NAME                        ; altera_irq_mapper                                          ; --            ; nios_sys_irq_mapper             ; --         ;
; IP_TOOL_NAME                        ; altera_avalon_jtag_uart                                    ; --            ; nios_sys_jtag_uart_0            ; --         ;
; IP_TOOL_NAME                        ; altera_nios2_qsys                                          ; --            ; nios_sys_nios2_qsys_0           ; --         ;
; IP_TOOL_NAME                        ; altera_avalon_onchip_memory2                               ; --            ; nios_sys_onchip_memory2_0       ; --         ;
; IP_TOOL_NAME                        ; altera_merlin_demultiplexer                                ; --            ; nios_sys_rsp_xbar_demux         ; --         ;
; IP_TOOL_NAME                        ; altera_merlin_demultiplexer                                ; --            ; nios_sys_rsp_xbar_demux_003     ; --         ;
; IP_TOOL_NAME                        ; altera_merlin_multiplexer                                  ; --            ; nios_sys_rsp_xbar_mux           ; --         ;
; IP_TOOL_NAME                        ; altera_merlin_multiplexer                                  ; --            ; nios_sys_rsp_xbar_mux_001       ; --         ;
; IP_TOOL_VERSION                     ; 13.0                                                       ; --            ; altera_avalon_sc_fifo           ; --         ;
; IP_TOOL_VERSION                     ; 13.0                                                       ; --            ; altera_merlin_master_agent      ; --         ;
; IP_TOOL_VERSION                     ; 13.0                                                       ; --            ; altera_merlin_master_translator ; --         ;
; IP_TOOL_VERSION                     ; 13.0                                                       ; --            ; altera_merlin_slave_agent       ; --         ;
; IP_TOOL_VERSION                     ; 13.0                                                       ; --            ; altera_merlin_slave_translator  ; --         ;
; IP_TOOL_VERSION                     ; 13.0                                                       ; --            ; altera_reset_controller         ; --         ;
; IP_TOOL_VERSION                     ; 13.0sp1                                                    ; --            ; nios_sys                        ; --         ;
; IP_TOOL_VERSION                     ; 13.0.1.99.2                                                ; --            ; nios_sys_LCD_DATA               ; --         ;
; IP_TOOL_VERSION                     ; 13.0.1.99.2                                                ; --            ; nios_sys_LCD_ON                 ; --         ;
; IP_TOOL_VERSION                     ; 13.0                                                       ; --            ; nios_sys_addr_router            ; --         ;
; IP_TOOL_VERSION                     ; 13.0                                                       ; --            ; nios_sys_addr_router_001        ; --         ;
; IP_TOOL_VERSION                     ; 13.0                                                       ; --            ; nios_sys_cmd_xbar_demux         ; --         ;
; IP_TOOL_VERSION                     ; 13.0                                                       ; --            ; nios_sys_cmd_xbar_demux_001     ; --         ;
; IP_TOOL_VERSION                     ; 13.0                                                       ; --            ; nios_sys_cmd_xbar_mux           ; --         ;
; IP_TOOL_VERSION                     ; 13.0                                                       ; --            ; nios_sys_id_router              ; --         ;
; IP_TOOL_VERSION                     ; 13.0                                                       ; --            ; nios_sys_id_router_003          ; --         ;
; IP_TOOL_VERSION                     ; 13.0                                                       ; --            ; nios_sys_irq_mapper             ; --         ;
; IP_TOOL_VERSION                     ; 13.0.1.99.2                                                ; --            ; nios_sys_jtag_uart_0            ; --         ;
; IP_TOOL_VERSION                     ; 13.0                                                       ; --            ; nios_sys_nios2_qsys_0           ; --         ;
; IP_TOOL_VERSION                     ; 13.0.1.99.2                                                ; --            ; nios_sys_onchip_memory2_0       ; --         ;
; IP_TOOL_VERSION                     ; 13.0                                                       ; --            ; nios_sys_rsp_xbar_demux         ; --         ;
; IP_TOOL_VERSION                     ; 13.0                                                       ; --            ; nios_sys_rsp_xbar_demux_003     ; --         ;
; IP_TOOL_VERSION                     ; 13.0                                                       ; --            ; nios_sys_rsp_xbar_mux           ; --         ;
; IP_TOOL_VERSION                     ; 13.0                                                       ; --            ; nios_sys_rsp_xbar_mux_001       ; --         ;
; MAX_CORE_JUNCTION_TEMP              ; 85                                                         ; --            ; --                              ; --         ;
; MIN_CORE_JUNCTION_TEMP              ; 0                                                          ; --            ; --                              ; --         ;
; MISC_FILE                           ; nios_sys/synthesis/../../nios_sys.cmp                      ; --            ; --                              ; --         ;
; MISC_FILE                           ; nios_sys/synthesis/../../nios_sys.qsys                     ; --            ; --                              ; --         ;
; NOMINAL_CORE_SUPPLY_VOLTAGE         ; 1.2V                                                       ; --            ; --                              ; --         ;
; PARTITION_COLOR                     ; 16764057                                                   ; --            ; --                              ; Top        ;
; PARTITION_FITTER_PRESERVATION_LEVEL ; PLACEMENT_AND_ROUTING                                      ; --            ; --                              ; Top        ;
; PARTITION_NETLIST_TYPE              ; SOURCE                                                     ; --            ; --                              ; Top        ;
; POWER_BOARD_THERMAL_MODEL           ; None (CONSERVATIVE)                                        ; --            ; --                              ; --         ;
; POWER_PRESET_COOLING_SOLUTION       ; 23 MM HEAT SINK WITH 200 LFPM AIRFLOW                      ; --            ; --                              ; --         ;
; PROJECT_OUTPUT_DIRECTORY            ; output_files                                               ; --            ; --                              ; --         ;
; SLD_INFO                            ; QSYS_NAME nios_sys HAS_SOPCINFO 1 GENERATION_ID 1742090870 ; --            ; nios_sys                        ; --         ;
; SOPCINFO_FILE                       ; nios_sys/synthesis/../../nios_sys.sopcinfo                 ; --            ; --                              ; --         ;
; SYNTHESIS_ONLY_QIP                  ; On                                                         ; --            ; --                              ; --         ;
+-------------------------------------+------------------------------------------------------------+---------------+---------------------------------+------------+


+-------------------------------------------------------------------------------------------------------------------------------+
; Flow Elapsed Time                                                                                                             ;
+---------------------------+--------------+-------------------------+---------------------+------------------------------------+
; Module Name               ; Elapsed Time ; Average Processors Used ; Peak Virtual Memory ; Total CPU Time (on all processors) ;
+---------------------------+--------------+-------------------------+---------------------+------------------------------------+
; Analysis & Synthesis      ; 00:00:23     ; 1.0                     ; 4727 MB             ; 00:00:22                           ;
; Fitter                    ; 00:00:35     ; 1.0                     ; 5122 MB             ; 00:00:35                           ;
; Assembler                 ; 00:00:06     ; 1.0                     ; 4608 MB             ; 00:00:06                           ;
; TimeQuest Timing Analyzer ; 00:00:06     ; 1.0                     ; 4739 MB             ; 00:00:05                           ;
; Total                     ; 00:01:10     ; --                      ; --                  ; 00:01:08                           ;
+---------------------------+--------------+-------------------------+---------------------+------------------------------------+


+----------------------------------------------------------------------------------------+
; Flow OS Summary                                                                        ;
+---------------------------+------------------+-----------+------------+----------------+
; Module Name               ; Machine Hostname ; OS Name   ; OS Version ; Processor type ;
+---------------------------+------------------+-----------+------------+----------------+
; Analysis & Synthesis      ; TRANTHINH-WINDOW ; Windows 7 ; 6.2        ; x86_64         ;
; Fitter                    ; TRANTHINH-WINDOW ; Windows 7 ; 6.2        ; x86_64         ;
; Assembler                 ; TRANTHINH-WINDOW ; Windows 7 ; 6.2        ; x86_64         ;
; TimeQuest Timing Analyzer ; TRANTHINH-WINDOW ; Windows 7 ; 6.2        ; x86_64         ;
+---------------------------+------------------+-----------+------------+----------------+


------------
; Flow Log ;
------------
quartus_map --read_settings_files=on --write_settings_files=off lab7_bai1 -c lab7_bai1
quartus_fit --read_settings_files=off --write_settings_files=off lab7_bai1 -c lab7_bai1
quartus_asm --read_settings_files=off --write_settings_files=off lab7_bai1 -c lab7_bai1
quartus_sta lab7_bai1 -c lab7_bai1



