Info: Starting: Create block symbol file (.bsf)
Info: ip-generate --project-directory=D:/TH_SOC/LAB3/sample/ --output-directory=D:/TH_SOC/LAB3/sample/nios/ --report-file=bsf:D:/TH_SOC/LAB3/sample/nios.bsf --system-info=DEVICE_FAMILY="Cyclone IV E" --system-info=DEVICE=EP4CE115F29C8 --system-info=DEVICE_SPEEDGRADE=8 --component-file=D:/TH_SOC/LAB3/sample/nios.qsys
Progress: Loading sample/nios.qsys
Progress: Reading input file
Progress: Adding clk_0 [clock_source 13.0]
Progress: Parameterizing module clk_0
Progress: Adding nios2_qsys_0 [altera_nios2_qsys 13.0]
Progress: Parameterizing module nios2_qsys_0
Progress: Adding onchip_memory2_0 [altera_avalon_onchip_memory2 13.0.1.99.2]
Progress: Parameterizing module onchip_memory2_0
Progress: Adding jtag_uart_0 [altera_avalon_jtag_uart 13.0.1.99.2]
Progress: Parameterizing module jtag_uart_0
Progress: Adding switches [switches 1.0]
Progress: Parameterizing module switches
Progress: Adding leds [leds 1.0]
Progress: Parameterizing module leds
Progress: Building connections
Progress: Parameterizing connections
Progress: Validating
Progress: Done reading input file
Warning: nios.switches.conduit_end: Interface has no signals
Info: ip-generate succeeded.
Info: Finished: Create block symbol file (.bsf)
Info: 
Info: Starting: Create HDL design files for synthesis
Info: ip-generate --project-directory=D:/TH_SOC/LAB3/sample/ --output-directory=D:/TH_SOC/LAB3/sample/nios/synthesis/ --file-set=QUARTUS_SYNTH --report-file=sopcinfo:D:/TH_SOC/LAB3/sample/nios.sopcinfo --report-file=html:D:/TH_SOC/LAB3/sample/nios.html --report-file=qip:D:/TH_SOC/LAB3/sample/nios/synthesis/nios.qip --report-file=cmp:D:/TH_SOC/LAB3/sample/nios.cmp --report-file=svd --system-info=DEVICE_FAMILY="Cyclone IV E" --system-info=DEVICE=EP4CE115F29C8 --system-info=DEVICE_SPEEDGRADE=8 --component-file=D:/TH_SOC/LAB3/sample/nios.qsys --language=VERILOG
Progress: Loading sample/nios.qsys
Progress: Reading input file
Progress: Adding clk_0 [clock_source 13.0]
Progress: Parameterizing module clk_0
Progress: Adding nios2_qsys_0 [altera_nios2_qsys 13.0]
Progress: Parameterizing module nios2_qsys_0
Progress: Adding onchip_memory2_0 [altera_avalon_onchip_memory2 13.0.1.99.2]
Progress: Parameterizing module onchip_memory2_0
Progress: Adding jtag_uart_0 [altera_avalon_jtag_uart 13.0.1.99.2]
Progress: Parameterizing module jtag_uart_0
Progress: Adding switches [switches 1.0]
Progress: Parameterizing module switches
Progress: Adding leds [leds 1.0]
Progress: Parameterizing module leds
Progress: Building connections
Progress: Parameterizing connections
Progress: Validating
Progress: Done reading input file
Warning: nios.switches.conduit_end: Interface has no signals
Info: nios: Generating nios "nios" for QUARTUS_SYNTH
Info: pipeline_bridge_swap_transform: After transform: 6 modules, 22 connections
Info: No custom instruction connections, skipping transform 
Info: merlin_translator_transform: After transform: 13 modules, 48 connections
Info: merlin_domain_transform: After transform: 26 modules, 127 connections
Info: merlin_router_transform: After transform: 33 modules, 153 connections
Info: reset_adaptation_transform: After transform: 35 modules, 132 connections
Info: merlin_network_to_switch_transform: After transform: 48 modules, 162 connections
Info: merlin_mm_transform: After transform: 48 modules, 162 connections
Info: merlin_interrupt_mapper_transform: After transform: 49 modules, 165 connections
Warning: nios: "No matching role found for rst_controller:reset_out:reset_req (reset_req)"
Warning: nios: "No matching role found for rst_controller:reset_out:reset_req (reset_req)"
Warning: nios: "No matching role found for rst_controller:reset_out:reset_req (reset_req)"
Warning: nios: "No matching role found for rst_controller:reset_out:reset_req (reset_req)"
Warning: nios: "No matching role found for rst_controller:reset_out:reset_req (reset_req)"
Warning: nios: "No matching role found for rst_controller:reset_out:reset_req (reset_req)"
Warning: nios: "No matching role found for rst_controller:reset_out:reset_req (reset_req)"
Warning: nios: "No matching role found for rst_controller:reset_out:reset_req (reset_req)"
Warning: nios: "No matching role found for rst_controller:reset_out:reset_req (reset_req)"
Warning: nios: "No matching role found for rst_controller:reset_out:reset_req (reset_req)"
Warning: nios: "No matching role found for rst_controller:reset_out:reset_req (reset_req)"
Warning: nios: "No matching role found for rst_controller:reset_out:reset_req (reset_req)"
Warning: nios: "No matching role found for rst_controller:reset_out:reset_req (reset_req)"
Warning: nios: "No matching role found for rst_controller:reset_out:reset_req (reset_req)"
Warning: nios: "No matching role found for rst_controller:reset_out:reset_req (reset_req)"
Warning: nios: "No matching role found for rst_controller:reset_out:reset_req (reset_req)"
Warning: nios: "No matching role found for rst_controller:reset_out:reset_req (reset_req)"
Warning: nios: "No matching role found for rst_controller:reset_out:reset_req (reset_req)"
Warning: nios: "No matching role found for rst_controller:reset_out:reset_req (reset_req)"
Warning: nios: "No matching role found for rst_controller:reset_out:reset_req (reset_req)"
Warning: nios: "No matching role found for rst_controller:reset_out:reset_req (reset_req)"
Warning: nios: "No matching role found for rst_controller:reset_out:reset_req (reset_req)"
Warning: nios: "No matching role found for rst_controller:reset_out:reset_req (reset_req)"
Warning: nios: "No matching role found for rst_controller:reset_out:reset_req (reset_req)"
Warning: nios: "No matching role found for rst_controller:reset_out:reset_req (reset_req)"
Warning: nios: "No matching role found for rst_controller:reset_out:reset_req (reset_req)"
Warning: nios: "No matching role found for rst_controller:reset_out:reset_req (reset_req)"
Warning: nios: "No matching role found for rst_controller:reset_out:reset_req (reset_req)"
Warning: nios: "No matching role found for rst_controller:reset_out:reset_req (reset_req)"
Warning: nios: "No matching role found for rst_controller:reset_out:reset_req (reset_req)"
Warning: nios: "No matching role found for rst_controller:reset_out:reset_req (reset_req)"
Info: nios2_qsys_0: Starting RTL generation for module 'nios_nios2_qsys_0'
Info: nios2_qsys_0:   Generation command is [exec C:/altera/13.0sp1/quartus/../ip/altera/nios2_ip/altera_nios2/eperl.exe -I C:/altera/13.0sp1/quartus/common/ip/altera/common/perl/5.8.3 -I C:/altera/13.0sp1/quartus/sopc_builder/bin/europa -I C:/altera/13.0sp1/quartus/sopc_builder/bin/perl_lib -I C:/altera/13.0sp1/quartus/sopc_builder/bin -I C:/altera/13.0sp1/quartus/../ip/altera/nios2_ip/altera_nios2/cpu_lib -I C:/altera/13.0sp1/quartus/../ip/altera/nios2_ip/altera_nios2/nios_lib -I C:/altera/13.0sp1/quartus/../ip/altera/nios2_ip/altera_nios2 -I C:/altera/13.0sp1/quartus/../ip/altera/nios2_ip/altera_nios2 -- C:/altera/13.0sp1/quartus/../ip/altera/nios2_ip/altera_nios2/generate_rtl.epl --name=nios_nios2_qsys_0 --dir=C:/Users/thinh/AppData/Local/Temp/alt0099_4594522330573036496.dir/0003_nios2_qsys_0_gen/ --quartus_dir=C:/altera/13.0sp1/quartus --verilog --config=C:/Users/thinh/AppData/Local/Temp/alt0099_4594522330573036496.dir/0003_nios2_qsys_0_gen//nios_nios2_qsys_0_processor_configuration.pl  --do_build_sim=0    --bogus  ]
Info: nios2_qsys_0: # 2025.01.11 22:37:08 (*) Starting Nios II generation
Info: nios2_qsys_0: # 2025.01.11 22:37:08 (*)   Checking for plaintext license.
Info: nios2_qsys_0: # 2025.01.11 22:37:09 (*)   Couldn't query license setup in Quartus directory C:/altera/13.0sp1/quartus
Info: nios2_qsys_0: # 2025.01.11 22:37:09 (*)   Defaulting to contents of LM_LICENSE_FILE environment variable
Info: nios2_qsys_0: # 2025.01.11 22:37:09 (*)   LM_LICENSE_FILE environment variable is empty
Info: nios2_qsys_0: # 2025.01.11 22:37:09 (*)   Plaintext license not found.
Info: nios2_qsys_0: # 2025.01.11 22:37:09 (*)   No license required to generate encrypted Nios II/e.
Info: nios2_qsys_0: # 2025.01.11 22:37:09 (*)   Elaborating CPU configuration settings
Info: nios2_qsys_0: # 2025.01.11 22:37:09 (*)   Creating all objects for CPU
Info: nios2_qsys_0: # 2025.01.11 22:37:10 (*)   Generating RTL from CPU objects
Info: nios2_qsys_0: # 2025.01.11 22:37:10 (*)   Creating plain-text RTL
Info: nios2_qsys_0: # 2025.01.11 22:37:12 (*) Done Nios II generation
Info: nios2_qsys_0: Done RTL generation for module 'nios_nios2_qsys_0'
Info: nios2_qsys_0: "nios" instantiated altera_nios2_qsys "nios2_qsys_0"
Info: onchip_memory2_0: Starting RTL generation for module 'nios_onchip_memory2_0'
Info: onchip_memory2_0:   Generation command is [exec C:/altera/13.0sp1/quartus/bin/perl/bin/perl.exe -I C:/altera/13.0sp1/quartus/common/ip/altera/common/perl/5.8.3 -I C:/altera/13.0sp1/quartus/sopc_builder/bin/europa -I C:/altera/13.0sp1/quartus/sopc_builder/bin/perl_lib -I C:/altera/13.0sp1/quartus/sopc_builder/bin -I C:/altera/13.0sp1/quartus/../ip/altera/sopc_builder_ip/common -I C:/altera/13.0sp1/quartus/../ip/altera/sopc_builder_ip/altera_avalon_onchip_memory2 -- C:/altera/13.0sp1/quartus/../ip/altera/sopc_builder_ip/altera_avalon_onchip_memory2/generate_rtl.pl --name=nios_onchip_memory2_0 --dir=C:/Users/thinh/AppData/Local/Temp/alt0099_4594522330573036496.dir/0004_onchip_memory2_0_gen/ --quartus_dir=C:/altera/13.0sp1/quartus --verilog --config=C:/Users/thinh/AppData/Local/Temp/alt0099_4594522330573036496.dir/0004_onchip_memory2_0_gen//nios_onchip_memory2_0_component_configuration.pl  --do_build_sim=0  ]
Info: onchip_memory2_0: Done RTL generation for module 'nios_onchip_memory2_0'
Info: onchip_memory2_0: "nios" instantiated altera_avalon_onchip_memory2 "onchip_memory2_0"
Info: jtag_uart_0: Starting RTL generation for module 'nios_jtag_uart_0'
Info: jtag_uart_0:   Generation command is [exec C:/altera/13.0sp1/quartus/bin/perl/bin/perl.exe -I C:/altera/13.0sp1/quartus/common/ip/altera/common/perl/5.8.3 -I C:/altera/13.0sp1/quartus/sopc_builder/bin/europa -I C:/altera/13.0sp1/quartus/sopc_builder/bin/perl_lib -I C:/altera/13.0sp1/quartus/sopc_builder/bin -I C:/altera/13.0sp1/quartus/../ip/altera/sopc_builder_ip/common -I C:/altera/13.0sp1/quartus/../ip/altera/sopc_builder_ip/altera_avalon_jtag_uart -- C:/altera/13.0sp1/quartus/../ip/altera/sopc_builder_ip/altera_avalon_jtag_uart/generate_rtl.pl --name=nios_jtag_uart_0 --dir=C:/Users/thinh/AppData/Local/Temp/alt0099_4594522330573036496.dir/0005_jtag_uart_0_gen/ --quartus_dir=C:/altera/13.0sp1/quartus --verilog --config=C:/Users/thinh/AppData/Local/Temp/alt0099_4594522330573036496.dir/0005_jtag_uart_0_gen//nios_jtag_uart_0_component_configuration.pl  --do_build_sim=0  ]
Info: jtag_uart_0: Done RTL generation for module 'nios_jtag_uart_0'
Info: jtag_uart_0: "nios" instantiated altera_avalon_jtag_uart "jtag_uart_0"
Info: switches: "nios" instantiated switches "switches"
Info: leds: "nios" instantiated leds "leds"
Info: nios2_qsys_0_instruction_master_translator: "nios" instantiated altera_merlin_master_translator "nios2_qsys_0_instruction_master_translator"
Info: nios2_qsys_0_jtag_debug_module_translator: "nios" instantiated altera_merlin_slave_translator "nios2_qsys_0_jtag_debug_module_translator"
Info: nios2_qsys_0_instruction_master_translator_avalon_universal_master_0_agent: "nios" instantiated altera_merlin_master_agent "nios2_qsys_0_instruction_master_translator_avalon_universal_master_0_agent"
Info: nios2_qsys_0_jtag_debug_module_translator_avalon_universal_slave_0_agent: "nios" instantiated altera_merlin_slave_agent "nios2_qsys_0_jtag_debug_module_translator_avalon_universal_slave_0_agent"
Info: nios2_qsys_0_jtag_debug_module_translator_avalon_universal_slave_0_agent_rsp_fifo: "nios" instantiated altera_avalon_sc_fifo "nios2_qsys_0_jtag_debug_module_translator_avalon_universal_slave_0_agent_rsp_fifo"
Info: addr_router: "nios" instantiated altera_merlin_router "addr_router"
Info: addr_router_001: "nios" instantiated altera_merlin_router "addr_router_001"
Info: id_router: "nios" instantiated altera_merlin_router "id_router"
Info: id_router_003: "nios" instantiated altera_merlin_router "id_router_003"
Info: rst_controller: "nios" instantiated altera_reset_controller "rst_controller"
Info: cmd_xbar_demux: "nios" instantiated altera_merlin_demultiplexer "cmd_xbar_demux"
Info: cmd_xbar_demux_001: "nios" instantiated altera_merlin_demultiplexer "cmd_xbar_demux_001"
Info: cmd_xbar_mux: "nios" instantiated altera_merlin_multiplexer "cmd_xbar_mux"
Info: rsp_xbar_demux: "nios" instantiated altera_merlin_demultiplexer "rsp_xbar_demux"
Info: rsp_xbar_demux_003: "nios" instantiated altera_merlin_demultiplexer "rsp_xbar_demux_003"
Info: rsp_xbar_mux: "nios" instantiated altera_merlin_multiplexer "rsp_xbar_mux"
Info: Reusing file D:/TH_SOC/LAB3/sample/nios/synthesis/submodules/altera_merlin_arbitrator.sv
Info: rsp_xbar_mux_001: "nios" instantiated altera_merlin_multiplexer "rsp_xbar_mux_001"
Info: Reusing file D:/TH_SOC/LAB3/sample/nios/synthesis/submodules/altera_merlin_arbitrator.sv
Info: irq_mapper: "nios" instantiated altera_irq_mapper "irq_mapper"
Info: nios: Done nios" with 24 modules, 69 files, 3347221 bytes
Info: ip-generate succeeded.
Info: Finished: Create HDL design files for synthesis
