Flow report for bai1
Sun Mar 23 10:22:18 2025
Quartus II 64-Bit Version 13.1.0 Build 162 10/23/2013 SJ Web Edition


---------------------
; Table of Contents ;
---------------------
  1. Legal Notice
  2. Flow Summary
  3. Flow Settings
  4. Flow Non-Default Global Settings
  5. Flow Elapsed Time
  6. Flow OS Summary
  7. Flow Log
  8. Flow Messages
  9. Flow Suppressed Messages



----------------
; Legal Notice ;
----------------
Copyright (C) 1991-2013 Altera Corporation
Your use of Altera Corporation's design tools, logic functions 
and other software and tools, and its AMPP partner logic 
functions, and any output files from any of the foregoing 
(including device programming or simulation files), and any 
associated documentation or information are expressly subject 
to the terms and conditions of the Altera Program License 
Subscription Agreement, Altera MegaCore Function License 
Agreement, or other applicable license agreement, including, 
without limitation, that your use is for the sole purpose of 
programming logic devices manufactured by Altera and sold by 
Altera or its authorized distributors.  Please refer to the 
applicable agreement for further details.



+---------------------------------------------------------------------------------+
; Flow Summary                                                                    ;
+------------------------------------+--------------------------------------------+
; Flow Status                        ; Successful - Sun Mar 23 10:22:18 2025      ;
; Quartus II 64-Bit Version          ; 13.1.0 Build 162 10/23/2013 SJ Web Edition ;
; Revision Name                      ; bai1                                       ;
; Top-level Entity Name              ; bai1                                       ;
; Family                             ; Cyclone IV E                               ;
; Device                             ; EP4CE115F29C8                              ;
; Timing Models                      ; Final                                      ;
; Total logic elements               ; 2,202 / 114,480 ( 2 % )                    ;
;     Total combinational functions  ; 2,075 / 114,480 ( 2 % )                    ;
;     Dedicated logic registers      ; 1,039 / 114,480 ( < 1 % )                  ;
; Total registers                    ; 1039                                       ;
; Total pins                         ; 3 / 529 ( < 1 % )                          ;
; Total virtual pins                 ; 0                                          ;
; Total memory bits                  ; 3,211,264 / 3,981,312 ( 81 % )             ;
; Embedded Multiplier 9-bit elements ; 0 / 532 ( 0 % )                            ;
; Total PLLs                         ; 0 / 4 ( 0 % )                              ;
+------------------------------------+--------------------------------------------+


+-----------------------------------------+
; Flow Settings                           ;
+-------------------+---------------------+
; Option            ; Setting             ;
+-------------------+---------------------+
; Start date & time ; 03/23/2025 10:21:30 ;
; Main task         ; Compilation         ;
; Revision Name     ; bai1                ;
+-------------------+---------------------+


+-----------------------------------------------------------------------------------------------------------------------------------------------------------------------+
; Flow Non-Default Global Settings                                                                                                                                      ;
+-------------------------------------+--------------------------------------------------------+---------------+---------------------------------------+----------------+
; Assignment Name                     ; Value                                                  ; Default Value ; Entity Name                           ; Section Id     ;
+-------------------------------------+--------------------------------------------------------+---------------+---------------------------------------+----------------+
; COMPILER_SIGNATURE_ID               ; 153951929594683.174270009007800                        ; --            ; --                                    ; --             ;
; EDA_OUTPUT_DATA_FORMAT              ; Vhdl                                                   ; --            ; --                                    ; eda_simulation ;
; EDA_SIMULATION_TOOL                 ; ModelSim-Altera (VHDL)                                 ; <None>        ; --                                    ; --             ;
; IP_TOOL_ENV                         ; Qsys                                                   ; --            ; altera_avalon_sc_fifo                 ; --             ;
; IP_TOOL_ENV                         ; Qsys                                                   ; --            ; altera_merlin_master_agent            ; --             ;
; IP_TOOL_ENV                         ; Qsys                                                   ; --            ; altera_merlin_master_translator       ; --             ;
; IP_TOOL_ENV                         ; Qsys                                                   ; --            ; altera_merlin_slave_agent             ; --             ;
; IP_TOOL_ENV                         ; Qsys                                                   ; --            ; altera_merlin_slave_translator        ; --             ;
; IP_TOOL_ENV                         ; Qsys                                                   ; --            ; altera_reset_controller               ; --             ;
; IP_TOOL_ENV                         ; Qsys                                                   ; --            ; nios                                  ; --             ;
; IP_TOOL_ENV                         ; Qsys                                                   ; --            ; nios_irq_mapper                       ; --             ;
; IP_TOOL_ENV                         ; Qsys                                                   ; --            ; nios_jtag_uart_0                      ; --             ;
; IP_TOOL_ENV                         ; Qsys                                                   ; --            ; nios_mm_interconnect_0                ; --             ;
; IP_TOOL_ENV                         ; Qsys                                                   ; --            ; nios_mm_interconnect_0_addr_router    ; --             ;
; IP_TOOL_ENV                         ; Qsys                                                   ; --            ; nios_mm_interconnect_0_cmd_xbar_demux ; --             ;
; IP_TOOL_ENV                         ; Qsys                                                   ; --            ; nios_mm_interconnect_0_cmd_xbar_mux   ; --             ;
; IP_TOOL_ENV                         ; Qsys                                                   ; --            ; nios_mm_interconnect_0_id_router      ; --             ;
; IP_TOOL_ENV                         ; Qsys                                                   ; --            ; nios_mm_interconnect_0_rsp_xbar_demux ; --             ;
; IP_TOOL_ENV                         ; Qsys                                                   ; --            ; nios_mm_interconnect_0_rsp_xbar_mux   ; --             ;
; IP_TOOL_ENV                         ; Qsys                                                   ; --            ; nios_nios2_qsys_0                     ; --             ;
; IP_TOOL_ENV                         ; Qsys                                                   ; --            ; nios_onchip_memory2_0                 ; --             ;
; IP_TOOL_ENV                         ; Qsys                                                   ; --            ; nios_uart_0                           ; --             ;
; IP_TOOL_NAME                        ; altera_avalon_sc_fifo                                  ; --            ; altera_avalon_sc_fifo                 ; --             ;
; IP_TOOL_NAME                        ; altera_merlin_master_agent                             ; --            ; altera_merlin_master_agent            ; --             ;
; IP_TOOL_NAME                        ; altera_merlin_master_translator                        ; --            ; altera_merlin_master_translator       ; --             ;
; IP_TOOL_NAME                        ; altera_merlin_slave_agent                              ; --            ; altera_merlin_slave_agent             ; --             ;
; IP_TOOL_NAME                        ; altera_merlin_slave_translator                         ; --            ; altera_merlin_slave_translator        ; --             ;
; IP_TOOL_NAME                        ; altera_reset_controller                                ; --            ; altera_reset_controller               ; --             ;
; IP_TOOL_NAME                        ; Qsys                                                   ; --            ; nios                                  ; --             ;
; IP_TOOL_NAME                        ; altera_irq_mapper                                      ; --            ; nios_irq_mapper                       ; --             ;
; IP_TOOL_NAME                        ; altera_avalon_jtag_uart                                ; --            ; nios_jtag_uart_0                      ; --             ;
; IP_TOOL_NAME                        ; altera_merlin_interconnect_wrapper                     ; --            ; nios_mm_interconnect_0                ; --             ;
; IP_TOOL_NAME                        ; altera_merlin_router                                   ; --            ; nios_mm_interconnect_0_addr_router    ; --             ;
; IP_TOOL_NAME                        ; altera_merlin_demultiplexer                            ; --            ; nios_mm_interconnect_0_cmd_xbar_demux ; --             ;
; IP_TOOL_NAME                        ; altera_merlin_multiplexer                              ; --            ; nios_mm_interconnect_0_cmd_xbar_mux   ; --             ;
; IP_TOOL_NAME                        ; altera_merlin_router                                   ; --            ; nios_mm_interconnect_0_id_router      ; --             ;
; IP_TOOL_NAME                        ; altera_merlin_demultiplexer                            ; --            ; nios_mm_interconnect_0_rsp_xbar_demux ; --             ;
; IP_TOOL_NAME                        ; altera_merlin_multiplexer                              ; --            ; nios_mm_interconnect_0_rsp_xbar_mux   ; --             ;
; IP_TOOL_NAME                        ; altera_nios2_qsys                                      ; --            ; nios_nios2_qsys_0                     ; --             ;
; IP_TOOL_NAME                        ; altera_avalon_onchip_memory2                           ; --            ; nios_onchip_memory2_0                 ; --             ;
; IP_TOOL_NAME                        ; altera_avalon_uart                                     ; --            ; nios_uart_0                           ; --             ;
; IP_TOOL_VERSION                     ; 13.1                                                   ; --            ; altera_avalon_sc_fifo                 ; --             ;
; IP_TOOL_VERSION                     ; 13.1                                                   ; --            ; altera_merlin_master_agent            ; --             ;
; IP_TOOL_VERSION                     ; 13.1                                                   ; --            ; altera_merlin_master_translator       ; --             ;
; IP_TOOL_VERSION                     ; 13.1                                                   ; --            ; altera_merlin_slave_agent             ; --             ;
; IP_TOOL_VERSION                     ; 13.1                                                   ; --            ; altera_merlin_slave_translator        ; --             ;
; IP_TOOL_VERSION                     ; 13.1                                                   ; --            ; altera_reset_controller               ; --             ;
; IP_TOOL_VERSION                     ; 13.1                                                   ; --            ; nios                                  ; --             ;
; IP_TOOL_VERSION                     ; 13.1                                                   ; --            ; nios_irq_mapper                       ; --             ;
; IP_TOOL_VERSION                     ; 13.1                                                   ; --            ; nios_jtag_uart_0                      ; --             ;
; IP_TOOL_VERSION                     ; 13.1                                                   ; --            ; nios_mm_interconnect_0                ; --             ;
; IP_TOOL_VERSION                     ; 13.1                                                   ; --            ; nios_mm_interconnect_0_addr_router    ; --             ;
; IP_TOOL_VERSION                     ; 13.1                                                   ; --            ; nios_mm_interconnect_0_cmd_xbar_demux ; --             ;
; IP_TOOL_VERSION                     ; 13.1                                                   ; --            ; nios_mm_interconnect_0_cmd_xbar_mux   ; --             ;
; IP_TOOL_VERSION                     ; 13.1                                                   ; --            ; nios_mm_interconnect_0_id_router      ; --             ;
; IP_TOOL_VERSION                     ; 13.1                                                   ; --            ; nios_mm_interconnect_0_rsp_xbar_demux ; --             ;
; IP_TOOL_VERSION                     ; 13.1                                                   ; --            ; nios_mm_interconnect_0_rsp_xbar_mux   ; --             ;
; IP_TOOL_VERSION                     ; 13.1                                                   ; --            ; nios_nios2_qsys_0                     ; --             ;
; IP_TOOL_VERSION                     ; 13.1                                                   ; --            ; nios_onchip_memory2_0                 ; --             ;
; IP_TOOL_VERSION                     ; 13.1                                                   ; --            ; nios_uart_0                           ; --             ;
; MAX_CORE_JUNCTION_TEMP              ; 85                                                     ; --            ; --                                    ; --             ;
; MIN_CORE_JUNCTION_TEMP              ; 0                                                      ; --            ; --                                    ; --             ;
; MISC_FILE                           ; nios/synthesis/../../nios.cmp                          ; --            ; --                                    ; --             ;
; MISC_FILE                           ; nios/synthesis/../../nios.qsys                         ; --            ; --                                    ; --             ;
; NOMINAL_CORE_SUPPLY_VOLTAGE         ; 1.2V                                                   ; --            ; --                                    ; --             ;
; PARTITION_COLOR                     ; 16764057                                               ; --            ; --                                    ; Top            ;
; PARTITION_FITTER_PRESERVATION_LEVEL ; PLACEMENT_AND_ROUTING                                  ; --            ; --                                    ; Top            ;
; PARTITION_NETLIST_TYPE              ; SOURCE                                                 ; --            ; --                                    ; Top            ;
; POWER_BOARD_THERMAL_MODEL           ; None (CONSERVATIVE)                                    ; --            ; --                                    ; --             ;
; POWER_PRESET_COOLING_SOLUTION       ; 23 MM HEAT SINK WITH 200 LFPM AIRFLOW                  ; --            ; --                                    ; --             ;
; PROJECT_OUTPUT_DIRECTORY            ; output_files                                           ; --            ; --                                    ; --             ;
; SLD_FILE                            ; nios/synthesis/nios.regmap                             ; --            ; --                                    ; --             ;
; SLD_FILE                            ; nios/synthesis/nios.debuginfo                          ; --            ; --                                    ; --             ;
; SLD_INFO                            ; QSYS_NAME nios HAS_SOPCINFO 1 GENERATION_ID 1742695419 ; --            ; nios                                  ; --             ;
; SOPCINFO_FILE                       ; nios/synthesis/../../nios.sopcinfo                     ; --            ; --                                    ; --             ;
; SYNTHESIS_ONLY_QIP                  ; On                                                     ; --            ; --                                    ; --             ;
+-------------------------------------+--------------------------------------------------------+---------------+---------------------------------------+----------------+


+-------------------------------------------------------------------------------------------------------------------------------+
; Flow Elapsed Time                                                                                                             ;
+---------------------------+--------------+-------------------------+---------------------+------------------------------------+
; Module Name               ; Elapsed Time ; Average Processors Used ; Peak Virtual Memory ; Total CPU Time (on all processors) ;
+---------------------------+--------------+-------------------------+---------------------+------------------------------------+
; Analysis & Synthesis      ; 00:00:08     ; 1.0                     ; 4784 MB             ; 00:00:09                           ;
; Fitter                    ; 00:00:18     ; 1.5                     ; 5630 MB             ; 00:00:26                           ;
; Assembler                 ; 00:00:05     ; 1.0                     ; 4643 MB             ; 00:00:05                           ;
; TimeQuest Timing Analyzer ; 00:00:03     ; 1.0                     ; 4806 MB             ; 00:00:04                           ;
; EDA Netlist Writer        ; 00:00:04     ; 1.0                     ; 4642 MB             ; 00:00:04                           ;
; Total                     ; 00:00:38     ; --                      ; --                  ; 00:00:48                           ;
+---------------------------+--------------+-------------------------+---------------------+------------------------------------+


+----------------------------------------------------------------------------------------+
; Flow OS Summary                                                                        ;
+---------------------------+------------------+-----------+------------+----------------+
; Module Name               ; Machine Hostname ; OS Name   ; OS Version ; Processor type ;
+---------------------------+------------------+-----------+------------+----------------+
; Analysis & Synthesis      ; DESKTOP-4I0IQ6A  ; Windows 7 ; 6.2        ; x86_64         ;
; Fitter                    ; DESKTOP-4I0IQ6A  ; Windows 7 ; 6.2        ; x86_64         ;
; Assembler                 ; DESKTOP-4I0IQ6A  ; Windows 7 ; 6.2        ; x86_64         ;
; TimeQuest Timing Analyzer ; DESKTOP-4I0IQ6A  ; Windows 7 ; 6.2        ; x86_64         ;
; EDA Netlist Writer        ; DESKTOP-4I0IQ6A  ; Windows 7 ; 6.2        ; x86_64         ;
+---------------------------+------------------+-----------+------------+----------------+


------------
; Flow Log ;
------------
quartus_map --read_settings_files=on --write_settings_files=off bai1 -c bai1
quartus_fit --read_settings_files=off --write_settings_files=off bai1 -c bai1
quartus_asm --read_settings_files=off --write_settings_files=off bai1 -c bai1
quartus_sta bai1 -c bai1
quartus_eda --read_settings_files=off --write_settings_files=off bai1 -c bai1



