Info: Starting: Create block symbol file (.bsf)
Info: ip-generate --project-directory=D:/TH_SOC/Lab7/ --output-directory=D:/TH_SOC/Lab7/nios_sys/ --report-file=bsf:D:/TH_SOC/Lab7/nios_sys.bsf --system-info=DEVICE_FAMILY="Cyclone IV E" --system-info=DEVICE=EP4CE115F29C8 --system-info=DEVICE_SPEEDGRADE=8 --component-file=D:/TH_SOC/Lab7/nios_sys.qsys
Progress: Loading Lab7/nios_sys.qsys
Progress: Reading input file
Progress: Adding clk_0 [clock_source 13.0]
Progress: Parameterizing module clk_0
Progress: Adding nios2_qsys_0 [altera_nios2_qsys 13.0]
Progress: Parameterizing module nios2_qsys_0
Progress: Adding onchip_memory2_0 [altera_avalon_onchip_memory2 13.0.1.99.2]
Progress: Parameterizing module onchip_memory2_0
Progress: Adding jtag_uart_0 [altera_avalon_jtag_uart 13.0.1.99.2]
Progress: Parameterizing module jtag_uart_0
Progress: Adding LCD_ON [altera_avalon_pio 13.0.1.99.2]
Progress: Parameterizing module LCD_ON
Progress: Adding LCD_EN [altera_avalon_pio 13.0.1.99.2]
Progress: Parameterizing module LCD_EN
Progress: Adding LCD_RS [altera_avalon_pio 13.0.1.99.2]
Progress: Parameterizing module LCD_RS
Progress: Adding LCD_RW [altera_avalon_pio 13.0.1.99.2]
Progress: Parameterizing module LCD_RW
Progress: Adding LCD_DATA [altera_avalon_pio 13.0.1.99.2]
Progress: Parameterizing module LCD_DATA
Progress: Building connections
Progress: Parameterizing connections
Progress: Validating
Progress: Done reading input file
Info: ip-generate succeeded.
Info: Finished: Create block symbol file (.bsf)
Info: 
Info: Starting: Create HDL design files for synthesis
Info: ip-generate --project-directory=D:/TH_SOC/Lab7/ --output-directory=D:/TH_SOC/Lab7/nios_sys/synthesis/ --file-set=QUARTUS_SYNTH --report-file=sopcinfo:D:/TH_SOC/Lab7/nios_sys.sopcinfo --report-file=html:D:/TH_SOC/Lab7/nios_sys.html --report-file=qip:D:/TH_SOC/Lab7/nios_sys/synthesis/nios_sys.qip --report-file=cmp:D:/TH_SOC/Lab7/nios_sys.cmp --report-file=svd --system-info=DEVICE_FAMILY="Cyclone IV E" --system-info=DEVICE=EP4CE115F29C8 --system-info=DEVICE_SPEEDGRADE=8 --component-file=D:/TH_SOC/Lab7/nios_sys.qsys --language=VERILOG
Progress: Loading Lab7/nios_sys.qsys
Progress: Reading input file
Progress: Adding clk_0 [clock_source 13.0]
Progress: Parameterizing module clk_0
Progress: Adding nios2_qsys_0 [altera_nios2_qsys 13.0]
Progress: Parameterizing module nios2_qsys_0
Progress: Adding onchip_memory2_0 [altera_avalon_onchip_memory2 13.0.1.99.2]
Progress: Parameterizing module onchip_memory2_0
Progress: Adding jtag_uart_0 [altera_avalon_jtag_uart 13.0.1.99.2]
Progress: Parameterizing module jtag_uart_0
Progress: Adding LCD_ON [altera_avalon_pio 13.0.1.99.2]
Progress: Parameterizing module LCD_ON
Progress: Adding LCD_EN [altera_avalon_pio 13.0.1.99.2]
Progress: Parameterizing module LCD_EN
Progress: Adding LCD_RS [altera_avalon_pio 13.0.1.99.2]
Progress: Parameterizing module LCD_RS
Progress: Adding LCD_RW [altera_avalon_pio 13.0.1.99.2]
Progress: Parameterizing module LCD_RW
Progress: Adding LCD_DATA [altera_avalon_pio 13.0.1.99.2]
Progress: Parameterizing module LCD_DATA
Progress: Building connections
Progress: Parameterizing connections
Progress: Validating
Progress: Done reading input file
Info: nios_sys: Generating nios_sys "nios_sys" for QUARTUS_SYNTH
Info: pipeline_bridge_swap_transform: After transform: 9 modules, 31 connections
Info: No custom instruction connections, skipping transform 
Info: merlin_translator_transform: After transform: 19 modules, 66 connections
Info: merlin_domain_transform: After transform: 38 modules, 178 connections
Info: merlin_router_transform: After transform: 48 modules, 213 connections
Info: reset_adaptation_transform: After transform: 50 modules, 192 connections
Info: merlin_network_to_switch_transform: After transform: 69 modules, 234 connections
Info: merlin_mm_transform: After transform: 69 modules, 234 connections
Info: merlin_interrupt_mapper_transform: After transform: 70 modules, 237 connections
Warning: nios_sys: "No matching role found for rst_controller:reset_out:reset_req (reset_req)"
Warning: nios_sys: "No matching role found for rst_controller:reset_out:reset_req (reset_req)"
Warning: nios_sys: "No matching role found for rst_controller:reset_out:reset_req (reset_req)"
Warning: nios_sys: "No matching role found for rst_controller:reset_out:reset_req (reset_req)"
Warning: nios_sys: "No matching role found for rst_controller:reset_out:reset_req (reset_req)"
Warning: nios_sys: "No matching role found for rst_controller:reset_out:reset_req (reset_req)"
Warning: nios_sys: "No matching role found for rst_controller:reset_out:reset_req (reset_req)"
Warning: nios_sys: "No matching role found for rst_controller:reset_out:reset_req (reset_req)"
Warning: nios_sys: "No matching role found for rst_controller:reset_out:reset_req (reset_req)"
Warning: nios_sys: "No matching role found for rst_controller:reset_out:reset_req (reset_req)"
Warning: nios_sys: "No matching role found for rst_controller:reset_out:reset_req (reset_req)"
Warning: nios_sys: "No matching role found for rst_controller:reset_out:reset_req (reset_req)"
Warning: nios_sys: "No matching role found for rst_controller:reset_out:reset_req (reset_req)"
Warning: nios_sys: "No matching role found for rst_controller:reset_out:reset_req (reset_req)"
Warning: nios_sys: "No matching role found for rst_controller:reset_out:reset_req (reset_req)"
Warning: nios_sys: "No matching role found for rst_controller:reset_out:reset_req (reset_req)"
Warning: nios_sys: "No matching role found for rst_controller:reset_out:reset_req (reset_req)"
Warning: nios_sys: "No matching role found for rst_controller:reset_out:reset_req (reset_req)"
Warning: nios_sys: "No matching role found for rst_controller:reset_out:reset_req (reset_req)"
Warning: nios_sys: "No matching role found for rst_controller:reset_out:reset_req (reset_req)"
Warning: nios_sys: "No matching role found for rst_controller:reset_out:reset_req (reset_req)"
Warning: nios_sys: "No matching role found for rst_controller:reset_out:reset_req (reset_req)"
Warning: nios_sys: "No matching role found for rst_controller:reset_out:reset_req (reset_req)"
Warning: nios_sys: "No matching role found for rst_controller:reset_out:reset_req (reset_req)"
Warning: nios_sys: "No matching role found for rst_controller:reset_out:reset_req (reset_req)"
Warning: nios_sys: "No matching role found for rst_controller:reset_out:reset_req (reset_req)"
Warning: nios_sys: "No matching role found for rst_controller:reset_out:reset_req (reset_req)"
Warning: nios_sys: "No matching role found for rst_controller:reset_out:reset_req (reset_req)"
Warning: nios_sys: "No matching role found for rst_controller:reset_out:reset_req (reset_req)"
Warning: nios_sys: "No matching role found for rst_controller:reset_out:reset_req (reset_req)"
Warning: nios_sys: "No matching role found for rst_controller:reset_out:reset_req (reset_req)"
Info: nios2_qsys_0: Starting RTL generation for module 'nios_sys_nios2_qsys_0'
Info: nios2_qsys_0:   Generation command is [exec C:/altera/13.0sp1/quartus/../ip/altera/nios2_ip/altera_nios2/eperl.exe -I C:/altera/13.0sp1/quartus/common/ip/altera/common/perl/5.8.3 -I C:/altera/13.0sp1/quartus/sopc_builder/bin/europa -I C:/altera/13.0sp1/quartus/sopc_builder/bin/perl_lib -I C:/altera/13.0sp1/quartus/sopc_builder/bin -I C:/altera/13.0sp1/quartus/../ip/altera/nios2_ip/altera_nios2/cpu_lib -I C:/altera/13.0sp1/quartus/../ip/altera/nios2_ip/altera_nios2/nios_lib -I C:/altera/13.0sp1/quartus/../ip/altera/nios2_ip/altera_nios2 -I C:/altera/13.0sp1/quartus/../ip/altera/nios2_ip/altera_nios2 -- C:/altera/13.0sp1/quartus/../ip/altera/nios2_ip/altera_nios2/generate_rtl.epl --name=nios_sys_nios2_qsys_0 --dir=C:/Users/thinh/AppData/Local/Temp/alt0163_2758328129799157936.dir/0001_nios2_qsys_0_gen/ --quartus_dir=C:/altera/13.0sp1/quartus --verilog --config=C:/Users/thinh/AppData/Local/Temp/alt0163_2758328129799157936.dir/0001_nios2_qsys_0_gen//nios_sys_nios2_qsys_0_processor_configuration.pl  --do_build_sim=0    --bogus  ]
Info: nios2_qsys_0: # 2025.03.16 09:07:55 (*) Starting Nios II generation
Info: nios2_qsys_0: # 2025.03.16 09:07:55 (*)   Checking for plaintext license.
Info: nios2_qsys_0: # 2025.03.16 09:07:57 (*)   LM_LICENSE_FILE environment variable is empty
Info: nios2_qsys_0: # 2025.03.16 09:07:57 (*)   Plaintext license not found.
Info: nios2_qsys_0: # 2025.03.16 09:07:57 (*)   No license required to generate encrypted Nios II/e.
Info: nios2_qsys_0: # 2025.03.16 09:07:57 (*)   Elaborating CPU configuration settings
Info: nios2_qsys_0: # 2025.03.16 09:07:57 (*)   Creating all objects for CPU
Info: nios2_qsys_0: # 2025.03.16 09:07:58 (*)   Generating RTL from CPU objects
Info: nios2_qsys_0: # 2025.03.16 09:07:58 (*)   Creating plain-text RTL
Info: nios2_qsys_0: # 2025.03.16 09:08:00 (*) Done Nios II generation
Info: nios2_qsys_0: Done RTL generation for module 'nios_sys_nios2_qsys_0'
Info: nios2_qsys_0: "nios_sys" instantiated altera_nios2_qsys "nios2_qsys_0"
Info: onchip_memory2_0: Starting RTL generation for module 'nios_sys_onchip_memory2_0'
Info: onchip_memory2_0:   Generation command is [exec C:/altera/13.0sp1/quartus/bin/perl/bin/perl.exe -I C:/altera/13.0sp1/quartus/common/ip/altera/common/perl/5.8.3 -I C:/altera/13.0sp1/quartus/sopc_builder/bin/europa -I C:/altera/13.0sp1/quartus/sopc_builder/bin/perl_lib -I C:/altera/13.0sp1/quartus/sopc_builder/bin -I C:/altera/13.0sp1/quartus/../ip/altera/sopc_builder_ip/common -I C:/altera/13.0sp1/quartus/../ip/altera/sopc_builder_ip/altera_avalon_onchip_memory2 -- C:/altera/13.0sp1/quartus/../ip/altera/sopc_builder_ip/altera_avalon_onchip_memory2/generate_rtl.pl --name=nios_sys_onchip_memory2_0 --dir=C:/Users/thinh/AppData/Local/Temp/alt0163_2758328129799157936.dir/0002_onchip_memory2_0_gen/ --quartus_dir=C:/altera/13.0sp1/quartus --verilog --config=C:/Users/thinh/AppData/Local/Temp/alt0163_2758328129799157936.dir/0002_onchip_memory2_0_gen//nios_sys_onchip_memory2_0_component_configuration.pl  --do_build_sim=0  ]
Info: onchip_memory2_0: Done RTL generation for module 'nios_sys_onchip_memory2_0'
Info: onchip_memory2_0: "nios_sys" instantiated altera_avalon_onchip_memory2 "onchip_memory2_0"
Info: jtag_uart_0: Starting RTL generation for module 'nios_sys_jtag_uart_0'
Info: jtag_uart_0:   Generation command is [exec C:/altera/13.0sp1/quartus/bin/perl/bin/perl.exe -I C:/altera/13.0sp1/quartus/common/ip/altera/common/perl/5.8.3 -I C:/altera/13.0sp1/quartus/sopc_builder/bin/europa -I C:/altera/13.0sp1/quartus/sopc_builder/bin/perl_lib -I C:/altera/13.0sp1/quartus/sopc_builder/bin -I C:/altera/13.0sp1/quartus/../ip/altera/sopc_builder_ip/common -I C:/altera/13.0sp1/quartus/../ip/altera/sopc_builder_ip/altera_avalon_jtag_uart -- C:/altera/13.0sp1/quartus/../ip/altera/sopc_builder_ip/altera_avalon_jtag_uart/generate_rtl.pl --name=nios_sys_jtag_uart_0 --dir=C:/Users/thinh/AppData/Local/Temp/alt0163_2758328129799157936.dir/0003_jtag_uart_0_gen/ --quartus_dir=C:/altera/13.0sp1/quartus --verilog --config=C:/Users/thinh/AppData/Local/Temp/alt0163_2758328129799157936.dir/0003_jtag_uart_0_gen//nios_sys_jtag_uart_0_component_configuration.pl  --do_build_sim=0  ]
Info: jtag_uart_0: Done RTL generation for module 'nios_sys_jtag_uart_0'
Info: jtag_uart_0: "nios_sys" instantiated altera_avalon_jtag_uart "jtag_uart_0"
Info: LCD_ON: Starting RTL generation for module 'nios_sys_LCD_ON'
Info: LCD_ON:   Generation command is [exec C:/altera/13.0sp1/quartus/bin/perl/bin/perl.exe -I C:/altera/13.0sp1/quartus/common/ip/altera/common/perl/5.8.3 -I C:/altera/13.0sp1/quartus/sopc_builder/bin/europa -I C:/altera/13.0sp1/quartus/sopc_builder/bin/perl_lib -I C:/altera/13.0sp1/quartus/sopc_builder/bin -I C:/altera/13.0sp1/quartus/../ip/altera/sopc_builder_ip/common -I C:/altera/13.0sp1/quartus/../ip/altera/sopc_builder_ip/altera_avalon_pio -- C:/altera/13.0sp1/quartus/../ip/altera/sopc_builder_ip/altera_avalon_pio/generate_rtl.pl --name=nios_sys_LCD_ON --dir=C:/Users/thinh/AppData/Local/Temp/alt0163_2758328129799157936.dir/0004_LCD_ON_gen/ --quartus_dir=C:/altera/13.0sp1/quartus --verilog --config=C:/Users/thinh/AppData/Local/Temp/alt0163_2758328129799157936.dir/0004_LCD_ON_gen//nios_sys_LCD_ON_component_configuration.pl  --do_build_sim=0  ]
Info: LCD_ON: Done RTL generation for module 'nios_sys_LCD_ON'
Info: LCD_ON: "nios_sys" instantiated altera_avalon_pio "LCD_ON"
Info: LCD_DATA: Starting RTL generation for module 'nios_sys_LCD_DATA'
Info: LCD_DATA:   Generation command is [exec C:/altera/13.0sp1/quartus/bin/perl/bin/perl.exe -I C:/altera/13.0sp1/quartus/common/ip/altera/common/perl/5.8.3 -I C:/altera/13.0sp1/quartus/sopc_builder/bin/europa -I C:/altera/13.0sp1/quartus/sopc_builder/bin/perl_lib -I C:/altera/13.0sp1/quartus/sopc_builder/bin -I C:/altera/13.0sp1/quartus/../ip/altera/sopc_builder_ip/common -I C:/altera/13.0sp1/quartus/../ip/altera/sopc_builder_ip/altera_avalon_pio -- C:/altera/13.0sp1/quartus/../ip/altera/sopc_builder_ip/altera_avalon_pio/generate_rtl.pl --name=nios_sys_LCD_DATA --dir=C:/Users/thinh/AppData/Local/Temp/alt0163_2758328129799157936.dir/0005_LCD_DATA_gen/ --quartus_dir=C:/altera/13.0sp1/quartus --verilog --config=C:/Users/thinh/AppData/Local/Temp/alt0163_2758328129799157936.dir/0005_LCD_DATA_gen//nios_sys_LCD_DATA_component_configuration.pl  --do_build_sim=0  ]
Info: LCD_DATA: Done RTL generation for module 'nios_sys_LCD_DATA'
Info: LCD_DATA: "nios_sys" instantiated altera_avalon_pio "LCD_DATA"
Info: nios2_qsys_0_instruction_master_translator: "nios_sys" instantiated altera_merlin_master_translator "nios2_qsys_0_instruction_master_translator"
Info: nios2_qsys_0_jtag_debug_module_translator: "nios_sys" instantiated altera_merlin_slave_translator "nios2_qsys_0_jtag_debug_module_translator"
Info: nios2_qsys_0_instruction_master_translator_avalon_universal_master_0_agent: "nios_sys" instantiated altera_merlin_master_agent "nios2_qsys_0_instruction_master_translator_avalon_universal_master_0_agent"
Info: nios2_qsys_0_jtag_debug_module_translator_avalon_universal_slave_0_agent: "nios_sys" instantiated altera_merlin_slave_agent "nios2_qsys_0_jtag_debug_module_translator_avalon_universal_slave_0_agent"
Info: nios2_qsys_0_jtag_debug_module_translator_avalon_universal_slave_0_agent_rsp_fifo: "nios_sys" instantiated altera_avalon_sc_fifo "nios2_qsys_0_jtag_debug_module_translator_avalon_universal_slave_0_agent_rsp_fifo"
Info: addr_router: "nios_sys" instantiated altera_merlin_router "addr_router"
Info: addr_router_001: "nios_sys" instantiated altera_merlin_router "addr_router_001"
Info: id_router: "nios_sys" instantiated altera_merlin_router "id_router"
Info: id_router_003: "nios_sys" instantiated altera_merlin_router "id_router_003"
Info: rst_controller: "nios_sys" instantiated altera_reset_controller "rst_controller"
Info: cmd_xbar_demux: "nios_sys" instantiated altera_merlin_demultiplexer "cmd_xbar_demux"
Info: cmd_xbar_demux_001: "nios_sys" instantiated altera_merlin_demultiplexer "cmd_xbar_demux_001"
Info: cmd_xbar_mux: "nios_sys" instantiated altera_merlin_multiplexer "cmd_xbar_mux"
Info: rsp_xbar_demux: "nios_sys" instantiated altera_merlin_demultiplexer "rsp_xbar_demux"
Info: rsp_xbar_demux_003: "nios_sys" instantiated altera_merlin_demultiplexer "rsp_xbar_demux_003"
Info: rsp_xbar_mux: "nios_sys" instantiated altera_merlin_multiplexer "rsp_xbar_mux"
Info: Reusing file D:/TH_SOC/Lab7/nios_sys/synthesis/submodules/altera_merlin_arbitrator.sv
Info: rsp_xbar_mux_001: "nios_sys" instantiated altera_merlin_multiplexer "rsp_xbar_mux_001"
Info: Reusing file D:/TH_SOC/Lab7/nios_sys/synthesis/submodules/altera_merlin_arbitrator.sv
Info: irq_mapper: "nios_sys" instantiated altera_irq_mapper "irq_mapper"
Info: nios_sys: Done nios_sys" with 24 modules, 90 files, 3765002 bytes
Info: ip-generate succeeded.
Info: Finished: Create HDL design files for synthesis
