Info: Starting: Create testbench Qsys system
Info: D:/Soc/NIOS-II-Programming/Lab7/lab7_bai3/nios_sys/testbench/nios_sys.ipx
Info: ip-generate --project-directory=D:/Soc/NIOS-II-Programming/Lab7/lab7_bai3/ --output-directory=D:/Soc/NIOS-II-Programming/Lab7/lab7_bai3/ --report-file=sopcinfo:D:/Soc/NIOS-II-Programming/Lab7/lab7_bai3/nios_sys.sopcinfo --report-file=html:D:/Soc/NIOS-II-Programming/Lab7/lab7_bai3/nios_sys.html --system-info=DEVICE_FAMILY="Cyclone IV E" --system-info=DEVICE=EP4CE115F29C8 --system-info=DEVICE_SPEEDGRADE=8 --component-file=D:/Soc/NIOS-II-Programming/Lab7/lab7_bai3/nios_sys.qsys
Progress: Loading lab7_bai3/nios_sys.qsys
Progress: Reading input file
Progress: Adding clk_0 [clock_source 13.0]
Progress: Parameterizing module clk_0
Progress: Adding nios2_qsys_0 [altera_nios2_qsys 13.0]
Progress: Parameterizing module nios2_qsys_0
Progress: Adding onchip_memory2_0 [altera_avalon_onchip_memory2 13.0.1.99.2]
Progress: Parameterizing module onchip_memory2_0
Progress: Adding jtag_uart_0 [altera_avalon_jtag_uart 13.0.1.99.2]
Progress: Parameterizing module jtag_uart_0
Progress: Adding LCD_ON [altera_avalon_pio 13.0.1.99.2]
Progress: Parameterizing module LCD_ON
Progress: Adding LCD_EN [altera_avalon_pio 13.0.1.99.2]
Progress: Parameterizing module LCD_EN
Progress: Adding LCD_RS [altera_avalon_pio 13.0.1.99.2]
Progress: Parameterizing module LCD_RS
Progress: Adding LCD_RW [altera_avalon_pio 13.0.1.99.2]
Progress: Parameterizing module LCD_RW
Progress: Adding LCD_DATA [altera_avalon_pio 13.0.1.99.2]
Progress: Parameterizing module LCD_DATA
Progress: Adding led1 [altera_avalon_pio 13.0.1.99.2]
Progress: Parameterizing module led1
Progress: Adding led2 [altera_avalon_pio 13.0.1.99.2]
Progress: Parameterizing module led2
Progress: Adding led3 [altera_avalon_pio 13.0.1.99.2]
Progress: Parameterizing module led3
Progress: Adding led4 [altera_avalon_pio 13.0.1.99.2]
Progress: Parameterizing module led4
Progress: Adding led5 [altera_avalon_pio 13.0.1.99.2]
Progress: Parameterizing module led5
Progress: Adding led6 [altera_avalon_pio 13.0.1.99.2]
Progress: Parameterizing module led6
Progress: Adding led7 [altera_avalon_pio 13.0.1.99.2]
Progress: Parameterizing module led7
Progress: Adding led8 [altera_avalon_pio 13.0.1.99.2]
Progress: Parameterizing module led8
Progress: Adding uart_0 [altera_avalon_uart 13.0.1.99.2]
Progress: Parameterizing module uart_0
Progress: Adding switch0 [altera_avalon_pio 13.0.1.99.2]
Progress: Parameterizing module switch0
Progress: Adding key1 [altera_avalon_pio 13.0.1.99.2]
Progress: Parameterizing module key1
Progress: Adding key2 [altera_avalon_pio 13.0.1.99.2]
Progress: Parameterizing module key2
Progress: Adding key3 [altera_avalon_pio 13.0.1.99.2]
Progress: Parameterizing module key3
Progress: Adding timer_0 [altera_avalon_timer 13.0.1.99.2]
Progress: Parameterizing module timer_0
Progress: Building connections
Progress: Parameterizing connections
Progress: Validating
Progress: Done reading input file
Info: nios_sys.switch0: PIO inputs are not hardwired in test bench. Undefined values will be read from PIO inputs during simulation.
Info: nios_sys.key1: PIO inputs are not hardwired in test bench. Undefined values will be read from PIO inputs during simulation.
Info: nios_sys.key2: PIO inputs are not hardwired in test bench. Undefined values will be read from PIO inputs during simulation.
Info: nios_sys.key3: PIO inputs are not hardwired in test bench. Undefined values will be read from PIO inputs during simulation.
Info: ip-generate succeeded.
Info: Loading component library for testbench.
Progress: 
Progress: 
Progress: 
Progress: (1) searching C:/altera/13.0sp1/quartus/sopc_builder/bin/root_components.ipx (ipx file)
Info: Reading index C:/altera/13.0sp1/quartus/sopc_builder/bin/root_components.ipx
Info: C:/altera/13.0sp1/quartus/sopc_builder/bin/root_components.ipx: Loading now from components.ipx
Info: Reading index C:/altera/13.0sp1/quartus/sopc_builder/bin/ip_component_categories.ipx
Info: C:/altera/13.0sp1/quartus/sopc_builder/bin/ip_component_categories.ipx described 0 plugins, 0 paths, in 0.01 seconds
Info: C:/altera/13.0sp1/quartus/sopc_builder/bin/ip_component_categories.ipx matched 1 files in 0.01 seconds
Info: Reading index C:/altera/13.0sp1/ip/altera/altera_components.ipx
Info: C:/altera/13.0sp1/ip/altera/altera_components.ipx described 848 plugins, 0 paths, in 0.12 seconds
Info: C:/altera/13.0sp1/ip/**/* matched 97 files in 0.12 seconds
Info: C:/Users/Yuusei/.altera.quartus/ip/13.0sp1/**/* matched 0 files in 0.00 seconds
Info: D:/Soc/NIOS-II-Programming/Lab7/lab7_bai3/nios_sys/testbench/ip/**/* matched 0 files in 0.00 seconds
Info: Reading index D:/Soc/NIOS-II-Programming/Lab7/lab7_bai3/nios_sys/testbench/nios_sys.ipx
Progress: Loading lab7_bai3/nios_sys.qsys
Info: D:/Soc/NIOS-II-Programming/Lab7/lab7_bai3/* matched 21 files in 0.00 seconds
Info: D:/Soc/NIOS-II-Programming/Lab7/lab7_bai3/ip/**/* matched 0 files in 0.00 seconds
Info: D:/Soc/NIOS-II-Programming/Lab7/lab7_bai3/*/* matched 324 files in 0.01 seconds
Info: D:/Soc/NIOS-II-Programming/Lab7/lab7_bai3/nios_sys/testbench/nios_sys.ipx described 0 plugins, 3 paths, in 0.03 seconds
Info: D:/Soc/NIOS-II-Programming/Lab7/lab7_bai3/nios_sys/testbench/* matched 1 files in 0.03 seconds
Info: D:/Soc/NIOS-II-Programming/Lab7/lab7_bai3/nios_sys/testbench/*/* matched 0 files in 0.00 seconds
Info: Reading index C:/altera/13.0sp1/quartus/sopc_builder/builtin.ipx
Info: C:/altera/13.0sp1/quartus/sopc_builder/builtin.ipx described 103 plugins, 0 paths, in 0.01 seconds
Info: C:/altera/13.0sp1/quartus/sopc_builder/**/* matched 9 files in 0.01 seconds
Info: Reading index C:/altera/13.0sp1/quartus/common/librarian/factories/index.ipx
Info: C:/altera/13.0sp1/quartus/common/librarian/factories/index.ipx described 151 plugins, 0 paths, in 0.02 seconds
Info: C:/altera/13.0sp1/quartus/common/librarian/factories/**/* matched 4 files in 0.02 seconds
Info: C:/altera/13.0sp1/quartus/sopc_builder/bin/$IP_IPX_PATH matched 1 files in 0.00 seconds
Info: C:/altera/13.0sp1/quartus/sopc_builder/bin/root_components.ipx described 0 plugins, 9 paths, in 0.19 seconds
Info: C:/altera/13.0sp1/quartus/sopc_builder/bin/root_components.ipx matched 1 files in 0.19 seconds
Progress: 
Progress: 
Progress: 
Info: Loading presets
Progress: Loading presets
Info: Running script C:/altera/13.0sp1/quartus/sopc_builder/bin/tbgen.tcl
Info: acds::register_package_version 12.1
Info: send_message Info TB_Gen: QSYS Testbench Generator Rev: $Revision: #2 $
Info: TB_Gen: QSYS Testbench Generator Rev: $Revision: #2 $
Info: get_module_property NAME
Info: send_message Info TB_Gen: System design is: nios_sys
Info: TB_Gen: System design is: nios_sys
Info: get_interfaces 
Info: get_connections 
Info: get_interface_property clk EXPORT_OF
Info: get_instance_property clk_0 CLASS_NAME
Info: get_instance_assignment clk_0 testbench.partner.map.clk_in
Info: get_interface_property reset EXPORT_OF
Info: get_instance_property clk_0 CLASS_NAME
Info: get_instance_assignment clk_0 testbench.partner.map.clk_in_reset
Info: get_interface_property lcd_data_external_connection EXPORT_OF
Info: get_instance_property LCD_DATA CLASS_NAME
Info: get_instance_assignment LCD_DATA testbench.partner.map.external_connection
Info: get_interface_property lcd_rw_external_connection EXPORT_OF
Info: get_instance_property LCD_RW CLASS_NAME
Info: get_instance_assignment LCD_RW testbench.partner.map.external_connection
Info: get_interface_property lcd_rs_external_connection EXPORT_OF
Info: get_instance_property LCD_RS CLASS_NAME
Info: get_instance_assignment LCD_RS testbench.partner.map.external_connection
Info: get_interface_property lcd_en_external_connection EXPORT_OF
Info: get_instance_property LCD_EN CLASS_NAME
Info: get_instance_assignment LCD_EN testbench.partner.map.external_connection
Info: get_interface_property lcd_on_external_connection EXPORT_OF
Info: get_instance_property LCD_ON CLASS_NAME
Info: get_instance_assignment LCD_ON testbench.partner.map.external_connection
Info: get_interface_property led8_external_connection EXPORT_OF
Info: get_instance_property led8 CLASS_NAME
Info: get_instance_assignment led8 testbench.partner.map.external_connection
Info: get_interface_property led7_external_connection EXPORT_OF
Info: get_instance_property led7 CLASS_NAME
Info: get_instance_assignment led7 testbench.partner.map.external_connection
Info: get_interface_property led6_external_connection EXPORT_OF
Info: get_instance_property led6 CLASS_NAME
Info: get_instance_assignment led6 testbench.partner.map.external_connection
Info: get_interface_property led5_external_connection EXPORT_OF
Info: get_instance_property led5 CLASS_NAME
Info: get_instance_assignment led5 testbench.partner.map.external_connection
Info: get_interface_property led4_external_connection EXPORT_OF
Info: get_instance_property led4 CLASS_NAME
Info: get_instance_assignment led4 testbench.partner.map.external_connection
Info: get_interface_property led3_external_connection EXPORT_OF
Info: get_instance_property led3 CLASS_NAME
Info: get_instance_assignment led3 testbench.partner.map.external_connection
Info: get_interface_property led2_external_connection EXPORT_OF
Info: get_instance_property led2 CLASS_NAME
Info: get_instance_assignment led2 testbench.partner.map.external_connection
Info: get_interface_property led1_external_connection EXPORT_OF
Info: get_instance_property led1 CLASS_NAME
Info: get_instance_assignment led1 testbench.partner.map.external_connection
Info: get_interface_property uart_0_external_connection EXPORT_OF
Info: get_instance_property uart_0 CLASS_NAME
Info: get_instance_assignment uart_0 testbench.partner.map.external_connection
Info: get_interface_property switch0_external_connection EXPORT_OF
Info: get_instance_property switch0 CLASS_NAME
Info: get_instance_assignment switch0 testbench.partner.map.external_connection
Info: get_interface_property key3_external_connection EXPORT_OF
Info: get_instance_property key3 CLASS_NAME
Info: get_instance_assignment key3 testbench.partner.map.external_connection
Info: get_interface_property key2_external_connection EXPORT_OF
Info: get_instance_property key2 CLASS_NAME
Info: get_instance_assignment key2 testbench.partner.map.external_connection
Info: get_interface_property key1_external_connection EXPORT_OF
Info: get_instance_property key1 CLASS_NAME
Info: get_instance_assignment key1 testbench.partner.map.external_connection
Info: send_message Info TB_Gen: Creating testbench system : nios_sys_tb with clock and reset BFMs
Info: TB_Gen: Creating testbench system : nios_sys_tb with clock and reset BFMs
Info: create_system nios_sys_tb
Info: add_instance nios_sys_inst nios_sys 
Info: set_use_testbench_naming_pattern true
Info: get_instance_interfaces nios_sys_inst
Info: get_instance_interface_property nios_sys_inst clk CLASS_NAME
Info: get_instance_interface_property nios_sys_inst reset CLASS_NAME
Info: get_instance_interface_property nios_sys_inst lcd_data_external_connection CLASS_NAME
Info: get_instance_interface_property nios_sys_inst lcd_rw_external_connection CLASS_NAME
Info: get_instance_interface_property nios_sys_inst lcd_rs_external_connection CLASS_NAME
Info: get_instance_interface_property nios_sys_inst lcd_en_external_connection CLASS_NAME
Info: get_instance_interface_property nios_sys_inst lcd_on_external_connection CLASS_NAME
Info: get_instance_interface_property nios_sys_inst led8_external_connection CLASS_NAME
Info: get_instance_interface_property nios_sys_inst led7_external_connection CLASS_NAME
Info: get_instance_interface_property nios_sys_inst led6_external_connection CLASS_NAME
Info: get_instance_interface_property nios_sys_inst led5_external_connection CLASS_NAME
Info: get_instance_interface_property nios_sys_inst led4_external_connection CLASS_NAME
Info: get_instance_interface_property nios_sys_inst led3_external_connection CLASS_NAME
Info: get_instance_interface_property nios_sys_inst led2_external_connection CLASS_NAME
Info: get_instance_interface_property nios_sys_inst led1_external_connection CLASS_NAME
Info: get_instance_interface_property nios_sys_inst uart_0_external_connection CLASS_NAME
Info: get_instance_interface_property nios_sys_inst switch0_external_connection CLASS_NAME
Info: get_instance_interface_property nios_sys_inst key3_external_connection CLASS_NAME
Info: get_instance_interface_property nios_sys_inst key2_external_connection CLASS_NAME
Info: get_instance_interface_property nios_sys_inst key1_external_connection CLASS_NAME
Info: get_instance_interface_property nios_sys_inst clk CLASS_NAME
Info: send_message Info TB_Gen: clock_sink found: clk
Info: TB_Gen: clock_sink found: clk
Info: get_instance_interface_property nios_sys_inst clk CLASS_NAME
Info: add_instance nios_sys_inst_clk_bfm altera_avalon_clock_source 
Info: get_instance_property nios_sys_inst_clk_bfm CLASS_NAME
Info: get_instance_interface_parameter_value nios_sys_inst clk clockRate
Info: set_instance_parameter_value nios_sys_inst_clk_bfm CLOCK_RATE 50000000.0
Info: set_instance_parameter_value nios_sys_inst_clk_bfm CLOCK_UNIT 1
Info: get_instance_property nios_sys_inst_clk_bfm CLASS_NAME
Info: get_instance_interface_property nios_sys_inst clk CLASS_NAME
Info: get_instance_interfaces nios_sys_inst_clk_bfm
Info: get_instance_interface_property nios_sys_inst_clk_bfm clk CLASS_NAME
Info: add_connection nios_sys_inst_clk_bfm.clk nios_sys_inst.clk
Info: get_instance_interface_property nios_sys_inst reset CLASS_NAME
Info: send_message Info TB_Gen: reset_sink found: reset
Info: TB_Gen: reset_sink found: reset
Info: get_instance_interface_property nios_sys_inst reset CLASS_NAME
Info: add_instance nios_sys_inst_reset_bfm altera_avalon_reset_source 
Info: get_instance_property nios_sys_inst_reset_bfm CLASS_NAME
Info: get_instance_interface_ports nios_sys_inst reset
Info: get_instance_interface_port_property nios_sys_inst reset reset_reset_n ROLE
Info: set_instance_parameter_value nios_sys_inst_reset_bfm ASSERT_HIGH_RESET 0
Info: set_instance_parameter_value nios_sys_inst_reset_bfm INITIAL_RESET_CYCLES 50
Info: get_instance_property nios_sys_inst_reset_bfm CLASS_NAME
Info: get_instance_interfaces nios_sys_inst_reset_bfm
Info: get_instance_interface_property nios_sys_inst_reset_bfm reset CLASS_NAME
Info: get_instance_interface_property nios_sys_inst_reset_bfm clk CLASS_NAME
Info: get_instance_property nios_sys_inst_reset_bfm CLASS_NAME
Info: get_instance_interface_parameter_value nios_sys_inst reset associatedClock
Info: get_instance_interfaces nios_sys_inst_clk_bfm
Info: get_instance_interface_property nios_sys_inst_clk_bfm clk CLASS_NAME
Info: send_message Warning TB_Gen: nios_sys_inst_reset_bfm is not associated to any clock; connecting nios_sys_inst_reset_bfm to 'nios_sys_inst_clk_bfm.clk'
Warning: TB_Gen: nios_sys_inst_reset_bfm is not associated to any clock; connecting nios_sys_inst_reset_bfm to 'nios_sys_inst_clk_bfm.clk'
Info: add_connection nios_sys_inst_clk_bfm.clk nios_sys_inst_reset_bfm.clk
Info: get_instance_interface_property nios_sys_inst reset CLASS_NAME
Info: get_instance_interfaces nios_sys_inst_reset_bfm
Info: get_instance_interface_property nios_sys_inst_reset_bfm reset CLASS_NAME
Info: get_instance_interface_property nios_sys_inst_reset_bfm clk CLASS_NAME
Info: add_connection nios_sys_inst_reset_bfm.reset nios_sys_inst.reset
Info: send_message Info TB_Gen: Saving testbench system: nios_sys_tb.qsys
Info: TB_Gen: Saving testbench system: nios_sys_tb.qsys
Info: save_system nios_sys_tb.qsys
Info: send_message Info TB_Gen: TBGEN SUCCESSFUL
Info: TB_Gen: TBGEN SUCCESSFUL
Info: Testbench system: D:/Soc/NIOS-II-Programming/Lab7/lab7_bai3/nios_sys/testbench/nios_sys_tb.qsys
Info: Done
Info: ip-generate --project-directory=D:/Soc/NIOS-II-Programming/Lab7/lab7_bai3/nios_sys/testbench/ --output-directory=D:/Soc/NIOS-II-Programming/Lab7/lab7_bai3/nios_sys/testbench/nios_sys_tb/simulation/ --file-set=SIM_VERILOG --report-file=html:D:/Soc/NIOS-II-Programming/Lab7/lab7_bai3/nios_sys/testbench/nios_sys_tb.html --system-info=DEVICE_FAMILY="Cyclone IV E" --system-info=DEVICE=EP4CE115F29C8 --system-info=DEVICE_SPEEDGRADE=8 --component-file=D:/Soc/NIOS-II-Programming/Lab7/lab7_bai3/nios_sys/testbench/nios_sys_tb.qsys --report-file=csv:D:/Soc/NIOS-II-Programming/Lab7/lab7_bai3/nios_sys_tb.csv --report-file=spd:D:/Soc/NIOS-II-Programming/Lab7/lab7_bai3/nios_sys_tb.spd
Progress: Loading testbench/nios_sys_tb.qsys
Progress: Reading input file
Progress: Adding nios_sys_inst [nios_sys 1.0]
Progress: Parameterizing module nios_sys_inst
Progress: Adding nios_sys_inst_clk_bfm [altera_avalon_clock_source 13.0]
Progress: Parameterizing module nios_sys_inst_clk_bfm
Progress: Adding nios_sys_inst_reset_bfm [altera_avalon_reset_source 13.0]
Progress: Parameterizing module nios_sys_inst_reset_bfm
Progress: Building connections
Progress: Parameterizing connections
Progress: Validating
Progress: Done reading input file
Info: nios_sys_tb.nios_sys_inst.switch0: PIO inputs are not hardwired in test bench. Undefined values will be read from PIO inputs during simulation.
Info: nios_sys_tb.nios_sys_inst.key1: PIO inputs are not hardwired in test bench. Undefined values will be read from PIO inputs during simulation.
Info: nios_sys_tb.nios_sys_inst.key2: PIO inputs are not hardwired in test bench. Undefined values will be read from PIO inputs during simulation.
Info: nios_sys_tb.nios_sys_inst.key3: PIO inputs are not hardwired in test bench. Undefined values will be read from PIO inputs during simulation.
Info: nios_sys_tb.nios_sys_inst_clk_bfm: Elaborate: altera_clock_source
Info: nios_sys_tb.nios_sys_inst_clk_bfm:            $Revision: #1 $
Info: nios_sys_tb.nios_sys_inst_clk_bfm:            $Date: 2013/03/07 $
Info: nios_sys_tb.nios_sys_inst_reset_bfm: Elaborate: altera_reset_source
Info: nios_sys_tb.nios_sys_inst_reset_bfm:            $Revision: #1 $
Info: nios_sys_tb.nios_sys_inst_reset_bfm:            $Date: 2013/03/07 $
Info: nios_sys_tb.nios_sys_inst_reset_bfm: Reset is negatively asserted.
Warning: nios_sys_tb.nios_sys_inst: nios_sys_inst.lcd_data_external_connection must be exported, or connected to a matching conduit.
Warning: nios_sys_tb.nios_sys_inst: nios_sys_inst.lcd_rw_external_connection must be exported, or connected to a matching conduit.
Warning: nios_sys_tb.nios_sys_inst: nios_sys_inst.lcd_rs_external_connection must be exported, or connected to a matching conduit.
Warning: nios_sys_tb.nios_sys_inst: nios_sys_inst.lcd_en_external_connection must be exported, or connected to a matching conduit.
Warning: nios_sys_tb.nios_sys_inst: nios_sys_inst.lcd_on_external_connection must be exported, or connected to a matching conduit.
Warning: nios_sys_tb.nios_sys_inst: nios_sys_inst.led8_external_connection must be exported, or connected to a matching conduit.
Warning: nios_sys_tb.nios_sys_inst: nios_sys_inst.led7_external_connection must be exported, or connected to a matching conduit.
Warning: nios_sys_tb.nios_sys_inst: nios_sys_inst.led6_external_connection must be exported, or connected to a matching conduit.
Warning: nios_sys_tb.nios_sys_inst: nios_sys_inst.led5_external_connection must be exported, or connected to a matching conduit.
Warning: nios_sys_tb.nios_sys_inst: nios_sys_inst.led4_external_connection must be exported, or connected to a matching conduit.
Warning: nios_sys_tb.nios_sys_inst: nios_sys_inst.led3_external_connection must be exported, or connected to a matching conduit.
Warning: nios_sys_tb.nios_sys_inst: nios_sys_inst.led2_external_connection must be exported, or connected to a matching conduit.
Warning: nios_sys_tb.nios_sys_inst: nios_sys_inst.led1_external_connection must be exported, or connected to a matching conduit.
Warning: nios_sys_tb.nios_sys_inst: nios_sys_inst.uart_0_external_connection must be exported, or connected to a matching conduit.
Warning: nios_sys_tb.nios_sys_inst: nios_sys_inst.switch0_external_connection must be exported, or connected to a matching conduit.
Warning: nios_sys_tb.nios_sys_inst: nios_sys_inst.key3_external_connection must be exported, or connected to a matching conduit.
Warning: nios_sys_tb.nios_sys_inst: nios_sys_inst.key2_external_connection must be exported, or connected to a matching conduit.
Warning: nios_sys_tb.nios_sys_inst: nios_sys_inst.key1_external_connection must be exported, or connected to a matching conduit.
Info: nios_sys_tb: Generating nios_sys_tb "nios_sys_tb" for SIM_VERILOG
Info: pipeline_bridge_swap_transform: After transform: 3 modules, 3 connections
Info: No custom instruction connections, skipping transform 
Info: No Avalon connections, skipping transform 
Info: merlin_translator_transform: After transform: 3 modules, 3 connections
Info: pipeline_bridge_swap_transform: After transform: 23 modules, 98 connections
Info: No custom instruction connections, skipping transform 
Info: merlin_translator_transform: After transform: 47 modules, 183 connections
Info: merlin_domain_transform: After transform: 94 modules, 459 connections
Info: merlin_router_transform: After transform: 118 modules, 544 connections
Info: reset_adaptation_transform: After transform: 120 modules, 475 connections
Info: merlin_network_to_switch_transform: After transform: 167 modules, 601 connections
Info: merlin_mm_transform: After transform: 167 modules, 601 connections
Info: merlin_interrupt_mapper_transform: After transform: 168 modules, 604 connections
Warning: nios_sys_inst: "No matching role found for uart_0:s1:dataavailable (dataavailable)"
Warning: nios_sys_inst: "No matching role found for uart_0:s1:readyfordata (readyfordata)"
Warning: nios_sys_inst: "No matching role found for rst_controller:reset_out:reset_req (reset_req)"
Warning: nios_sys_inst: "No matching role found for rst_controller:reset_out:reset_req (reset_req)"
Warning: nios_sys_inst: "No matching role found for rst_controller:reset_out:reset_req (reset_req)"
Warning: nios_sys_inst: "No matching role found for rst_controller:reset_out:reset_req (reset_req)"
Warning: nios_sys_inst: "No matching role found for rst_controller:reset_out:reset_req (reset_req)"
Warning: nios_sys_inst: "No matching role found for rst_controller:reset_out:reset_req (reset_req)"
Warning: nios_sys_inst: "No matching role found for rst_controller:reset_out:reset_req (reset_req)"
Warning: nios_sys_inst: "No matching role found for rst_controller:reset_out:reset_req (reset_req)"
Warning: nios_sys_inst: "No matching role found for rst_controller:reset_out:reset_req (reset_req)"
Warning: nios_sys_inst: "No matching role found for rst_controller:reset_out:reset_req (reset_req)"
Warning: nios_sys_inst: "No matching role found for rst_controller:reset_out:reset_req (reset_req)"
Warning: nios_sys_inst: "No matching role found for rst_controller:reset_out:reset_req (reset_req)"
Warning: nios_sys_inst: "No matching role found for rst_controller:reset_out:reset_req (reset_req)"
Warning: nios_sys_inst: "No matching role found for rst_controller:reset_out:reset_req (reset_req)"
Warning: nios_sys_inst: "No matching role found for rst_controller:reset_out:reset_req (reset_req)"
Warning: nios_sys_inst: "No matching role found for rst_controller:reset_out:reset_req (reset_req)"
Warning: nios_sys_inst: "No matching role found for rst_controller:reset_out:reset_req (reset_req)"
Warning: nios_sys_inst: "No matching role found for rst_controller:reset_out:reset_req (reset_req)"
Warning: nios_sys_inst: "No matching role found for rst_controller:reset_out:reset_req (reset_req)"
Warning: nios_sys_inst: "No matching role found for rst_controller:reset_out:reset_req (reset_req)"
Warning: nios_sys_inst: "No matching role found for rst_controller:reset_out:reset_req (reset_req)"
Warning: nios_sys_inst: "No matching role found for rst_controller:reset_out:reset_req (reset_req)"
Warning: nios_sys_inst: "No matching role found for rst_controller:reset_out:reset_req (reset_req)"
Warning: nios_sys_inst: "No matching role found for rst_controller:reset_out:reset_req (reset_req)"
Warning: nios_sys_inst: "No matching role found for rst_controller:reset_out:reset_req (reset_req)"
Warning: nios_sys_inst: "No matching role found for rst_controller:reset_out:reset_req (reset_req)"
Warning: nios_sys_inst: "No matching role found for rst_controller:reset_out:reset_req (reset_req)"
Warning: nios_sys_inst: "No matching role found for rst_controller:reset_out:reset_req (reset_req)"
Warning: nios_sys_inst: "No matching role found for rst_controller:reset_out:reset_req (reset_req)"
Warning: nios_sys_inst: "No matching role found for rst_controller:reset_out:reset_req (reset_req)"
Warning: nios_sys_inst: "No matching role found for rst_controller:reset_out:reset_req (reset_req)"
Warning: nios_sys_inst: "No matching role found for rst_controller:reset_out:reset_req (reset_req)"
Warning: nios_sys_inst: "No matching role found for rst_controller:reset_out:reset_req (reset_req)"
Warning: nios_sys_inst: "No matching role found for rst_controller:reset_out:reset_req (reset_req)"
Warning: nios_sys_inst: "No matching role found for rst_controller:reset_out:reset_req (reset_req)"
Warning: nios_sys_inst: "No matching role found for rst_controller:reset_out:reset_req (reset_req)"
Warning: nios_sys_inst: "No matching role found for rst_controller:reset_out:reset_req (reset_req)"
Warning: nios_sys_inst: "No matching role found for rst_controller:reset_out:reset_req (reset_req)"
Warning: nios_sys_inst: "No matching role found for rst_controller:reset_out:reset_req (reset_req)"
Warning: nios_sys_inst: "No matching role found for rst_controller:reset_out:reset_req (reset_req)"
Warning: nios_sys_inst: "No matching role found for rst_controller:reset_out:reset_req (reset_req)"
Warning: nios_sys_inst: "No matching role found for rst_controller:reset_out:reset_req (reset_req)"
Warning: nios_sys_inst: "No matching role found for rst_controller:reset_out:reset_req (reset_req)"
Warning: nios_sys_inst: "No matching role found for rst_controller:reset_out:reset_req (reset_req)"
Warning: nios_sys_inst: "No matching role found for rst_controller:reset_out:reset_req (reset_req)"
Warning: nios_sys_inst: "No matching role found for rst_controller:reset_out:reset_req (reset_req)"
Warning: nios_sys_inst: "No matching role found for rst_controller:reset_out:reset_req (reset_req)"
Warning: nios_sys_inst: "No matching role found for rst_controller:reset_out:reset_req (reset_req)"
Warning: nios_sys_inst: "No matching role found for rst_controller:reset_out:reset_req (reset_req)"
Warning: nios_sys_inst: "No matching role found for rst_controller:reset_out:reset_req (reset_req)"
Warning: nios_sys_inst: "No matching role found for rst_controller:reset_out:reset_req (reset_req)"
Warning: nios_sys_inst: "No matching role found for rst_controller:reset_out:reset_req (reset_req)"
Warning: nios_sys_inst: "No matching role found for rst_controller:reset_out:reset_req (reset_req)"
Warning: nios_sys_inst: "No matching role found for rst_controller:reset_out:reset_req (reset_req)"
Warning: nios_sys_inst: "No matching role found for rst_controller:reset_out:reset_req (reset_req)"
Warning: nios_sys_inst: "No matching role found for rst_controller:reset_out:reset_req (reset_req)"
Warning: nios_sys_inst: "No matching role found for rst_controller:reset_out:reset_req (reset_req)"
Warning: nios_sys_inst: "No matching role found for rst_controller:reset_out:reset_req (reset_req)"
Warning: nios_sys_inst: "No matching role found for rst_controller:reset_out:reset_req (reset_req)"
Warning: nios_sys_inst: "No matching role found for rst_controller:reset_out:reset_req (reset_req)"
Warning: nios_sys_inst: "No matching role found for rst_controller:reset_out:reset_req (reset_req)"
Warning: nios_sys_inst: "No matching role found for rst_controller:reset_out:reset_req (reset_req)"
Warning: nios_sys_inst: "No matching role found for rst_controller:reset_out:reset_req (reset_req)"
Warning: nios_sys_inst: "No matching role found for rst_controller:reset_out:reset_req (reset_req)"
Warning: nios_sys_inst: "No matching role found for rst_controller:reset_out:reset_req (reset_req)"
Warning: nios_sys_inst: "No matching role found for rst_controller:reset_out:reset_req (reset_req)"
Warning: nios_sys_inst: "No matching role found for rst_controller:reset_out:reset_req (reset_req)"
Warning: nios_sys_inst: "No matching role found for rst_controller:reset_out:reset_req (reset_req)"
Warning: nios_sys_inst: "No matching role found for rst_controller:reset_out:reset_req (reset_req)"
Warning: nios_sys_inst: "No matching role found for rst_controller:reset_out:reset_req (reset_req)"
Warning: nios_sys_inst: "No matching role found for rst_controller:reset_out:reset_req (reset_req)"
Warning: nios_sys_inst: "No matching role found for rst_controller:reset_out:reset_req (reset_req)"
Warning: nios_sys_inst: "No matching role found for rst_controller:reset_out:reset_req (reset_req)"
Warning: nios_sys_inst: "No matching role found for rst_controller:reset_out:reset_req (reset_req)"
Warning: nios_sys_inst: "No matching role found for rst_controller:reset_out:reset_req (reset_req)"
Warning: nios_sys_inst: "No matching role found for rst_controller:reset_out:reset_req (reset_req)"
Warning: nios_sys_inst: "No matching role found for rst_controller:reset_out:reset_req (reset_req)"
Warning: nios_sys_inst: "No matching role found for rst_controller:reset_out:reset_req (reset_req)"
Warning: nios_sys_inst: "No matching role found for rst_controller:reset_out:reset_req (reset_req)"
Warning: nios_sys_inst: "No matching role found for rst_controller:reset_out:reset_req (reset_req)"
Warning: nios_sys_inst: "No matching role found for rst_controller:reset_out:reset_req (reset_req)"
Warning: nios_sys_inst: "No matching role found for rst_controller:reset_out:reset_req (reset_req)"
Warning: nios_sys_inst: "No matching role found for rst_controller:reset_out:reset_req (reset_req)"
Warning: nios_sys_inst: "No matching role found for rst_controller:reset_out:reset_req (reset_req)"
Warning: nios_sys_inst: "No matching role found for rst_controller:reset_out:reset_req (reset_req)"
Warning: nios_sys_inst: "No matching role found for rst_controller:reset_out:reset_req (reset_req)"
Warning: nios_sys_inst: "No matching role found for rst_controller:reset_out:reset_req (reset_req)"
Info: nios_sys_inst: "nios_sys_tb" instantiated nios_sys "nios_sys_inst"
Info: nios_sys_inst_clk_bfm: "nios_sys_tb" instantiated altera_avalon_clock_source "nios_sys_inst_clk_bfm"
Info: nios_sys_inst_reset_bfm: "nios_sys_tb" instantiated altera_avalon_reset_source "nios_sys_inst_reset_bfm"
Info: Reusing file D:/Soc/NIOS-II-Programming/Lab7/lab7_bai3/nios_sys/testbench/nios_sys_tb/simulation/submodules/verbosity_pkg.sv
Info: nios2_qsys_0: Starting RTL generation for module 'nios_sys_nios2_qsys_0'
Info: nios2_qsys_0:   Generation command is [exec C:/altera/13.0sp1/quartus/../ip/altera/nios2_ip/altera_nios2/eperl.exe -I C:/altera/13.0sp1/quartus/common/ip/altera/common/perl/5.8.3 -I C:/altera/13.0sp1/quartus/sopc_builder/bin/europa -I C:/altera/13.0sp1/quartus/sopc_builder/bin/perl_lib -I C:/altera/13.0sp1/quartus/sopc_builder/bin -I C:/altera/13.0sp1/quartus/../ip/altera/nios2_ip/altera_nios2/cpu_lib -I C:/altera/13.0sp1/quartus/../ip/altera/nios2_ip/altera_nios2/nios_lib -I C:/altera/13.0sp1/quartus/../ip/altera/nios2_ip/altera_nios2 -I C:/altera/13.0sp1/quartus/../ip/altera/nios2_ip/altera_nios2 -- C:/altera/13.0sp1/quartus/../ip/altera/nios2_ip/altera_nios2/generate_rtl.epl --name=nios_sys_nios2_qsys_0 --dir=C:/Users/Yuusei/AppData/Local/Temp/alt0203_554039374200833862.dir/0003_nios2_qsys_0_gen/ --quartus_dir=C:/altera/13.0sp1/quartus --verilog --config=C:/Users/Yuusei/AppData/Local/Temp/alt0203_554039374200833862.dir/0003_nios2_qsys_0_gen//nios_sys_nios2_qsys_0_processor_configuration.pl  --do_build_sim=1    --sim_dir=C:/Users/Yuusei/AppData/Local/Temp/alt0203_554039374200833862.dir/0003_nios2_qsys_0_gen/    --bogus  ]
Info: nios2_qsys_0: # 2025.04.25 20:28:01 (*) Starting Nios II generation
Info: nios2_qsys_0: # 2025.04.25 20:28:01 (*)   Checking for plaintext license.
Info: nios2_qsys_0: # 2025.04.25 20:28:03 (*)   Couldn't query license setup in Quartus directory C:/altera/13.0sp1/quartus
Info: nios2_qsys_0: # 2025.04.25 20:28:03 (*)   Defaulting to contents of LM_LICENSE_FILE environment variable
Info: nios2_qsys_0: # 2025.04.25 20:28:03 (*)   LM_LICENSE_FILE environment variable is empty
Info: nios2_qsys_0: # 2025.04.25 20:28:03 (*)   Plaintext license not found.
Info: nios2_qsys_0: # 2025.04.25 20:28:03 (*)   No license required to generate encrypted Nios II/e.
Info: nios2_qsys_0: # 2025.04.25 20:28:03 (*)   Elaborating CPU configuration settings
Info: nios2_qsys_0: # 2025.04.25 20:28:03 (*)   Creating all objects for CPU
Info: nios2_qsys_0: # 2025.04.25 20:28:05 (*)   Creating 'C:/Users/Yuusei/AppData/Local/Temp/alt0203_554039374200833862.dir/0003_nios2_qsys_0_gen//nios_sys_nios2_qsys_0_nios2_waves.do'
Info: nios2_qsys_0: # 2025.04.25 20:28:05 (*)   Generating RTL from CPU objects
Info: nios2_qsys_0: # 2025.04.25 20:28:05 (*)   Creating plain-text RTL
Info: nios2_qsys_0: # 2025.04.25 20:28:07 (*) Done Nios II generation
Info: nios2_qsys_0: Done RTL generation for module 'nios_sys_nios2_qsys_0'
Info: nios2_qsys_0: "nios_sys_inst" instantiated altera_nios2_qsys "nios2_qsys_0"
Info: onchip_memory2_0: Starting RTL generation for module 'nios_sys_onchip_memory2_0'
Info: onchip_memory2_0:   Generation command is [exec C:/altera/13.0sp1/quartus/bin/perl/bin/perl.exe -I C:/altera/13.0sp1/quartus/common/ip/altera/common/perl/5.8.3 -I C:/altera/13.0sp1/quartus/sopc_builder/bin/europa -I C:/altera/13.0sp1/quartus/sopc_builder/bin/perl_lib -I C:/altera/13.0sp1/quartus/sopc_builder/bin -I C:/altera/13.0sp1/quartus/../ip/altera/sopc_builder_ip/common -I C:/altera/13.0sp1/quartus/../ip/altera/sopc_builder_ip/altera_avalon_onchip_memory2 -- C:/altera/13.0sp1/quartus/../ip/altera/sopc_builder_ip/altera_avalon_onchip_memory2/generate_rtl.pl --name=nios_sys_onchip_memory2_0 --dir=C:/Users/Yuusei/AppData/Local/Temp/alt0203_554039374200833862.dir/0004_onchip_memory2_0_gen/ --quartus_dir=C:/altera/13.0sp1/quartus --verilog --config=C:/Users/Yuusei/AppData/Local/Temp/alt0203_554039374200833862.dir/0004_onchip_memory2_0_gen//nios_sys_onchip_memory2_0_component_configuration.pl  --do_build_sim=1    --sim_dir=C:/Users/Yuusei/AppData/Local/Temp/alt0203_554039374200833862.dir/0004_onchip_memory2_0_gen/  ]
Info: onchip_memory2_0: Done RTL generation for module 'nios_sys_onchip_memory2_0'
Info: onchip_memory2_0: "nios_sys_inst" instantiated altera_avalon_onchip_memory2 "onchip_memory2_0"
Info: jtag_uart_0: Starting RTL generation for module 'nios_sys_jtag_uart_0'
Info: jtag_uart_0:   Generation command is [exec C:/altera/13.0sp1/quartus/bin/perl/bin/perl.exe -I C:/altera/13.0sp1/quartus/common/ip/altera/common/perl/5.8.3 -I C:/altera/13.0sp1/quartus/sopc_builder/bin/europa -I C:/altera/13.0sp1/quartus/sopc_builder/bin/perl_lib -I C:/altera/13.0sp1/quartus/sopc_builder/bin -I C:/altera/13.0sp1/quartus/../ip/altera/sopc_builder_ip/common -I C:/altera/13.0sp1/quartus/../ip/altera/sopc_builder_ip/altera_avalon_jtag_uart -- C:/altera/13.0sp1/quartus/../ip/altera/sopc_builder_ip/altera_avalon_jtag_uart/generate_rtl.pl --name=nios_sys_jtag_uart_0 --dir=C:/Users/Yuusei/AppData/Local/Temp/alt0203_554039374200833862.dir/0005_jtag_uart_0_gen/ --quartus_dir=C:/altera/13.0sp1/quartus --verilog --config=C:/Users/Yuusei/AppData/Local/Temp/alt0203_554039374200833862.dir/0005_jtag_uart_0_gen//nios_sys_jtag_uart_0_component_configuration.pl  --do_build_sim=1    --sim_dir=C:/Users/Yuusei/AppData/Local/Temp/alt0203_554039374200833862.dir/0005_jtag_uart_0_gen/  ]
Info: jtag_uart_0: Done RTL generation for module 'nios_sys_jtag_uart_0'
Info: jtag_uart_0: "nios_sys_inst" instantiated altera_avalon_jtag_uart "jtag_uart_0"
Info: LCD_ON: Starting RTL generation for module 'nios_sys_LCD_ON'
Info: LCD_ON:   Generation command is [exec C:/altera/13.0sp1/quartus/bin/perl/bin/perl.exe -I C:/altera/13.0sp1/quartus/common/ip/altera/common/perl/5.8.3 -I C:/altera/13.0sp1/quartus/sopc_builder/bin/europa -I C:/altera/13.0sp1/quartus/sopc_builder/bin/perl_lib -I C:/altera/13.0sp1/quartus/sopc_builder/bin -I C:/altera/13.0sp1/quartus/../ip/altera/sopc_builder_ip/common -I C:/altera/13.0sp1/quartus/../ip/altera/sopc_builder_ip/altera_avalon_pio -- C:/altera/13.0sp1/quartus/../ip/altera/sopc_builder_ip/altera_avalon_pio/generate_rtl.pl --name=nios_sys_LCD_ON --dir=C:/Users/Yuusei/AppData/Local/Temp/alt0203_554039374200833862.dir/0006_LCD_ON_gen/ --quartus_dir=C:/altera/13.0sp1/quartus --verilog --config=C:/Users/Yuusei/AppData/Local/Temp/alt0203_554039374200833862.dir/0006_LCD_ON_gen//nios_sys_LCD_ON_component_configuration.pl  --do_build_sim=1    --sim_dir=C:/Users/Yuusei/AppData/Local/Temp/alt0203_554039374200833862.dir/0006_LCD_ON_gen/  ]
Info: LCD_ON: Done RTL generation for module 'nios_sys_LCD_ON'
Info: LCD_ON: "nios_sys_inst" instantiated altera_avalon_pio "LCD_ON"
Info: LCD_DATA: Starting RTL generation for module 'nios_sys_LCD_DATA'
Info: LCD_DATA:   Generation command is [exec C:/altera/13.0sp1/quartus/bin/perl/bin/perl.exe -I C:/altera/13.0sp1/quartus/common/ip/altera/common/perl/5.8.3 -I C:/altera/13.0sp1/quartus/sopc_builder/bin/europa -I C:/altera/13.0sp1/quartus/sopc_builder/bin/perl_lib -I C:/altera/13.0sp1/quartus/sopc_builder/bin -I C:/altera/13.0sp1/quartus/../ip/altera/sopc_builder_ip/common -I C:/altera/13.0sp1/quartus/../ip/altera/sopc_builder_ip/altera_avalon_pio -- C:/altera/13.0sp1/quartus/../ip/altera/sopc_builder_ip/altera_avalon_pio/generate_rtl.pl --name=nios_sys_LCD_DATA --dir=C:/Users/Yuusei/AppData/Local/Temp/alt0203_554039374200833862.dir/0007_LCD_DATA_gen/ --quartus_dir=C:/altera/13.0sp1/quartus --verilog --config=C:/Users/Yuusei/AppData/Local/Temp/alt0203_554039374200833862.dir/0007_LCD_DATA_gen//nios_sys_LCD_DATA_component_configuration.pl  --do_build_sim=1    --sim_dir=C:/Users/Yuusei/AppData/Local/Temp/alt0203_554039374200833862.dir/0007_LCD_DATA_gen/  ]
Info: LCD_DATA: Done RTL generation for module 'nios_sys_LCD_DATA'
Info: LCD_DATA: "nios_sys_inst" instantiated altera_avalon_pio "LCD_DATA"
Info: uart_0: Starting RTL generation for module 'nios_sys_uart_0'
Info: uart_0:   Generation command is [exec C:/altera/13.0sp1/quartus/bin/perl/bin/perl.exe -I C:/altera/13.0sp1/quartus/common/ip/altera/common/perl/5.8.3 -I C:/altera/13.0sp1/quartus/sopc_builder/bin/europa -I C:/altera/13.0sp1/quartus/sopc_builder/bin/perl_lib -I C:/altera/13.0sp1/quartus/sopc_builder/bin -I C:/altera/13.0sp1/quartus/../ip/altera/sopc_builder_ip/common -I C:/altera/13.0sp1/quartus/../ip/altera/sopc_builder_ip/altera_avalon_uart -- C:/altera/13.0sp1/quartus/../ip/altera/sopc_builder_ip/altera_avalon_uart/generate_rtl.pl --name=nios_sys_uart_0 --dir=C:/Users/Yuusei/AppData/Local/Temp/alt0203_554039374200833862.dir/0008_uart_0_gen/ --quartus_dir=C:/altera/13.0sp1/quartus --verilog --config=C:/Users/Yuusei/AppData/Local/Temp/alt0203_554039374200833862.dir/0008_uart_0_gen//nios_sys_uart_0_component_configuration.pl  --do_build_sim=1    --sim_dir=C:/Users/Yuusei/AppData/Local/Temp/alt0203_554039374200833862.dir/0008_uart_0_gen/  ]
Info: uart_0: Done RTL generation for module 'nios_sys_uart_0'
Info: uart_0: "nios_sys_inst" instantiated altera_avalon_uart "uart_0"
Info: switch0: Starting RTL generation for module 'nios_sys_switch0'
Info: switch0:   Generation command is [exec C:/altera/13.0sp1/quartus/bin/perl/bin/perl.exe -I C:/altera/13.0sp1/quartus/common/ip/altera/common/perl/5.8.3 -I C:/altera/13.0sp1/quartus/sopc_builder/bin/europa -I C:/altera/13.0sp1/quartus/sopc_builder/bin/perl_lib -I C:/altera/13.0sp1/quartus/sopc_builder/bin -I C:/altera/13.0sp1/quartus/../ip/altera/sopc_builder_ip/common -I C:/altera/13.0sp1/quartus/../ip/altera/sopc_builder_ip/altera_avalon_pio -- C:/altera/13.0sp1/quartus/../ip/altera/sopc_builder_ip/altera_avalon_pio/generate_rtl.pl --name=nios_sys_switch0 --dir=C:/Users/Yuusei/AppData/Local/Temp/alt0203_554039374200833862.dir/0009_switch0_gen/ --quartus_dir=C:/altera/13.0sp1/quartus --verilog --config=C:/Users/Yuusei/AppData/Local/Temp/alt0203_554039374200833862.dir/0009_switch0_gen//nios_sys_switch0_component_configuration.pl  --do_build_sim=1    --sim_dir=C:/Users/Yuusei/AppData/Local/Temp/alt0203_554039374200833862.dir/0009_switch0_gen/  ]
Info: switch0: Done RTL generation for module 'nios_sys_switch0'
Info: switch0: "nios_sys_inst" instantiated altera_avalon_pio "switch0"
Info: key1: Starting RTL generation for module 'nios_sys_key1'
Info: key1:   Generation command is [exec C:/altera/13.0sp1/quartus/bin/perl/bin/perl.exe -I C:/altera/13.0sp1/quartus/common/ip/altera/common/perl/5.8.3 -I C:/altera/13.0sp1/quartus/sopc_builder/bin/europa -I C:/altera/13.0sp1/quartus/sopc_builder/bin/perl_lib -I C:/altera/13.0sp1/quartus/sopc_builder/bin -I C:/altera/13.0sp1/quartus/../ip/altera/sopc_builder_ip/common -I C:/altera/13.0sp1/quartus/../ip/altera/sopc_builder_ip/altera_avalon_pio -- C:/altera/13.0sp1/quartus/../ip/altera/sopc_builder_ip/altera_avalon_pio/generate_rtl.pl --name=nios_sys_key1 --dir=C:/Users/Yuusei/AppData/Local/Temp/alt0203_554039374200833862.dir/0010_key1_gen/ --quartus_dir=C:/altera/13.0sp1/quartus --verilog --config=C:/Users/Yuusei/AppData/Local/Temp/alt0203_554039374200833862.dir/0010_key1_gen//nios_sys_key1_component_configuration.pl  --do_build_sim=1    --sim_dir=C:/Users/Yuusei/AppData/Local/Temp/alt0203_554039374200833862.dir/0010_key1_gen/  ]
Info: key1: Done RTL generation for module 'nios_sys_key1'
Info: key1: "nios_sys_inst" instantiated altera_avalon_pio "key1"
Info: timer_0: Starting RTL generation for module 'nios_sys_timer_0'
Info: timer_0:   Generation command is [exec C:/altera/13.0sp1/quartus/bin/perl/bin/perl.exe -I C:/altera/13.0sp1/quartus/common/ip/altera/common/perl/5.8.3 -I C:/altera/13.0sp1/quartus/sopc_builder/bin/europa -I C:/altera/13.0sp1/quartus/sopc_builder/bin/perl_lib -I C:/altera/13.0sp1/quartus/sopc_builder/bin -I C:/altera/13.0sp1/quartus/../ip/altera/sopc_builder_ip/common -I C:/altera/13.0sp1/quartus/../ip/altera/sopc_builder_ip/altera_avalon_timer -- C:/altera/13.0sp1/quartus/../ip/altera/sopc_builder_ip/altera_avalon_timer/generate_rtl.pl --name=nios_sys_timer_0 --dir=C:/Users/Yuusei/AppData/Local/Temp/alt0203_554039374200833862.dir/0011_timer_0_gen/ --quartus_dir=C:/altera/13.0sp1/quartus --verilog --config=C:/Users/Yuusei/AppData/Local/Temp/alt0203_554039374200833862.dir/0011_timer_0_gen//nios_sys_timer_0_component_configuration.pl  --do_build_sim=1    --sim_dir=C:/Users/Yuusei/AppData/Local/Temp/alt0203_554039374200833862.dir/0011_timer_0_gen/  ]
Info: timer_0: Done RTL generation for module 'nios_sys_timer_0'
Info: timer_0: "nios_sys_inst" instantiated altera_avalon_timer "timer_0"
Info: nios2_qsys_0_instruction_master_translator: "nios_sys_inst" instantiated altera_merlin_master_translator "nios2_qsys_0_instruction_master_translator"
Info: nios2_qsys_0_jtag_debug_module_translator: "nios_sys_inst" instantiated altera_merlin_slave_translator "nios2_qsys_0_jtag_debug_module_translator"
Info: nios2_qsys_0_instruction_master_translator_avalon_universal_master_0_agent: "nios_sys_inst" instantiated altera_merlin_master_agent "nios2_qsys_0_instruction_master_translator_avalon_universal_master_0_agent"
Info: nios2_qsys_0_jtag_debug_module_translator_avalon_universal_slave_0_agent: "nios_sys_inst" instantiated altera_merlin_slave_agent "nios2_qsys_0_jtag_debug_module_translator_avalon_universal_slave_0_agent"
Info: nios2_qsys_0_jtag_debug_module_translator_avalon_universal_slave_0_agent_rsp_fifo: "nios_sys_inst" instantiated altera_avalon_sc_fifo "nios2_qsys_0_jtag_debug_module_translator_avalon_universal_slave_0_agent_rsp_fifo"
Info: addr_router: "nios_sys_inst" instantiated altera_merlin_router "addr_router"
Info: addr_router_001: "nios_sys_inst" instantiated altera_merlin_router "addr_router_001"
Info: id_router: "nios_sys_inst" instantiated altera_merlin_router "id_router"
Info: id_router_017: "nios_sys_inst" instantiated altera_merlin_router "id_router_017"
Info: rst_controller: "nios_sys_inst" instantiated altera_reset_controller "rst_controller"
Info: cmd_xbar_demux: "nios_sys_inst" instantiated altera_merlin_demultiplexer "cmd_xbar_demux"
Info: cmd_xbar_demux_001: "nios_sys_inst" instantiated altera_merlin_demultiplexer "cmd_xbar_demux_001"
Info: cmd_xbar_mux: "nios_sys_inst" instantiated altera_merlin_multiplexer "cmd_xbar_mux"
Info: rsp_xbar_demux: "nios_sys_inst" instantiated altera_merlin_demultiplexer "rsp_xbar_demux"
Info: rsp_xbar_demux_017: "nios_sys_inst" instantiated altera_merlin_demultiplexer "rsp_xbar_demux_017"
Info: rsp_xbar_mux: "nios_sys_inst" instantiated altera_merlin_multiplexer "rsp_xbar_mux"
Info: Reusing file D:/Soc/NIOS-II-Programming/Lab7/lab7_bai3/nios_sys/testbench/nios_sys_tb/simulation/submodules/altera_merlin_arbitrator.sv
Info: rsp_xbar_mux_001: "nios_sys_inst" instantiated altera_merlin_multiplexer "rsp_xbar_mux_001"
Info: Reusing file D:/Soc/NIOS-II-Programming/Lab7/lab7_bai3/nios_sys/testbench/nios_sys_tb/simulation/submodules/altera_merlin_arbitrator.sv
Info: irq_mapper: "nios_sys_inst" instantiated altera_irq_mapper "irq_mapper"
Info: nios_sys_tb: Done nios_sys_tb" with 31 modules, 227 files, 6163718 bytes
Info: ip-generate succeeded.
Info: sim-script-gen --spd=D:/Soc/NIOS-II-Programming/Lab7/lab7_bai3/nios_sys_tb.spd --output-directory=D:/Soc/NIOS-II-Programming/Lab7/lab7_bai3/nios_sys/testbench/
Info: Doing: ip-make-simscript --spd=D:/Soc/NIOS-II-Programming/Lab7/lab7_bai3/nios_sys_tb.spd --output-directory=D:/Soc/NIOS-II-Programming/Lab7/lab7_bai3/nios_sys/testbench/
Info: Generating the following file(s) for MODELSIM simulator in D:/Soc/NIOS-II-Programming/Lab7/lab7_bai3/nios_sys/testbench/ directory:
Info: 	mentor/msim_setup.tcl
Info: Generating the following file(s) for VCS simulator in D:/Soc/NIOS-II-Programming/Lab7/lab7_bai3/nios_sys/testbench/ directory:
Info: 	synopsys/vcs/vcs_setup.sh
Info: Generating the following file(s) for VCSMX simulator in D:/Soc/NIOS-II-Programming/Lab7/lab7_bai3/nios_sys/testbench/ directory:
Info: 	synopsys/vcsmx/synopsys_sim.setup
Info: 	synopsys/vcsmx/vcsmx_setup.sh
Info: Generating the following file(s) for NCSIM simulator in D:/Soc/NIOS-II-Programming/Lab7/lab7_bai3/nios_sys/testbench/ directory:
Info: 	cadence/cds.lib
Info: 	cadence/hdl.var
Info: 	cadence/ncsim_setup.sh
Info: 	30 .cds.lib files in cadence/cds_libs/ directory
Info: Generating the following file(s) for RIVIERAPRO simulator in D:/Soc/NIOS-II-Programming/Lab7/lab7_bai3/nios_sys/testbench/ directory:
Info: 	aldec/rivierapro_setup.tcl
Info: Finished: Create testbench Qsys system
Info: Starting: Create block symbol file (.bsf)
Info: ip-generate --project-directory=D:/Soc/NIOS-II-Programming/Lab7/lab7_bai3/ --output-directory=D:/Soc/NIOS-II-Programming/Lab7/lab7_bai3/nios_sys/ --report-file=bsf:D:/Soc/NIOS-II-Programming/Lab7/lab7_bai3/nios_sys.bsf --system-info=DEVICE_FAMILY="Cyclone IV E" --system-info=DEVICE=EP4CE115F29C8 --system-info=DEVICE_SPEEDGRADE=8 --component-file=D:/Soc/NIOS-II-Programming/Lab7/lab7_bai3/nios_sys.qsys
Progress: Loading lab7_bai3/nios_sys.qsys
Progress: Reading input file
Progress: Adding clk_0 [clock_source 13.0]
Progress: Parameterizing module clk_0
Progress: Adding nios2_qsys_0 [altera_nios2_qsys 13.0]
Progress: Parameterizing module nios2_qsys_0
Progress: Adding onchip_memory2_0 [altera_avalon_onchip_memory2 13.0.1.99.2]
Progress: Parameterizing module onchip_memory2_0
Progress: Adding jtag_uart_0 [altera_avalon_jtag_uart 13.0.1.99.2]
Progress: Parameterizing module jtag_uart_0
Progress: Adding LCD_ON [altera_avalon_pio 13.0.1.99.2]
Progress: Parameterizing module LCD_ON
Progress: Adding LCD_EN [altera_avalon_pio 13.0.1.99.2]
Progress: Parameterizing module LCD_EN
Progress: Adding LCD_RS [altera_avalon_pio 13.0.1.99.2]
Progress: Parameterizing module LCD_RS
Progress: Adding LCD_RW [altera_avalon_pio 13.0.1.99.2]
Progress: Parameterizing module LCD_RW
Progress: Adding LCD_DATA [altera_avalon_pio 13.0.1.99.2]
Progress: Parameterizing module LCD_DATA
Progress: Adding led1 [altera_avalon_pio 13.0.1.99.2]
Progress: Parameterizing module led1
Progress: Adding led2 [altera_avalon_pio 13.0.1.99.2]
Progress: Parameterizing module led2
Progress: Adding led3 [altera_avalon_pio 13.0.1.99.2]
Progress: Parameterizing module led3
Progress: Adding led4 [altera_avalon_pio 13.0.1.99.2]
Progress: Parameterizing module led4
Progress: Adding led5 [altera_avalon_pio 13.0.1.99.2]
Progress: Parameterizing module led5
Progress: Adding led6 [altera_avalon_pio 13.0.1.99.2]
Progress: Parameterizing module led6
Progress: Adding led7 [altera_avalon_pio 13.0.1.99.2]
Progress: Parameterizing module led7
Progress: Adding led8 [altera_avalon_pio 13.0.1.99.2]
Progress: Parameterizing module led8
Progress: Adding uart_0 [altera_avalon_uart 13.0.1.99.2]
Progress: Parameterizing module uart_0
Progress: Adding switch0 [altera_avalon_pio 13.0.1.99.2]
Progress: Parameterizing module switch0
Progress: Adding key1 [altera_avalon_pio 13.0.1.99.2]
Progress: Parameterizing module key1
Progress: Adding key2 [altera_avalon_pio 13.0.1.99.2]
Progress: Parameterizing module key2
Progress: Adding key3 [altera_avalon_pio 13.0.1.99.2]
Progress: Parameterizing module key3
Progress: Adding timer_0 [altera_avalon_timer 13.0.1.99.2]
Progress: Parameterizing module timer_0
Progress: Building connections
Progress: Parameterizing connections
Progress: Validating
Progress: Done reading input file
Info: nios_sys.switch0: PIO inputs are not hardwired in test bench. Undefined values will be read from PIO inputs during simulation.
Info: nios_sys.key1: PIO inputs are not hardwired in test bench. Undefined values will be read from PIO inputs during simulation.
Info: nios_sys.key2: PIO inputs are not hardwired in test bench. Undefined values will be read from PIO inputs during simulation.
Info: nios_sys.key3: PIO inputs are not hardwired in test bench. Undefined values will be read from PIO inputs during simulation.
Info: ip-generate succeeded.
Info: Finished: Create block symbol file (.bsf)
Info: 
Info: Starting: Create HDL design files for synthesis
Info: ip-generate --project-directory=D:/Soc/NIOS-II-Programming/Lab7/lab7_bai3/ --output-directory=D:/Soc/NIOS-II-Programming/Lab7/lab7_bai3/nios_sys/synthesis/ --file-set=QUARTUS_SYNTH --report-file=sopcinfo:D:/Soc/NIOS-II-Programming/Lab7/lab7_bai3/nios_sys.sopcinfo --report-file=html:D:/Soc/NIOS-II-Programming/Lab7/lab7_bai3/nios_sys.html --report-file=qip:D:/Soc/NIOS-II-Programming/Lab7/lab7_bai3/nios_sys/synthesis/nios_sys.qip --report-file=cmp:D:/Soc/NIOS-II-Programming/Lab7/lab7_bai3/nios_sys.cmp --report-file=svd --system-info=DEVICE_FAMILY="Cyclone IV E" --system-info=DEVICE=EP4CE115F29C8 --system-info=DEVICE_SPEEDGRADE=8 --component-file=D:/Soc/NIOS-II-Programming/Lab7/lab7_bai3/nios_sys.qsys --language=VERILOG
Progress: Loading lab7_bai3/nios_sys.qsys
Progress: Reading input file
Progress: Adding clk_0 [clock_source 13.0]
Progress: Parameterizing module clk_0
Progress: Adding nios2_qsys_0 [altera_nios2_qsys 13.0]
Progress: Parameterizing module nios2_qsys_0
Progress: Adding onchip_memory2_0 [altera_avalon_onchip_memory2 13.0.1.99.2]
Progress: Parameterizing module onchip_memory2_0
Progress: Adding jtag_uart_0 [altera_avalon_jtag_uart 13.0.1.99.2]
Progress: Parameterizing module jtag_uart_0
Progress: Adding LCD_ON [altera_avalon_pio 13.0.1.99.2]
Progress: Parameterizing module LCD_ON
Progress: Adding LCD_EN [altera_avalon_pio 13.0.1.99.2]
Progress: Parameterizing module LCD_EN
Progress: Adding LCD_RS [altera_avalon_pio 13.0.1.99.2]
Progress: Parameterizing module LCD_RS
Progress: Adding LCD_RW [altera_avalon_pio 13.0.1.99.2]
Progress: Parameterizing module LCD_RW
Progress: Adding LCD_DATA [altera_avalon_pio 13.0.1.99.2]
Progress: Parameterizing module LCD_DATA
Progress: Adding led1 [altera_avalon_pio 13.0.1.99.2]
Progress: Parameterizing module led1
Progress: Adding led2 [altera_avalon_pio 13.0.1.99.2]
Progress: Parameterizing module led2
Progress: Adding led3 [altera_avalon_pio 13.0.1.99.2]
Progress: Parameterizing module led3
Progress: Adding led4 [altera_avalon_pio 13.0.1.99.2]
Progress: Parameterizing module led4
Progress: Adding led5 [altera_avalon_pio 13.0.1.99.2]
Progress: Parameterizing module led5
Progress: Adding led6 [altera_avalon_pio 13.0.1.99.2]
Progress: Parameterizing module led6
Progress: Adding led7 [altera_avalon_pio 13.0.1.99.2]
Progress: Parameterizing module led7
Progress: Adding led8 [altera_avalon_pio 13.0.1.99.2]
Progress: Parameterizing module led8
Progress: Adding uart_0 [altera_avalon_uart 13.0.1.99.2]
Progress: Parameterizing module uart_0
Progress: Adding switch0 [altera_avalon_pio 13.0.1.99.2]
Progress: Parameterizing module switch0
Progress: Adding key1 [altera_avalon_pio 13.0.1.99.2]
Progress: Parameterizing module key1
Progress: Adding key2 [altera_avalon_pio 13.0.1.99.2]
Progress: Parameterizing module key2
Progress: Adding key3 [altera_avalon_pio 13.0.1.99.2]
Progress: Parameterizing module key3
Progress: Adding timer_0 [altera_avalon_timer 13.0.1.99.2]
Progress: Parameterizing module timer_0
Progress: Building connections
Progress: Parameterizing connections
Progress: Validating
Progress: Done reading input file
Info: nios_sys.switch0: PIO inputs are not hardwired in test bench. Undefined values will be read from PIO inputs during simulation.
Info: nios_sys.key1: PIO inputs are not hardwired in test bench. Undefined values will be read from PIO inputs during simulation.
Info: nios_sys.key2: PIO inputs are not hardwired in test bench. Undefined values will be read from PIO inputs during simulation.
Info: nios_sys.key3: PIO inputs are not hardwired in test bench. Undefined values will be read from PIO inputs during simulation.
Info: nios_sys: Generating nios_sys "nios_sys" for QUARTUS_SYNTH
Info: pipeline_bridge_swap_transform: After transform: 23 modules, 98 connections
Info: No custom instruction connections, skipping transform 
Info: merlin_translator_transform: After transform: 47 modules, 183 connections
Info: merlin_domain_transform: After transform: 94 modules, 459 connections
Info: merlin_router_transform: After transform: 118 modules, 544 connections
Info: reset_adaptation_transform: After transform: 120 modules, 475 connections
Info: merlin_network_to_switch_transform: After transform: 167 modules, 601 connections
Info: merlin_mm_transform: After transform: 167 modules, 601 connections
Info: merlin_interrupt_mapper_transform: After transform: 168 modules, 604 connections
Warning: nios_sys: "No matching role found for uart_0:s1:dataavailable (dataavailable)"
Warning: nios_sys: "No matching role found for uart_0:s1:readyfordata (readyfordata)"
Warning: nios_sys: "No matching role found for rst_controller:reset_out:reset_req (reset_req)"
Warning: nios_sys: "No matching role found for rst_controller:reset_out:reset_req (reset_req)"
Warning: nios_sys: "No matching role found for rst_controller:reset_out:reset_req (reset_req)"
Warning: nios_sys: "No matching role found for rst_controller:reset_out:reset_req (reset_req)"
Warning: nios_sys: "No matching role found for rst_controller:reset_out:reset_req (reset_req)"
Warning: nios_sys: "No matching role found for rst_controller:reset_out:reset_req (reset_req)"
Warning: nios_sys: "No matching role found for rst_controller:reset_out:reset_req (reset_req)"
Warning: nios_sys: "No matching role found for rst_controller:reset_out:reset_req (reset_req)"
Warning: nios_sys: "No matching role found for rst_controller:reset_out:reset_req (reset_req)"
Warning: nios_sys: "No matching role found for rst_controller:reset_out:reset_req (reset_req)"
Warning: nios_sys: "No matching role found for rst_controller:reset_out:reset_req (reset_req)"
Warning: nios_sys: "No matching role found for rst_controller:reset_out:reset_req (reset_req)"
Warning: nios_sys: "No matching role found for rst_controller:reset_out:reset_req (reset_req)"
Warning: nios_sys: "No matching role found for rst_controller:reset_out:reset_req (reset_req)"
Warning: nios_sys: "No matching role found for rst_controller:reset_out:reset_req (reset_req)"
Warning: nios_sys: "No matching role found for rst_controller:reset_out:reset_req (reset_req)"
Warning: nios_sys: "No matching role found for rst_controller:reset_out:reset_req (reset_req)"
Warning: nios_sys: "No matching role found for rst_controller:reset_out:reset_req (reset_req)"
Warning: nios_sys: "No matching role found for rst_controller:reset_out:reset_req (reset_req)"
Warning: nios_sys: "No matching role found for rst_controller:reset_out:reset_req (reset_req)"
Warning: nios_sys: "No matching role found for rst_controller:reset_out:reset_req (reset_req)"
Warning: nios_sys: "No matching role found for rst_controller:reset_out:reset_req (reset_req)"
Warning: nios_sys: "No matching role found for rst_controller:reset_out:reset_req (reset_req)"
Warning: nios_sys: "No matching role found for rst_controller:reset_out:reset_req (reset_req)"
Warning: nios_sys: "No matching role found for rst_controller:reset_out:reset_req (reset_req)"
Warning: nios_sys: "No matching role found for rst_controller:reset_out:reset_req (reset_req)"
Warning: nios_sys: "No matching role found for rst_controller:reset_out:reset_req (reset_req)"
Warning: nios_sys: "No matching role found for rst_controller:reset_out:reset_req (reset_req)"
Warning: nios_sys: "No matching role found for rst_controller:reset_out:reset_req (reset_req)"
Warning: nios_sys: "No matching role found for rst_controller:reset_out:reset_req (reset_req)"
Warning: nios_sys: "No matching role found for rst_controller:reset_out:reset_req (reset_req)"
Warning: nios_sys: "No matching role found for rst_controller:reset_out:reset_req (reset_req)"
Warning: nios_sys: "No matching role found for rst_controller:reset_out:reset_req (reset_req)"
Warning: nios_sys: "No matching role found for rst_controller:reset_out:reset_req (reset_req)"
Warning: nios_sys: "No matching role found for rst_controller:reset_out:reset_req (reset_req)"
Warning: nios_sys: "No matching role found for rst_controller:reset_out:reset_req (reset_req)"
Warning: nios_sys: "No matching role found for rst_controller:reset_out:reset_req (reset_req)"
Warning: nios_sys: "No matching role found for rst_controller:reset_out:reset_req (reset_req)"
Warning: nios_sys: "No matching role found for rst_controller:reset_out:reset_req (reset_req)"
Warning: nios_sys: "No matching role found for rst_controller:reset_out:reset_req (reset_req)"
Warning: nios_sys: "No matching role found for rst_controller:reset_out:reset_req (reset_req)"
Warning: nios_sys: "No matching role found for rst_controller:reset_out:reset_req (reset_req)"
Warning: nios_sys: "No matching role found for rst_controller:reset_out:reset_req (reset_req)"
Warning: nios_sys: "No matching role found for rst_controller:reset_out:reset_req (reset_req)"
Warning: nios_sys: "No matching role found for rst_controller:reset_out:reset_req (reset_req)"
Warning: nios_sys: "No matching role found for rst_controller:reset_out:reset_req (reset_req)"
Warning: nios_sys: "No matching role found for rst_controller:reset_out:reset_req (reset_req)"
Warning: nios_sys: "No matching role found for rst_controller:reset_out:reset_req (reset_req)"
Warning: nios_sys: "No matching role found for rst_controller:reset_out:reset_req (reset_req)"
Warning: nios_sys: "No matching role found for rst_controller:reset_out:reset_req (reset_req)"
Warning: nios_sys: "No matching role found for rst_controller:reset_out:reset_req (reset_req)"
Warning: nios_sys: "No matching role found for rst_controller:reset_out:reset_req (reset_req)"
Warning: nios_sys: "No matching role found for rst_controller:reset_out:reset_req (reset_req)"
Warning: nios_sys: "No matching role found for rst_controller:reset_out:reset_req (reset_req)"
Warning: nios_sys: "No matching role found for rst_controller:reset_out:reset_req (reset_req)"
Warning: nios_sys: "No matching role found for rst_controller:reset_out:reset_req (reset_req)"
Warning: nios_sys: "No matching role found for rst_controller:reset_out:reset_req (reset_req)"
Warning: nios_sys: "No matching role found for rst_controller:reset_out:reset_req (reset_req)"
Warning: nios_sys: "No matching role found for rst_controller:reset_out:reset_req (reset_req)"
Warning: nios_sys: "No matching role found for rst_controller:reset_out:reset_req (reset_req)"
Warning: nios_sys: "No matching role found for rst_controller:reset_out:reset_req (reset_req)"
Warning: nios_sys: "No matching role found for rst_controller:reset_out:reset_req (reset_req)"
Warning: nios_sys: "No matching role found for rst_controller:reset_out:reset_req (reset_req)"
Warning: nios_sys: "No matching role found for rst_controller:reset_out:reset_req (reset_req)"
Warning: nios_sys: "No matching role found for rst_controller:reset_out:reset_req (reset_req)"
Warning: nios_sys: "No matching role found for rst_controller:reset_out:reset_req (reset_req)"
Warning: nios_sys: "No matching role found for rst_controller:reset_out:reset_req (reset_req)"
Warning: nios_sys: "No matching role found for rst_controller:reset_out:reset_req (reset_req)"
Warning: nios_sys: "No matching role found for rst_controller:reset_out:reset_req (reset_req)"
Warning: nios_sys: "No matching role found for rst_controller:reset_out:reset_req (reset_req)"
Warning: nios_sys: "No matching role found for rst_controller:reset_out:reset_req (reset_req)"
Warning: nios_sys: "No matching role found for rst_controller:reset_out:reset_req (reset_req)"
Warning: nios_sys: "No matching role found for rst_controller:reset_out:reset_req (reset_req)"
Warning: nios_sys: "No matching role found for rst_controller:reset_out:reset_req (reset_req)"
Warning: nios_sys: "No matching role found for rst_controller:reset_out:reset_req (reset_req)"
Warning: nios_sys: "No matching role found for rst_controller:reset_out:reset_req (reset_req)"
Warning: nios_sys: "No matching role found for rst_controller:reset_out:reset_req (reset_req)"
Warning: nios_sys: "No matching role found for rst_controller:reset_out:reset_req (reset_req)"
Warning: nios_sys: "No matching role found for rst_controller:reset_out:reset_req (reset_req)"
Warning: nios_sys: "No matching role found for rst_controller:reset_out:reset_req (reset_req)"
Warning: nios_sys: "No matching role found for rst_controller:reset_out:reset_req (reset_req)"
Warning: nios_sys: "No matching role found for rst_controller:reset_out:reset_req (reset_req)"
Warning: nios_sys: "No matching role found for rst_controller:reset_out:reset_req (reset_req)"
Warning: nios_sys: "No matching role found for rst_controller:reset_out:reset_req (reset_req)"
Warning: nios_sys: "No matching role found for rst_controller:reset_out:reset_req (reset_req)"
Warning: nios_sys: "No matching role found for rst_controller:reset_out:reset_req (reset_req)"
Warning: nios_sys: "No matching role found for rst_controller:reset_out:reset_req (reset_req)"
Info: nios2_qsys_0: Starting RTL generation for module 'nios_sys_nios2_qsys_0'
Info: nios2_qsys_0:   Generation command is [exec C:/altera/13.0sp1/quartus/../ip/altera/nios2_ip/altera_nios2/eperl.exe -I C:/altera/13.0sp1/quartus/common/ip/altera/common/perl/5.8.3 -I C:/altera/13.0sp1/quartus/sopc_builder/bin/europa -I C:/altera/13.0sp1/quartus/sopc_builder/bin/perl_lib -I C:/altera/13.0sp1/quartus/sopc_builder/bin -I C:/altera/13.0sp1/quartus/../ip/altera/nios2_ip/altera_nios2/cpu_lib -I C:/altera/13.0sp1/quartus/../ip/altera/nios2_ip/altera_nios2/nios_lib -I C:/altera/13.0sp1/quartus/../ip/altera/nios2_ip/altera_nios2 -I C:/altera/13.0sp1/quartus/../ip/altera/nios2_ip/altera_nios2 -- C:/altera/13.0sp1/quartus/../ip/altera/nios2_ip/altera_nios2/generate_rtl.epl --name=nios_sys_nios2_qsys_0 --dir=C:/Users/Yuusei/AppData/Local/Temp/alt0203_554039374200833862.dir/0030_nios2_qsys_0_gen/ --quartus_dir=C:/altera/13.0sp1/quartus --verilog --config=C:/Users/Yuusei/AppData/Local/Temp/alt0203_554039374200833862.dir/0030_nios2_qsys_0_gen//nios_sys_nios2_qsys_0_processor_configuration.pl  --do_build_sim=0    --bogus  ]
Info: nios2_qsys_0: # 2025.04.25 20:28:20 (*) Starting Nios II generation
Info: nios2_qsys_0: # 2025.04.25 20:28:20 (*)   Checking for plaintext license.
Info: nios2_qsys_0: # 2025.04.25 20:28:21 (*)   Couldn't query license setup in Quartus directory C:/altera/13.0sp1/quartus
Info: nios2_qsys_0: # 2025.04.25 20:28:21 (*)   Defaulting to contents of LM_LICENSE_FILE environment variable
Info: nios2_qsys_0: # 2025.04.25 20:28:21 (*)   LM_LICENSE_FILE environment variable is empty
Info: nios2_qsys_0: # 2025.04.25 20:28:21 (*)   Plaintext license not found.
Info: nios2_qsys_0: # 2025.04.25 20:28:21 (*)   No license required to generate encrypted Nios II/e.
Info: nios2_qsys_0: # 2025.04.25 20:28:21 (*)   Elaborating CPU configuration settings
Info: nios2_qsys_0: # 2025.04.25 20:28:21 (*)   Creating all objects for CPU
Info: nios2_qsys_0: # 2025.04.25 20:28:22 (*)   Generating RTL from CPU objects
Info: nios2_qsys_0: # 2025.04.25 20:28:22 (*)   Creating plain-text RTL
Info: nios2_qsys_0: # 2025.04.25 20:28:25 (*) Done Nios II generation
Info: nios2_qsys_0: Done RTL generation for module 'nios_sys_nios2_qsys_0'
Info: nios2_qsys_0: "nios_sys" instantiated altera_nios2_qsys "nios2_qsys_0"
Info: onchip_memory2_0: Starting RTL generation for module 'nios_sys_onchip_memory2_0'
Info: onchip_memory2_0:   Generation command is [exec C:/altera/13.0sp1/quartus/bin/perl/bin/perl.exe -I C:/altera/13.0sp1/quartus/common/ip/altera/common/perl/5.8.3 -I C:/altera/13.0sp1/quartus/sopc_builder/bin/europa -I C:/altera/13.0sp1/quartus/sopc_builder/bin/perl_lib -I C:/altera/13.0sp1/quartus/sopc_builder/bin -I C:/altera/13.0sp1/quartus/../ip/altera/sopc_builder_ip/common -I C:/altera/13.0sp1/quartus/../ip/altera/sopc_builder_ip/altera_avalon_onchip_memory2 -- C:/altera/13.0sp1/quartus/../ip/altera/sopc_builder_ip/altera_avalon_onchip_memory2/generate_rtl.pl --name=nios_sys_onchip_memory2_0 --dir=C:/Users/Yuusei/AppData/Local/Temp/alt0203_554039374200833862.dir/0031_onchip_memory2_0_gen/ --quartus_dir=C:/altera/13.0sp1/quartus --verilog --config=C:/Users/Yuusei/AppData/Local/Temp/alt0203_554039374200833862.dir/0031_onchip_memory2_0_gen//nios_sys_onchip_memory2_0_component_configuration.pl  --do_build_sim=0  ]
Info: onchip_memory2_0: Done RTL generation for module 'nios_sys_onchip_memory2_0'
Info: onchip_memory2_0: "nios_sys" instantiated altera_avalon_onchip_memory2 "onchip_memory2_0"
Info: jtag_uart_0: Starting RTL generation for module 'nios_sys_jtag_uart_0'
Info: jtag_uart_0:   Generation command is [exec C:/altera/13.0sp1/quartus/bin/perl/bin/perl.exe -I C:/altera/13.0sp1/quartus/common/ip/altera/common/perl/5.8.3 -I C:/altera/13.0sp1/quartus/sopc_builder/bin/europa -I C:/altera/13.0sp1/quartus/sopc_builder/bin/perl_lib -I C:/altera/13.0sp1/quartus/sopc_builder/bin -I C:/altera/13.0sp1/quartus/../ip/altera/sopc_builder_ip/common -I C:/altera/13.0sp1/quartus/../ip/altera/sopc_builder_ip/altera_avalon_jtag_uart -- C:/altera/13.0sp1/quartus/../ip/altera/sopc_builder_ip/altera_avalon_jtag_uart/generate_rtl.pl --name=nios_sys_jtag_uart_0 --dir=C:/Users/Yuusei/AppData/Local/Temp/alt0203_554039374200833862.dir/0032_jtag_uart_0_gen/ --quartus_dir=C:/altera/13.0sp1/quartus --verilog --config=C:/Users/Yuusei/AppData/Local/Temp/alt0203_554039374200833862.dir/0032_jtag_uart_0_gen//nios_sys_jtag_uart_0_component_configuration.pl  --do_build_sim=0  ]
Info: jtag_uart_0: Done RTL generation for module 'nios_sys_jtag_uart_0'
Info: jtag_uart_0: "nios_sys" instantiated altera_avalon_jtag_uart "jtag_uart_0"
Info: LCD_ON: Starting RTL generation for module 'nios_sys_LCD_ON'
Info: LCD_ON:   Generation command is [exec C:/altera/13.0sp1/quartus/bin/perl/bin/perl.exe -I C:/altera/13.0sp1/quartus/common/ip/altera/common/perl/5.8.3 -I C:/altera/13.0sp1/quartus/sopc_builder/bin/europa -I C:/altera/13.0sp1/quartus/sopc_builder/bin/perl_lib -I C:/altera/13.0sp1/quartus/sopc_builder/bin -I C:/altera/13.0sp1/quartus/../ip/altera/sopc_builder_ip/common -I C:/altera/13.0sp1/quartus/../ip/altera/sopc_builder_ip/altera_avalon_pio -- C:/altera/13.0sp1/quartus/../ip/altera/sopc_builder_ip/altera_avalon_pio/generate_rtl.pl --name=nios_sys_LCD_ON --dir=C:/Users/Yuusei/AppData/Local/Temp/alt0203_554039374200833862.dir/0033_LCD_ON_gen/ --quartus_dir=C:/altera/13.0sp1/quartus --verilog --config=C:/Users/Yuusei/AppData/Local/Temp/alt0203_554039374200833862.dir/0033_LCD_ON_gen//nios_sys_LCD_ON_component_configuration.pl  --do_build_sim=0  ]
Info: LCD_ON: Done RTL generation for module 'nios_sys_LCD_ON'
Info: LCD_ON: "nios_sys" instantiated altera_avalon_pio "LCD_ON"
Info: LCD_DATA: Starting RTL generation for module 'nios_sys_LCD_DATA'
Info: LCD_DATA:   Generation command is [exec C:/altera/13.0sp1/quartus/bin/perl/bin/perl.exe -I C:/altera/13.0sp1/quartus/common/ip/altera/common/perl/5.8.3 -I C:/altera/13.0sp1/quartus/sopc_builder/bin/europa -I C:/altera/13.0sp1/quartus/sopc_builder/bin/perl_lib -I C:/altera/13.0sp1/quartus/sopc_builder/bin -I C:/altera/13.0sp1/quartus/../ip/altera/sopc_builder_ip/common -I C:/altera/13.0sp1/quartus/../ip/altera/sopc_builder_ip/altera_avalon_pio -- C:/altera/13.0sp1/quartus/../ip/altera/sopc_builder_ip/altera_avalon_pio/generate_rtl.pl --name=nios_sys_LCD_DATA --dir=C:/Users/Yuusei/AppData/Local/Temp/alt0203_554039374200833862.dir/0034_LCD_DATA_gen/ --quartus_dir=C:/altera/13.0sp1/quartus --verilog --config=C:/Users/Yuusei/AppData/Local/Temp/alt0203_554039374200833862.dir/0034_LCD_DATA_gen//nios_sys_LCD_DATA_component_configuration.pl  --do_build_sim=0  ]
Info: LCD_DATA: Done RTL generation for module 'nios_sys_LCD_DATA'
Info: LCD_DATA: "nios_sys" instantiated altera_avalon_pio "LCD_DATA"
Info: uart_0: Starting RTL generation for module 'nios_sys_uart_0'
Info: uart_0:   Generation command is [exec C:/altera/13.0sp1/quartus/bin/perl/bin/perl.exe -I C:/altera/13.0sp1/quartus/common/ip/altera/common/perl/5.8.3 -I C:/altera/13.0sp1/quartus/sopc_builder/bin/europa -I C:/altera/13.0sp1/quartus/sopc_builder/bin/perl_lib -I C:/altera/13.0sp1/quartus/sopc_builder/bin -I C:/altera/13.0sp1/quartus/../ip/altera/sopc_builder_ip/common -I C:/altera/13.0sp1/quartus/../ip/altera/sopc_builder_ip/altera_avalon_uart -- C:/altera/13.0sp1/quartus/../ip/altera/sopc_builder_ip/altera_avalon_uart/generate_rtl.pl --name=nios_sys_uart_0 --dir=C:/Users/Yuusei/AppData/Local/Temp/alt0203_554039374200833862.dir/0035_uart_0_gen/ --quartus_dir=C:/altera/13.0sp1/quartus --verilog --config=C:/Users/Yuusei/AppData/Local/Temp/alt0203_554039374200833862.dir/0035_uart_0_gen//nios_sys_uart_0_component_configuration.pl  --do_build_sim=0  ]
Info: uart_0: Done RTL generation for module 'nios_sys_uart_0'
Info: uart_0: "nios_sys" instantiated altera_avalon_uart "uart_0"
Info: switch0: Starting RTL generation for module 'nios_sys_switch0'
Info: switch0:   Generation command is [exec C:/altera/13.0sp1/quartus/bin/perl/bin/perl.exe -I C:/altera/13.0sp1/quartus/common/ip/altera/common/perl/5.8.3 -I C:/altera/13.0sp1/quartus/sopc_builder/bin/europa -I C:/altera/13.0sp1/quartus/sopc_builder/bin/perl_lib -I C:/altera/13.0sp1/quartus/sopc_builder/bin -I C:/altera/13.0sp1/quartus/../ip/altera/sopc_builder_ip/common -I C:/altera/13.0sp1/quartus/../ip/altera/sopc_builder_ip/altera_avalon_pio -- C:/altera/13.0sp1/quartus/../ip/altera/sopc_builder_ip/altera_avalon_pio/generate_rtl.pl --name=nios_sys_switch0 --dir=C:/Users/Yuusei/AppData/Local/Temp/alt0203_554039374200833862.dir/0036_switch0_gen/ --quartus_dir=C:/altera/13.0sp1/quartus --verilog --config=C:/Users/Yuusei/AppData/Local/Temp/alt0203_554039374200833862.dir/0036_switch0_gen//nios_sys_switch0_component_configuration.pl  --do_build_sim=0  ]
Info: switch0: Done RTL generation for module 'nios_sys_switch0'
Info: switch0: "nios_sys" instantiated altera_avalon_pio "switch0"
Info: key1: Starting RTL generation for module 'nios_sys_key1'
Info: key1:   Generation command is [exec C:/altera/13.0sp1/quartus/bin/perl/bin/perl.exe -I C:/altera/13.0sp1/quartus/common/ip/altera/common/perl/5.8.3 -I C:/altera/13.0sp1/quartus/sopc_builder/bin/europa -I C:/altera/13.0sp1/quartus/sopc_builder/bin/perl_lib -I C:/altera/13.0sp1/quartus/sopc_builder/bin -I C:/altera/13.0sp1/quartus/../ip/altera/sopc_builder_ip/common -I C:/altera/13.0sp1/quartus/../ip/altera/sopc_builder_ip/altera_avalon_pio -- C:/altera/13.0sp1/quartus/../ip/altera/sopc_builder_ip/altera_avalon_pio/generate_rtl.pl --name=nios_sys_key1 --dir=C:/Users/Yuusei/AppData/Local/Temp/alt0203_554039374200833862.dir/0037_key1_gen/ --quartus_dir=C:/altera/13.0sp1/quartus --verilog --config=C:/Users/Yuusei/AppData/Local/Temp/alt0203_554039374200833862.dir/0037_key1_gen//nios_sys_key1_component_configuration.pl  --do_build_sim=0  ]
Info: key1: Done RTL generation for module 'nios_sys_key1'
Info: key1: "nios_sys" instantiated altera_avalon_pio "key1"
Info: timer_0: Starting RTL generation for module 'nios_sys_timer_0'
Info: timer_0:   Generation command is [exec C:/altera/13.0sp1/quartus/bin/perl/bin/perl.exe -I C:/altera/13.0sp1/quartus/common/ip/altera/common/perl/5.8.3 -I C:/altera/13.0sp1/quartus/sopc_builder/bin/europa -I C:/altera/13.0sp1/quartus/sopc_builder/bin/perl_lib -I C:/altera/13.0sp1/quartus/sopc_builder/bin -I C:/altera/13.0sp1/quartus/../ip/altera/sopc_builder_ip/common -I C:/altera/13.0sp1/quartus/../ip/altera/sopc_builder_ip/altera_avalon_timer -- C:/altera/13.0sp1/quartus/../ip/altera/sopc_builder_ip/altera_avalon_timer/generate_rtl.pl --name=nios_sys_timer_0 --dir=C:/Users/Yuusei/AppData/Local/Temp/alt0203_554039374200833862.dir/0038_timer_0_gen/ --quartus_dir=C:/altera/13.0sp1/quartus --verilog --config=C:/Users/Yuusei/AppData/Local/Temp/alt0203_554039374200833862.dir/0038_timer_0_gen//nios_sys_timer_0_component_configuration.pl  --do_build_sim=0  ]
Info: timer_0: Done RTL generation for module 'nios_sys_timer_0'
Info: timer_0: "nios_sys" instantiated altera_avalon_timer "timer_0"
Info: nios2_qsys_0_instruction_master_translator: "nios_sys" instantiated altera_merlin_master_translator "nios2_qsys_0_instruction_master_translator"
Info: nios2_qsys_0_jtag_debug_module_translator: "nios_sys" instantiated altera_merlin_slave_translator "nios2_qsys_0_jtag_debug_module_translator"
Info: nios2_qsys_0_instruction_master_translator_avalon_universal_master_0_agent: "nios_sys" instantiated altera_merlin_master_agent "nios2_qsys_0_instruction_master_translator_avalon_universal_master_0_agent"
Info: nios2_qsys_0_jtag_debug_module_translator_avalon_universal_slave_0_agent: "nios_sys" instantiated altera_merlin_slave_agent "nios2_qsys_0_jtag_debug_module_translator_avalon_universal_slave_0_agent"
Info: nios2_qsys_0_jtag_debug_module_translator_avalon_universal_slave_0_agent_rsp_fifo: "nios_sys" instantiated altera_avalon_sc_fifo "nios2_qsys_0_jtag_debug_module_translator_avalon_universal_slave_0_agent_rsp_fifo"
Info: addr_router: "nios_sys" instantiated altera_merlin_router "addr_router"
Info: addr_router_001: "nios_sys" instantiated altera_merlin_router "addr_router_001"
Info: id_router: "nios_sys" instantiated altera_merlin_router "id_router"
Info: id_router_017: "nios_sys" instantiated altera_merlin_router "id_router_017"
Info: rst_controller: "nios_sys" instantiated altera_reset_controller "rst_controller"
Info: cmd_xbar_demux: "nios_sys" instantiated altera_merlin_demultiplexer "cmd_xbar_demux"
Info: cmd_xbar_demux_001: "nios_sys" instantiated altera_merlin_demultiplexer "cmd_xbar_demux_001"
Info: cmd_xbar_mux: "nios_sys" instantiated altera_merlin_multiplexer "cmd_xbar_mux"
Info: rsp_xbar_demux: "nios_sys" instantiated altera_merlin_demultiplexer "rsp_xbar_demux"
Info: rsp_xbar_demux_017: "nios_sys" instantiated altera_merlin_demultiplexer "rsp_xbar_demux_017"
Info: rsp_xbar_mux: "nios_sys" instantiated altera_merlin_multiplexer "rsp_xbar_mux"
Info: Reusing file D:/Soc/NIOS-II-Programming/Lab7/lab7_bai3/nios_sys/synthesis/submodules/altera_merlin_arbitrator.sv
Info: rsp_xbar_mux_001: "nios_sys" instantiated altera_merlin_multiplexer "rsp_xbar_mux_001"
Info: Reusing file D:/Soc/NIOS-II-Programming/Lab7/lab7_bai3/nios_sys/synthesis/submodules/altera_merlin_arbitrator.sv
Info: irq_mapper: "nios_sys" instantiated altera_irq_mapper "irq_mapper"
Info: nios_sys: Done nios_sys" with 28 modules, 216 files, 6133342 bytes
Info: ip-generate succeeded.
Info: Finished: Create HDL design files for synthesis
