
**** Build of configuration Nios II for project LabX3 ****

make all 
      1 [main] sh 7428 find_fast_cwd: WARNING: Couldn't compute FAST_CWD pointer.  Please report this problem to
the public mailing list cygwin@cygwin.com
      1 [main] sh 4216 find_fast_cwd: WARNING: Couldn't compute FAST_CWD pointer.  Please report this problem to
the public mailing list cygwin@cygwin.com
      1 [main] echo 1252 find_fast_cwd: WARNING: Couldn't compute FAST_CWD pointer.  Please report this problem to
the public mailing list cygwin@cygwin.com
Info: Building ../LabX3_bsp/
make --no-print-directory -C ../LabX3_bsp/
      1 [main] pwd 8476 find_fast_cwd: WARNING: Couldn't compute FAST_CWD pointer.  Please report this problem to
the public mailing list cygwin@cygwin.com
     11 [main] sh 5580 find_fast_cwd: WARNING: Couldn't compute FAST_CWD pointer.  Please report this problem to
the public mailing list cygwin@cygwin.com
      1 [main] sh 9284 find_fast_cwd: WARNING: Couldn't compute FAST_CWD pointer.  Please report this problem to
the public mailing list cygwin@cygwin.com
[BSP build complete]
      1 [main] true 4100 find_fast_cwd: WARNING: Couldn't compute FAST_CWD pointer.  Please report this problem to
the public mailing list cygwin@cygwin.com
      1 [main] echo 7912 find_fast_cwd: WARNING: Couldn't compute FAST_CWD pointer.  Please report this problem to
the public mailing list cygwin@cygwin.com
Info: Linking LabX3.elf
nios2-elf-g++  -T'../LabX3_bsp//linker.x' -msys-crt0='../LabX3_bsp//obj/HAL/src/crt0.o' -msys-lib=hal_bsp -L../LabX3_bsp/  -msmallc  -Wl,-Map=LabX3.map   -O0 -g -Wall   -EL -mno-hw-div -mno-hw-mul -mno-hw-mulx  -o LabX3.elf obj/default/hello_world.o -lm 
../LabX3_bsp/\libhal_bsp.a(alt_sys_init.o): In function `alt_sys_init':
D:\Soc\NIOS-II-Programming\Lab7\lab7_bai3\software\LabX3_bsp/alt_sys_init.c:96: warning: Error: Interrupt not connected for timer_0. The system clock driver requires an interrupt to be connected. Please select an IRQ for this device in SOPC builder.
../LabX3_bsp/\libhal_bsp.a(alt_sys_init.o): In function `alt_sys_init':
alt_sys_init.c:(.text+0x44): undefined reference to `__alt_invalid'
collect2: ld returned 1 exit status
make: *** [LabX3.elf] Error 1

**** Build Finished ****
