Info: Starting: Create block symbol file (.bsf)
Info: ip-generate --project-directory=E:/soc/lab41/bai1/ --output-directory=E:/soc/lab41/bai1/nios/ --report-file=bsf:E:/soc/lab41/bai1/nios.bsf --system-info=DEVICE_FAMILY="Cyclone IV E" --system-info=DEVICE=EP4CE115F29C8 --system-info=DEVICE_SPEEDGRADE=8 --component-file=E:/soc/lab41/bai1/nios.qsys
Progress: Loading bai1/nios.qsys
Progress: Reading input file
Progress: Adding clk_0 [clock_source 13.0]
Progress: Parameterizing module clk_0
Progress: Adding onchip_memory2_0 [altera_avalon_onchip_memory2 13.0.1.99.2]
Progress: Parameterizing module onchip_memory2_0
Progress: Adding nios2_qsys_0 [altera_nios2_qsys 13.0]
Progress: Parameterizing module nios2_qsys_0
Progress: Adding jtag_uart_0 [altera_avalon_jtag_uart 13.0.1.99.2]
Progress: Parameterizing module jtag_uart_0
Progress: Adding memory_0 [memory 1.0]
Progress: Parameterizing module memory_0
Progress: Building connections
Progress: Parameterizing connections
Progress: Validating
Progress: Done reading input file
Info: ip-generate succeeded.
Info: Finished: Create block symbol file (.bsf)
Info: 
Info: Starting: Create HDL design files for synthesis
Info: ip-generate --project-directory=E:/soc/lab41/bai1/ --output-directory=E:/soc/lab41/bai1/nios/synthesis/ --file-set=QUARTUS_SYNTH --report-file=sopcinfo:E:/soc/lab41/bai1/nios.sopcinfo --report-file=html:E:/soc/lab41/bai1/nios.html --report-file=qip:E:/soc/lab41/bai1/nios/synthesis/nios.qip --report-file=cmp:E:/soc/lab41/bai1/nios.cmp --report-file=svd --system-info=DEVICE_FAMILY="Cyclone IV E" --system-info=DEVICE=EP4CE115F29C8 --system-info=DEVICE_SPEEDGRADE=8 --component-file=E:/soc/lab41/bai1/nios.qsys --language=VERILOG
Progress: Loading bai1/nios.qsys
Progress: Reading input file
Progress: Adding clk_0 [clock_source 13.0]
Progress: Parameterizing module clk_0
Progress: Adding onchip_memory2_0 [altera_avalon_onchip_memory2 13.0.1.99.2]
Progress: Parameterizing module onchip_memory2_0
Progress: Adding nios2_qsys_0 [altera_nios2_qsys 13.0]
Progress: Parameterizing module nios2_qsys_0
Progress: Adding jtag_uart_0 [altera_avalon_jtag_uart 13.0.1.99.2]
Progress: Parameterizing module jtag_uart_0
Progress: Adding memory_0 [memory 1.0]
Progress: Parameterizing module memory_0
Progress: Building connections
Progress: Parameterizing connections
Progress: Validating
Progress: Done reading input file
Info: nios: Generating nios "nios" for QUARTUS_SYNTH
Info: pipeline_bridge_swap_transform: After transform: 5 modules, 21 connections
Info: No custom instruction connections, skipping transform 
Info: merlin_translator_transform: After transform: 11 modules, 45 connections
Info: merlin_domain_transform: After transform: 22 modules, 115 connections
Info: merlin_router_transform: After transform: 28 modules, 139 connections
Info: reset_adaptation_transform: After transform: 29 modules, 110 connections
Info: merlin_network_to_switch_transform: After transform: 40 modules, 138 connections
Info: merlin_mm_transform: After transform: 40 modules, 138 connections
Info: merlin_interrupt_mapper_transform: After transform: 41 modules, 141 connections
Warning: nios: "No matching role found for rst_controller:reset_out:reset_req (reset_req)"
Warning: nios: "No matching role found for rst_controller:reset_out:reset_req (reset_req)"
Warning: nios: "No matching role found for rst_controller:reset_out:reset_req (reset_req)"
Warning: nios: "No matching role found for rst_controller:reset_out:reset_req (reset_req)"
Warning: nios: "No matching role found for rst_controller:reset_out:reset_req (reset_req)"
Warning: nios: "No matching role found for rst_controller:reset_out:reset_req (reset_req)"
Warning: nios: "No matching role found for rst_controller:reset_out:reset_req (reset_req)"
Warning: nios: "No matching role found for rst_controller:reset_out:reset_req (reset_req)"
Warning: nios: "No matching role found for rst_controller:reset_out:reset_req (reset_req)"
Warning: nios: "No matching role found for rst_controller:reset_out:reset_req (reset_req)"
Warning: nios: "No matching role found for rst_controller:reset_out:reset_req (reset_req)"
Warning: nios: "No matching role found for rst_controller:reset_out:reset_req (reset_req)"
Warning: nios: "No matching role found for rst_controller:reset_out:reset_req (reset_req)"
Warning: nios: "No matching role found for rst_controller:reset_out:reset_req (reset_req)"
Warning: nios: "No matching role found for rst_controller:reset_out:reset_req (reset_req)"
Warning: nios: "No matching role found for rst_controller:reset_out:reset_req (reset_req)"
Warning: nios: "No matching role found for rst_controller:reset_out:reset_req (reset_req)"
Warning: nios: "No matching role found for rst_controller:reset_out:reset_req (reset_req)"
Warning: nios: "No matching role found for rst_controller:reset_out:reset_req (reset_req)"
Warning: nios: "No matching role found for rst_controller:reset_out:reset_req (reset_req)"
Warning: nios: "No matching role found for rst_controller:reset_out:reset_req (reset_req)"
Warning: nios: "No matching role found for rst_controller:reset_out:reset_req (reset_req)"
Warning: nios: "No matching role found for rst_controller:reset_out:reset_req (reset_req)"
Warning: nios: "No matching role found for rst_controller:reset_out:reset_req (reset_req)"
Warning: nios: "No matching role found for rst_controller:reset_out:reset_req (reset_req)"
Warning: nios: "No matching role found for rst_controller:reset_out:reset_req (reset_req)"
Warning: nios: "No matching role found for rst_controller:reset_out:reset_req (reset_req)"
Warning: nios: "No matching role found for rst_controller:reset_out:reset_req (reset_req)"
Warning: nios: "No matching role found for rst_controller:reset_out:reset_req (reset_req)"
Warning: nios: "No matching role found for rst_controller:reset_out:reset_req (reset_req)"
Warning: nios: "No matching role found for rst_controller:reset_out:reset_req (reset_req)"
Warning: nios: "No matching role found for rst_controller:reset_out:reset_req (reset_req)"
Warning: nios: "No matching role found for rst_controller:reset_out:reset_req (reset_req)"
Warning: nios: "No matching role found for rst_controller:reset_out:reset_req (reset_req)"
Warning: nios: "No matching role found for rst_controller:reset_out:reset_req (reset_req)"
Warning: nios: "No matching role found for rst_controller:reset_out:reset_req (reset_req)"
Warning: nios: "No matching role found for rst_controller:reset_out:reset_req (reset_req)"
Warning: nios: "No matching role found for rst_controller:reset_out:reset_req (reset_req)"
Info: onchip_memory2_0: Starting RTL generation for module 'nios_onchip_memory2_0'
Info: onchip_memory2_0:   Generation command is [exec E:/soc/quatues/quartus/bin/perl/bin/perl.exe -I E:/soc/quatues/quartus/common/ip/altera/common/perl/5.8.3 -I E:/soc/quatues/quartus/sopc_builder/bin/europa -I E:/soc/quatues/quartus/sopc_builder/bin/perl_lib -I E:/soc/quatues/quartus/sopc_builder/bin -I E:/soc/quatues/quartus/../ip/altera/sopc_builder_ip/common -I E:/soc/quatues/quartus/../ip/altera/sopc_builder_ip/altera_avalon_onchip_memory2 -- E:/soc/quatues/quartus/../ip/altera/sopc_builder_ip/altera_avalon_onchip_memory2/generate_rtl.pl --name=nios_onchip_memory2_0 --dir=C:/Users/ASUS/AppData/Local/Temp/alt0148_2405382811268119155.dir/0002_onchip_memory2_0_gen/ --quartus_dir=E:/soc/quatues/quartus --verilog --config=C:/Users/ASUS/AppData/Local/Temp/alt0148_2405382811268119155.dir/0002_onchip_memory2_0_gen//nios_onchip_memory2_0_component_configuration.pl  --do_build_sim=0  ]
Info: onchip_memory2_0: Done RTL generation for module 'nios_onchip_memory2_0'
Info: onchip_memory2_0: "nios" instantiated altera_avalon_onchip_memory2 "onchip_memory2_0"
Info: nios2_qsys_0: Starting RTL generation for module 'nios_nios2_qsys_0'
Info: nios2_qsys_0:   Generation command is [exec E:/soc/quatues/quartus/../ip/altera/nios2_ip/altera_nios2/eperl.exe -I E:/soc/quatues/quartus/common/ip/altera/common/perl/5.8.3 -I E:/soc/quatues/quartus/sopc_builder/bin/europa -I E:/soc/quatues/quartus/sopc_builder/bin/perl_lib -I E:/soc/quatues/quartus/sopc_builder/bin -I E:/soc/quatues/quartus/../ip/altera/nios2_ip/altera_nios2/cpu_lib -I E:/soc/quatues/quartus/../ip/altera/nios2_ip/altera_nios2/nios_lib -I E:/soc/quatues/quartus/../ip/altera/nios2_ip/altera_nios2 -I E:/soc/quatues/quartus/../ip/altera/nios2_ip/altera_nios2 -- E:/soc/quatues/quartus/../ip/altera/nios2_ip/altera_nios2/generate_rtl.epl --name=nios_nios2_qsys_0 --dir=C:/Users/ASUS/AppData/Local/Temp/alt0148_2405382811268119155.dir/0003_nios2_qsys_0_gen/ --quartus_dir=E:/soc/quatues/quartus --verilog --config=C:/Users/ASUS/AppData/Local/Temp/alt0148_2405382811268119155.dir/0003_nios2_qsys_0_gen//nios_nios2_qsys_0_processor_configuration.pl  --do_build_sim=0    --bogus  ]
Info: nios2_qsys_0: # 2025.03.01 23:18:51 (*) Starting Nios II generation
Info: nios2_qsys_0: # 2025.03.01 23:18:51 (*)   Checking for plaintext license.
Info: nios2_qsys_0: # 2025.03.01 23:18:51 (*)   Couldn't query license setup in Quartus directory E:/soc/quatues/quartus
Info: nios2_qsys_0: # 2025.03.01 23:18:51 (*)   Defaulting to contents of LM_LICENSE_FILE environment variable
Info: nios2_qsys_0: # 2025.03.01 23:18:51 (*)   LM_LICENSE_FILE environment variable is empty
Info: nios2_qsys_0: # 2025.03.01 23:18:51 (*)   Plaintext license not found.
Info: nios2_qsys_0: # 2025.03.01 23:18:51 (*)   No license required to generate encrypted Nios II/e.
Info: nios2_qsys_0: # 2025.03.01 23:18:51 (*)   Elaborating CPU configuration settings
Info: nios2_qsys_0: # 2025.03.01 23:18:51 (*)   Creating all objects for CPU
Info: nios2_qsys_0: # 2025.03.01 23:18:52 (*)   Generating RTL from CPU objects
Info: nios2_qsys_0: # 2025.03.01 23:18:52 (*)   Creating plain-text RTL
Info: nios2_qsys_0: # 2025.03.01 23:18:54 (*) Done Nios II generation
Info: nios2_qsys_0: Done RTL generation for module 'nios_nios2_qsys_0'
Info: nios2_qsys_0: "nios" instantiated altera_nios2_qsys "nios2_qsys_0"
Info: jtag_uart_0: Starting RTL generation for module 'nios_jtag_uart_0'
Info: jtag_uart_0:   Generation command is [exec E:/soc/quatues/quartus/bin/perl/bin/perl.exe -I E:/soc/quatues/quartus/common/ip/altera/common/perl/5.8.3 -I E:/soc/quatues/quartus/sopc_builder/bin/europa -I E:/soc/quatues/quartus/sopc_builder/bin/perl_lib -I E:/soc/quatues/quartus/sopc_builder/bin -I E:/soc/quatues/quartus/../ip/altera/sopc_builder_ip/common -I E:/soc/quatues/quartus/../ip/altera/sopc_builder_ip/altera_avalon_jtag_uart -- E:/soc/quatues/quartus/../ip/altera/sopc_builder_ip/altera_avalon_jtag_uart/generate_rtl.pl --name=nios_jtag_uart_0 --dir=C:/Users/ASUS/AppData/Local/Temp/alt0148_2405382811268119155.dir/0004_jtag_uart_0_gen/ --quartus_dir=E:/soc/quatues/quartus --verilog --config=C:/Users/ASUS/AppData/Local/Temp/alt0148_2405382811268119155.dir/0004_jtag_uart_0_gen//nios_jtag_uart_0_component_configuration.pl  --do_build_sim=0  ]
Info: jtag_uart_0: Done RTL generation for module 'nios_jtag_uart_0'
Info: jtag_uart_0: "nios" instantiated altera_avalon_jtag_uart "jtag_uart_0"
Info: memory_0: "nios" instantiated memory "memory_0"
Info: nios2_qsys_0_instruction_master_translator: "nios" instantiated altera_merlin_master_translator "nios2_qsys_0_instruction_master_translator"
Info: nios2_qsys_0_jtag_debug_module_translator: "nios" instantiated altera_merlin_slave_translator "nios2_qsys_0_jtag_debug_module_translator"
Info: nios2_qsys_0_instruction_master_translator_avalon_universal_master_0_agent: "nios" instantiated altera_merlin_master_agent "nios2_qsys_0_instruction_master_translator_avalon_universal_master_0_agent"
Info: nios2_qsys_0_jtag_debug_module_translator_avalon_universal_slave_0_agent: "nios" instantiated altera_merlin_slave_agent "nios2_qsys_0_jtag_debug_module_translator_avalon_universal_slave_0_agent"
Info: nios2_qsys_0_jtag_debug_module_translator_avalon_universal_slave_0_agent_rsp_fifo: "nios" instantiated altera_avalon_sc_fifo "nios2_qsys_0_jtag_debug_module_translator_avalon_universal_slave_0_agent_rsp_fifo"
Info: addr_router: "nios" instantiated altera_merlin_router "addr_router"
Info: id_router: "nios" instantiated altera_merlin_router "id_router"
Info: rst_controller: "nios" instantiated altera_reset_controller "rst_controller"
Info: cmd_xbar_demux: "nios" instantiated altera_merlin_demultiplexer "cmd_xbar_demux"
Info: cmd_xbar_mux: "nios" instantiated altera_merlin_multiplexer "cmd_xbar_mux"
Info: rsp_xbar_demux: "nios" instantiated altera_merlin_demultiplexer "rsp_xbar_demux"
Info: rsp_xbar_mux: "nios" instantiated altera_merlin_multiplexer "rsp_xbar_mux"
Info: Reusing file E:/soc/lab41/bai1/nios/synthesis/submodules/altera_merlin_arbitrator.sv
Info: irq_mapper: "nios" instantiated altera_irq_mapper "irq_mapper"
Info: nios: Done nios" with 18 modules, 62 files, 3235074 bytes
Info: ip-generate succeeded.
Info: Finished: Create HDL design files for synthesis
