Info: Starting: Create block symbol file (.bsf)
Info: ip-generate --project-directory=D:/TH_SOC/LAB4/lab4-part1/ --output-directory=D:/TH_SOC/LAB4/lab4-part1/lab4part1/ --report-file=bsf:D:/TH_SOC/LAB4/lab4-part1/lab4part1.bsf --system-info=DEVICE_FAMILY="Cyclone IV E" --system-info=DEVICE=EP4CE115F29C8 --system-info=DEVICE_SPEEDGRADE=8 --component-file=D:/TH_SOC/LAB4/lab4-part1/lab4part1.qsys
Progress: Loading lab4-part1/lab4part1.qsys
Progress: Reading input file
Progress: Adding clk_0 [clock_source 13.0]
Progress: Parameterizing module clk_0
Progress: Adding onchip_memory2_0 [altera_avalon_onchip_memory2 13.0.1.99.2]
Progress: Parameterizing module onchip_memory2_0
Progress: Adding nios2_qsys_0 [altera_nios2_qsys 13.0]
Progress: Parameterizing module nios2_qsys_0
Progress: Adding jtag_uart_0 [altera_avalon_jtag_uart 13.0.1.99.2]
Progress: Parameterizing module jtag_uart_0
Progress: Building connections
Progress: Parameterizing connections
Progress: Validating
Progress: Done reading input file
Info: ip-generate succeeded.
Info: Finished: Create block symbol file (.bsf)
Info: 
Info: Starting: Create HDL design files for synthesis
Info: ip-generate --project-directory=D:/TH_SOC/LAB4/lab4-part1/ --output-directory=D:/TH_SOC/LAB4/lab4-part1/lab4part1/synthesis/ --file-set=QUARTUS_SYNTH --report-file=sopcinfo:D:/TH_SOC/LAB4/lab4-part1/lab4part1.sopcinfo --report-file=html:D:/TH_SOC/LAB4/lab4-part1/lab4part1.html --report-file=qip:D:/TH_SOC/LAB4/lab4-part1/lab4part1/synthesis/lab4part1.qip --report-file=cmp:D:/TH_SOC/LAB4/lab4-part1/lab4part1.cmp --report-file=svd --system-info=DEVICE_FAMILY="Cyclone IV E" --system-info=DEVICE=EP4CE115F29C8 --system-info=DEVICE_SPEEDGRADE=8 --component-file=D:/TH_SOC/LAB4/lab4-part1/lab4part1.qsys --language=VERILOG
Progress: Loading lab4-part1/lab4part1.qsys
Progress: Reading input file
Progress: Adding clk_0 [clock_source 13.0]
Progress: Parameterizing module clk_0
Progress: Adding onchip_memory2_0 [altera_avalon_onchip_memory2 13.0.1.99.2]
Progress: Parameterizing module onchip_memory2_0
Progress: Adding nios2_qsys_0 [altera_nios2_qsys 13.0]
Progress: Parameterizing module nios2_qsys_0
Progress: Adding jtag_uart_0 [altera_avalon_jtag_uart 13.0.1.99.2]
Progress: Parameterizing module jtag_uart_0
Progress: Building connections
Progress: Parameterizing connections
Progress: Validating
Progress: Done reading input file
Info: lab4part1: Generating lab4part1 "lab4part1" for QUARTUS_SYNTH
Info: pipeline_bridge_swap_transform: After transform: 4 modules, 16 connections
Info: No custom instruction connections, skipping transform 
Info: merlin_translator_transform: After transform: 9 modules, 36 connections
Info: merlin_domain_transform: After transform: 18 modules, 93 connections
Info: merlin_router_transform: After transform: 23 modules, 113 connections
Info: reset_adaptation_transform: After transform: 24 modules, 90 connections
Info: merlin_network_to_switch_transform: After transform: 33 modules, 112 connections
Info: merlin_mm_transform: After transform: 33 modules, 112 connections
Info: merlin_interrupt_mapper_transform: After transform: 34 modules, 115 connections
Warning: lab4part1: "No matching role found for rst_controller:reset_out:reset_req (reset_req)"
Warning: lab4part1: "No matching role found for rst_controller:reset_out:reset_req (reset_req)"
Warning: lab4part1: "No matching role found for rst_controller:reset_out:reset_req (reset_req)"
Warning: lab4part1: "No matching role found for rst_controller:reset_out:reset_req (reset_req)"
Warning: lab4part1: "No matching role found for rst_controller:reset_out:reset_req (reset_req)"
Warning: lab4part1: "No matching role found for rst_controller:reset_out:reset_req (reset_req)"
Warning: lab4part1: "No matching role found for rst_controller:reset_out:reset_req (reset_req)"
Warning: lab4part1: "No matching role found for rst_controller:reset_out:reset_req (reset_req)"
Warning: lab4part1: "No matching role found for rst_controller:reset_out:reset_req (reset_req)"
Warning: lab4part1: "No matching role found for rst_controller:reset_out:reset_req (reset_req)"
Warning: lab4part1: "No matching role found for rst_controller:reset_out:reset_req (reset_req)"
Warning: lab4part1: "No matching role found for rst_controller:reset_out:reset_req (reset_req)"
Warning: lab4part1: "No matching role found for rst_controller:reset_out:reset_req (reset_req)"
Warning: lab4part1: "No matching role found for rst_controller:reset_out:reset_req (reset_req)"
Warning: lab4part1: "No matching role found for rst_controller:reset_out:reset_req (reset_req)"
Warning: lab4part1: "No matching role found for rst_controller:reset_out:reset_req (reset_req)"
Warning: lab4part1: "No matching role found for rst_controller:reset_out:reset_req (reset_req)"
Warning: lab4part1: "No matching role found for rst_controller:reset_out:reset_req (reset_req)"
Warning: lab4part1: "No matching role found for rst_controller:reset_out:reset_req (reset_req)"
Warning: lab4part1: "No matching role found for rst_controller:reset_out:reset_req (reset_req)"
Warning: lab4part1: "No matching role found for rst_controller:reset_out:reset_req (reset_req)"
Warning: lab4part1: "No matching role found for rst_controller:reset_out:reset_req (reset_req)"
Warning: lab4part1: "No matching role found for rst_controller:reset_out:reset_req (reset_req)"
Warning: lab4part1: "No matching role found for rst_controller:reset_out:reset_req (reset_req)"
Warning: lab4part1: "No matching role found for rst_controller:reset_out:reset_req (reset_req)"
Warning: lab4part1: "No matching role found for rst_controller:reset_out:reset_req (reset_req)"
Warning: lab4part1: "No matching role found for rst_controller:reset_out:reset_req (reset_req)"
Warning: lab4part1: "No matching role found for rst_controller:reset_out:reset_req (reset_req)"
Warning: lab4part1: "No matching role found for rst_controller:reset_out:reset_req (reset_req)"
Warning: lab4part1: "No matching role found for rst_controller:reset_out:reset_req (reset_req)"
Warning: lab4part1: "No matching role found for rst_controller:reset_out:reset_req (reset_req)"
Info: onchip_memory2_0: Starting RTL generation for module 'lab4part1_onchip_memory2_0'
Info: onchip_memory2_0:   Generation command is [exec C:/altera/13.0sp1/quartus/bin/perl/bin/perl.exe -I C:/altera/13.0sp1/quartus/common/ip/altera/common/perl/5.8.3 -I C:/altera/13.0sp1/quartus/sopc_builder/bin/europa -I C:/altera/13.0sp1/quartus/sopc_builder/bin/perl_lib -I C:/altera/13.0sp1/quartus/sopc_builder/bin -I C:/altera/13.0sp1/quartus/../ip/altera/sopc_builder_ip/common -I C:/altera/13.0sp1/quartus/../ip/altera/sopc_builder_ip/altera_avalon_onchip_memory2 -- C:/altera/13.0sp1/quartus/../ip/altera/sopc_builder_ip/altera_avalon_onchip_memory2/generate_rtl.pl --name=lab4part1_onchip_memory2_0 --dir=C:/Users/thinh/AppData/Local/Temp/alt0142_2672103264756007218.dir/0001_onchip_memory2_0_gen/ --quartus_dir=C:/altera/13.0sp1/quartus --verilog --config=C:/Users/thinh/AppData/Local/Temp/alt0142_2672103264756007218.dir/0001_onchip_memory2_0_gen//lab4part1_onchip_memory2_0_component_configuration.pl  --do_build_sim=0  ]
Info: onchip_memory2_0: Done RTL generation for module 'lab4part1_onchip_memory2_0'
Info: onchip_memory2_0: "lab4part1" instantiated altera_avalon_onchip_memory2 "onchip_memory2_0"
Info: nios2_qsys_0: Starting RTL generation for module 'lab4part1_nios2_qsys_0'
Info: nios2_qsys_0:   Generation command is [exec C:/altera/13.0sp1/quartus/../ip/altera/nios2_ip/altera_nios2/eperl.exe -I C:/altera/13.0sp1/quartus/common/ip/altera/common/perl/5.8.3 -I C:/altera/13.0sp1/quartus/sopc_builder/bin/europa -I C:/altera/13.0sp1/quartus/sopc_builder/bin/perl_lib -I C:/altera/13.0sp1/quartus/sopc_builder/bin -I C:/altera/13.0sp1/quartus/../ip/altera/nios2_ip/altera_nios2/cpu_lib -I C:/altera/13.0sp1/quartus/../ip/altera/nios2_ip/altera_nios2/nios_lib -I C:/altera/13.0sp1/quartus/../ip/altera/nios2_ip/altera_nios2 -I C:/altera/13.0sp1/quartus/../ip/altera/nios2_ip/altera_nios2 -- C:/altera/13.0sp1/quartus/../ip/altera/nios2_ip/altera_nios2/generate_rtl.epl --name=lab4part1_nios2_qsys_0 --dir=C:/Users/thinh/AppData/Local/Temp/alt0142_2672103264756007218.dir/0002_nios2_qsys_0_gen/ --quartus_dir=C:/altera/13.0sp1/quartus --verilog --config=C:/Users/thinh/AppData/Local/Temp/alt0142_2672103264756007218.dir/0002_nios2_qsys_0_gen//lab4part1_nios2_qsys_0_processor_configuration.pl  --do_build_sim=0    --bogus  ]
Info: nios2_qsys_0: # 2025.02.23 08:44:41 (*) Starting Nios II generation
Info: nios2_qsys_0: # 2025.02.23 08:44:41 (*)   Checking for plaintext license.
Info: nios2_qsys_0: # 2025.02.23 08:44:43 (*)   LM_LICENSE_FILE environment variable is empty
Info: nios2_qsys_0: # 2025.02.23 08:44:43 (*)   Plaintext license not found.
Info: nios2_qsys_0: # 2025.02.23 08:44:43 (*)   No license required to generate encrypted Nios II/e.
Info: nios2_qsys_0: # 2025.02.23 08:44:43 (*)   Elaborating CPU configuration settings
Info: nios2_qsys_0: # 2025.02.23 08:44:43 (*)   Creating all objects for CPU
Info: nios2_qsys_0: # 2025.02.23 08:44:44 (*)   Generating RTL from CPU objects
Info: nios2_qsys_0: # 2025.02.23 08:44:44 (*)   Creating plain-text RTL
Info: nios2_qsys_0: # 2025.02.23 08:44:46 (*) Done Nios II generation
Info: nios2_qsys_0: Done RTL generation for module 'lab4part1_nios2_qsys_0'
Info: nios2_qsys_0: "lab4part1" instantiated altera_nios2_qsys "nios2_qsys_0"
Info: jtag_uart_0: Starting RTL generation for module 'lab4part1_jtag_uart_0'
Info: jtag_uart_0:   Generation command is [exec C:/altera/13.0sp1/quartus/bin/perl/bin/perl.exe -I C:/altera/13.0sp1/quartus/common/ip/altera/common/perl/5.8.3 -I C:/altera/13.0sp1/quartus/sopc_builder/bin/europa -I C:/altera/13.0sp1/quartus/sopc_builder/bin/perl_lib -I C:/altera/13.0sp1/quartus/sopc_builder/bin -I C:/altera/13.0sp1/quartus/../ip/altera/sopc_builder_ip/common -I C:/altera/13.0sp1/quartus/../ip/altera/sopc_builder_ip/altera_avalon_jtag_uart -- C:/altera/13.0sp1/quartus/../ip/altera/sopc_builder_ip/altera_avalon_jtag_uart/generate_rtl.pl --name=lab4part1_jtag_uart_0 --dir=C:/Users/thinh/AppData/Local/Temp/alt0142_2672103264756007218.dir/0003_jtag_uart_0_gen/ --quartus_dir=C:/altera/13.0sp1/quartus --verilog --config=C:/Users/thinh/AppData/Local/Temp/alt0142_2672103264756007218.dir/0003_jtag_uart_0_gen//lab4part1_jtag_uart_0_component_configuration.pl  --do_build_sim=0  ]
Info: jtag_uart_0: Done RTL generation for module 'lab4part1_jtag_uart_0'
Info: jtag_uart_0: "lab4part1" instantiated altera_avalon_jtag_uart "jtag_uart_0"
Info: nios2_qsys_0_instruction_master_translator: "lab4part1" instantiated altera_merlin_master_translator "nios2_qsys_0_instruction_master_translator"
Info: nios2_qsys_0_jtag_debug_module_translator: "lab4part1" instantiated altera_merlin_slave_translator "nios2_qsys_0_jtag_debug_module_translator"
Info: nios2_qsys_0_instruction_master_translator_avalon_universal_master_0_agent: "lab4part1" instantiated altera_merlin_master_agent "nios2_qsys_0_instruction_master_translator_avalon_universal_master_0_agent"
Info: nios2_qsys_0_jtag_debug_module_translator_avalon_universal_slave_0_agent: "lab4part1" instantiated altera_merlin_slave_agent "nios2_qsys_0_jtag_debug_module_translator_avalon_universal_slave_0_agent"
Info: nios2_qsys_0_jtag_debug_module_translator_avalon_universal_slave_0_agent_rsp_fifo: "lab4part1" instantiated altera_avalon_sc_fifo "nios2_qsys_0_jtag_debug_module_translator_avalon_universal_slave_0_agent_rsp_fifo"
Info: addr_router: "lab4part1" instantiated altera_merlin_router "addr_router"
Info: id_router: "lab4part1" instantiated altera_merlin_router "id_router"
Info: rst_controller: "lab4part1" instantiated altera_reset_controller "rst_controller"
Info: cmd_xbar_demux: "lab4part1" instantiated altera_merlin_demultiplexer "cmd_xbar_demux"
Info: cmd_xbar_mux: "lab4part1" instantiated altera_merlin_multiplexer "cmd_xbar_mux"
Info: rsp_xbar_demux: "lab4part1" instantiated altera_merlin_demultiplexer "rsp_xbar_demux"
Info: rsp_xbar_mux: "lab4part1" instantiated altera_merlin_multiplexer "rsp_xbar_mux"
Info: Reusing file D:/TH_SOC/LAB4/lab4-part1/lab4part1/synthesis/submodules/altera_merlin_arbitrator.sv
Info: irq_mapper: "lab4part1" instantiated altera_irq_mapper "irq_mapper"
Info: lab4part1: Done lab4part1" with 17 modules, 53 files, 3071250 bytes
Info: ip-generate succeeded.
Info: Finished: Create HDL design files for synthesis
