Flow report for lab3_part3
Sun Jan 12 09:51:19 2025
Quartus II 64-Bit Version 13.0.1 Build 232 06/12/2013 Service Pack 1 SJ Web Edition


---------------------
; Table of Contents ;
---------------------
  1. Legal Notice
  2. Flow Summary
  3. Flow Settings
  4. Flow Non-Default Global Settings
  5. Flow Elapsed Time
  6. Flow OS Summary
  7. Flow Log
  8. Flow Messages
  9. Flow Suppressed Messages



----------------
; Legal Notice ;
----------------
Copyright (C) 1991-2013 Altera Corporation
Your use of Altera Corporation's design tools, logic functions 
and other software and tools, and its AMPP partner logic 
functions, and any output files from any of the foregoing 
(including device programming or simulation files), and any 
associated documentation or information are expressly subject 
to the terms and conditions of the Altera Program License 
Subscription Agreement, Altera MegaCore Function License 
Agreement, or other applicable license agreement, including, 
without limitation, that your use is for the sole purpose of 
programming logic devices manufactured by Altera and sold by 
Altera or its authorized distributors.  Please refer to the 
applicable agreement for further details.



+--------------------------------------------------------------------------------------+
; Flow Summary                                                                         ;
+------------------------------------+-------------------------------------------------+
; Flow Status                        ; Successful - Sun Jan 12 09:51:10 2025           ;
; Quartus II 64-Bit Version          ; 13.0.1 Build 232 06/12/2013 SP 1 SJ Web Edition ;
; Revision Name                      ; lab3_part3                                      ;
; Top-level Entity Name              ; lab3_part3                                      ;
; Family                             ; Cyclone IV E                                    ;
; Device                             ; EP4CE115F29C8                                   ;
; Timing Models                      ; Final                                           ;
; Total logic elements               ; 2,086 / 114,480 ( 2 % )                         ;
;     Total combinational functions  ; 1,997 / 114,480 ( 2 % )                         ;
;     Dedicated logic registers      ; 958 / 114,480 ( < 1 % )                         ;
; Total registers                    ; 958                                             ;
; Total pins                         ; 24 / 529 ( 5 % )                                ;
; Total virtual pins                 ; 0                                               ;
; Total memory bits                  ; 3,211,264 / 3,981,312 ( 81 % )                  ;
; Embedded Multiplier 9-bit elements ; 0 / 532 ( 0 % )                                 ;
; Total PLLs                         ; 0 / 4 ( 0 % )                                   ;
+------------------------------------+-------------------------------------------------+


+-----------------------------------------+
; Flow Settings                           ;
+-------------------+---------------------+
; Option            ; Setting             ;
+-------------------+---------------------+
; Start date & time ; 01/12/2025 09:50:02 ;
; Main task         ; Compilation         ;
; Revision Name     ; lab3_part3          ;
+-------------------+---------------------+


+------------------------------------------------------------------------------------------------------------------------------------------------------------------+
; Flow Non-Default Global Settings                                                                                                                                 ;
+-------------------------------------+-------------------------------------------------------------+---------------+---------------------------------+------------+
; Assignment Name                     ; Value                                                       ; Default Value ; Entity Name                     ; Section Id ;
+-------------------------------------+-------------------------------------------------------------+---------------+---------------------------------+------------+
; COMPILER_SIGNATURE_ID               ; 31609889871176.173665020203180                              ; --            ; --                              ; --         ;
; IP_TOOL_ENV                         ; Qsys                                                        ; --            ; altera_avalon_sc_fifo           ; --         ;
; IP_TOOL_ENV                         ; Qsys                                                        ; --            ; altera_merlin_master_agent      ; --         ;
; IP_TOOL_ENV                         ; Qsys                                                        ; --            ; altera_merlin_master_translator ; --         ;
; IP_TOOL_ENV                         ; Qsys                                                        ; --            ; altera_merlin_slave_agent       ; --         ;
; IP_TOOL_ENV                         ; Qsys                                                        ; --            ; altera_merlin_slave_translator  ; --         ;
; IP_TOOL_ENV                         ; Qsys                                                        ; --            ; altera_reset_controller         ; --         ;
; IP_TOOL_ENV                         ; Qsys                                                        ; --            ; lab3part3                       ; --         ;
; IP_TOOL_ENV                         ; Qsys                                                        ; --            ; lab3part3_addr_router           ; --         ;
; IP_TOOL_ENV                         ; Qsys                                                        ; --            ; lab3part3_addr_router_001       ; --         ;
; IP_TOOL_ENV                         ; Qsys                                                        ; --            ; lab3part3_cmd_xbar_demux        ; --         ;
; IP_TOOL_ENV                         ; Qsys                                                        ; --            ; lab3part3_cmd_xbar_demux_001    ; --         ;
; IP_TOOL_ENV                         ; Qsys                                                        ; --            ; lab3part3_cmd_xbar_mux          ; --         ;
; IP_TOOL_ENV                         ; Qsys                                                        ; --            ; lab3part3_id_router             ; --         ;
; IP_TOOL_ENV                         ; Qsys                                                        ; --            ; lab3part3_id_router_005         ; --         ;
; IP_TOOL_ENV                         ; Qsys                                                        ; --            ; lab3part3_irq_mapper            ; --         ;
; IP_TOOL_ENV                         ; Qsys                                                        ; --            ; lab3part3_jtag_uart_0           ; --         ;
; IP_TOOL_ENV                         ; Qsys                                                        ; --            ; lab3part3_nios2_qsys_0          ; --         ;
; IP_TOOL_ENV                         ; Qsys                                                        ; --            ; lab3part3_onchip_memory2_0      ; --         ;
; IP_TOOL_ENV                         ; Qsys                                                        ; --            ; lab3part3_rsp_xbar_demux        ; --         ;
; IP_TOOL_ENV                         ; Qsys                                                        ; --            ; lab3part3_rsp_xbar_demux_005    ; --         ;
; IP_TOOL_ENV                         ; Qsys                                                        ; --            ; lab3part3_rsp_xbar_mux          ; --         ;
; IP_TOOL_ENV                         ; Qsys                                                        ; --            ; lab3part3_rsp_xbar_mux_001      ; --         ;
; IP_TOOL_NAME                        ; altera_avalon_sc_fifo                                       ; --            ; altera_avalon_sc_fifo           ; --         ;
; IP_TOOL_NAME                        ; altera_merlin_master_agent                                  ; --            ; altera_merlin_master_agent      ; --         ;
; IP_TOOL_NAME                        ; altera_merlin_master_translator                             ; --            ; altera_merlin_master_translator ; --         ;
; IP_TOOL_NAME                        ; altera_merlin_slave_agent                                   ; --            ; altera_merlin_slave_agent       ; --         ;
; IP_TOOL_NAME                        ; altera_merlin_slave_translator                              ; --            ; altera_merlin_slave_translator  ; --         ;
; IP_TOOL_NAME                        ; altera_reset_controller                                     ; --            ; altera_reset_controller         ; --         ;
; IP_TOOL_NAME                        ; Qsys                                                        ; --            ; lab3part3                       ; --         ;
; IP_TOOL_NAME                        ; altera_merlin_router                                        ; --            ; lab3part3_addr_router           ; --         ;
; IP_TOOL_NAME                        ; altera_merlin_router                                        ; --            ; lab3part3_addr_router_001       ; --         ;
; IP_TOOL_NAME                        ; altera_merlin_demultiplexer                                 ; --            ; lab3part3_cmd_xbar_demux        ; --         ;
; IP_TOOL_NAME                        ; altera_merlin_demultiplexer                                 ; --            ; lab3part3_cmd_xbar_demux_001    ; --         ;
; IP_TOOL_NAME                        ; altera_merlin_multiplexer                                   ; --            ; lab3part3_cmd_xbar_mux          ; --         ;
; IP_TOOL_NAME                        ; altera_merlin_router                                        ; --            ; lab3part3_id_router             ; --         ;
; IP_TOOL_NAME                        ; altera_merlin_router                                        ; --            ; lab3part3_id_router_005         ; --         ;
; IP_TOOL_NAME                        ; altera_irq_mapper                                           ; --            ; lab3part3_irq_mapper            ; --         ;
; IP_TOOL_NAME                        ; altera_avalon_jtag_uart                                     ; --            ; lab3part3_jtag_uart_0           ; --         ;
; IP_TOOL_NAME                        ; altera_nios2_qsys                                           ; --            ; lab3part3_nios2_qsys_0          ; --         ;
; IP_TOOL_NAME                        ; altera_avalon_onchip_memory2                                ; --            ; lab3part3_onchip_memory2_0      ; --         ;
; IP_TOOL_NAME                        ; altera_merlin_demultiplexer                                 ; --            ; lab3part3_rsp_xbar_demux        ; --         ;
; IP_TOOL_NAME                        ; altera_merlin_demultiplexer                                 ; --            ; lab3part3_rsp_xbar_demux_005    ; --         ;
; IP_TOOL_NAME                        ; altera_merlin_multiplexer                                   ; --            ; lab3part3_rsp_xbar_mux          ; --         ;
; IP_TOOL_NAME                        ; altera_merlin_multiplexer                                   ; --            ; lab3part3_rsp_xbar_mux_001      ; --         ;
; IP_TOOL_VERSION                     ; 13.0                                                        ; --            ; altera_avalon_sc_fifo           ; --         ;
; IP_TOOL_VERSION                     ; 13.0                                                        ; --            ; altera_merlin_master_agent      ; --         ;
; IP_TOOL_VERSION                     ; 13.0                                                        ; --            ; altera_merlin_master_translator ; --         ;
; IP_TOOL_VERSION                     ; 13.0                                                        ; --            ; altera_merlin_slave_agent       ; --         ;
; IP_TOOL_VERSION                     ; 13.0                                                        ; --            ; altera_merlin_slave_translator  ; --         ;
; IP_TOOL_VERSION                     ; 13.0                                                        ; --            ; altera_reset_controller         ; --         ;
; IP_TOOL_VERSION                     ; 13.0sp1                                                     ; --            ; lab3part3                       ; --         ;
; IP_TOOL_VERSION                     ; 13.0                                                        ; --            ; lab3part3_addr_router           ; --         ;
; IP_TOOL_VERSION                     ; 13.0                                                        ; --            ; lab3part3_addr_router_001       ; --         ;
; IP_TOOL_VERSION                     ; 13.0                                                        ; --            ; lab3part3_cmd_xbar_demux        ; --         ;
; IP_TOOL_VERSION                     ; 13.0                                                        ; --            ; lab3part3_cmd_xbar_demux_001    ; --         ;
; IP_TOOL_VERSION                     ; 13.0                                                        ; --            ; lab3part3_cmd_xbar_mux          ; --         ;
; IP_TOOL_VERSION                     ; 13.0                                                        ; --            ; lab3part3_id_router             ; --         ;
; IP_TOOL_VERSION                     ; 13.0                                                        ; --            ; lab3part3_id_router_005         ; --         ;
; IP_TOOL_VERSION                     ; 13.0                                                        ; --            ; lab3part3_irq_mapper            ; --         ;
; IP_TOOL_VERSION                     ; 13.0.1.99.2                                                 ; --            ; lab3part3_jtag_uart_0           ; --         ;
; IP_TOOL_VERSION                     ; 13.0                                                        ; --            ; lab3part3_nios2_qsys_0          ; --         ;
; IP_TOOL_VERSION                     ; 13.0.1.99.2                                                 ; --            ; lab3part3_onchip_memory2_0      ; --         ;
; IP_TOOL_VERSION                     ; 13.0                                                        ; --            ; lab3part3_rsp_xbar_demux        ; --         ;
; IP_TOOL_VERSION                     ; 13.0                                                        ; --            ; lab3part3_rsp_xbar_demux_005    ; --         ;
; IP_TOOL_VERSION                     ; 13.0                                                        ; --            ; lab3part3_rsp_xbar_mux          ; --         ;
; IP_TOOL_VERSION                     ; 13.0                                                        ; --            ; lab3part3_rsp_xbar_mux_001      ; --         ;
; MAX_CORE_JUNCTION_TEMP              ; 85                                                          ; --            ; --                              ; --         ;
; MIN_CORE_JUNCTION_TEMP              ; 0                                                           ; --            ; --                              ; --         ;
; MISC_FILE                           ; lab3part3/synthesis/../../lab3part3.cmp                     ; --            ; --                              ; --         ;
; MISC_FILE                           ; lab3part3/synthesis/../../lab3part3.qsys                    ; --            ; --                              ; --         ;
; NOMINAL_CORE_SUPPLY_VOLTAGE         ; 1.2V                                                        ; --            ; --                              ; --         ;
; PARTITION_COLOR                     ; 16764057                                                    ; --            ; --                              ; Top        ;
; PARTITION_FITTER_PRESERVATION_LEVEL ; PLACEMENT_AND_ROUTING                                       ; --            ; --                              ; Top        ;
; PARTITION_NETLIST_TYPE              ; SOURCE                                                      ; --            ; --                              ; Top        ;
; POWER_BOARD_THERMAL_MODEL           ; None (CONSERVATIVE)                                         ; --            ; --                              ; --         ;
; POWER_PRESET_COOLING_SOLUTION       ; 23 MM HEAT SINK WITH 200 LFPM AIRFLOW                       ; --            ; --                              ; --         ;
; PROJECT_OUTPUT_DIRECTORY            ; output_files                                                ; --            ; --                              ; --         ;
; SLD_INFO                            ; QSYS_NAME lab3part3 HAS_SOPCINFO 1 GENERATION_ID 1736649881 ; --            ; lab3part3                       ; --         ;
; SOPCINFO_FILE                       ; lab3part3/synthesis/../../lab3part3.sopcinfo                ; --            ; --                              ; --         ;
; SYNTHESIS_ONLY_QIP                  ; On                                                          ; --            ; --                              ; --         ;
+-------------------------------------+-------------------------------------------------------------+---------------+---------------------------------+------------+


+-------------------------------------------------------------------------------------------------------------------------------+
; Flow Elapsed Time                                                                                                             ;
+---------------------------+--------------+-------------------------+---------------------+------------------------------------+
; Module Name               ; Elapsed Time ; Average Processors Used ; Peak Virtual Memory ; Total CPU Time (on all processors) ;
+---------------------------+--------------+-------------------------+---------------------+------------------------------------+
; Analysis & Synthesis      ; 00:00:21     ; 1.0                     ; 4730 MB             ; 00:00:20                           ;
; Fitter                    ; 00:00:34     ; 1.0                     ; 5134 MB             ; 00:00:32                           ;
; Assembler                 ; 00:00:08     ; 1.0                     ; 4604 MB             ; 00:00:08                           ;
; TimeQuest Timing Analyzer ; 00:00:08     ; 1.0                     ; 4728 MB             ; 00:00:08                           ;
; Total                     ; 00:01:11     ; --                      ; --                  ; 00:01:08                           ;
+---------------------------+--------------+-------------------------+---------------------+------------------------------------+


+----------------------------------------------------------------------------------------+
; Flow OS Summary                                                                        ;
+---------------------------+------------------+-----------+------------+----------------+
; Module Name               ; Machine Hostname ; OS Name   ; OS Version ; Processor type ;
+---------------------------+------------------+-----------+------------+----------------+
; Analysis & Synthesis      ; TRANTHINH-WINDOW ; Windows 7 ; 6.2        ; x86_64         ;
; Fitter                    ; TRANTHINH-WINDOW ; Windows 7 ; 6.2        ; x86_64         ;
; Assembler                 ; TRANTHINH-WINDOW ; Windows 7 ; 6.2        ; x86_64         ;
; TimeQuest Timing Analyzer ; TRANTHINH-WINDOW ; Windows 7 ; 6.2        ; x86_64         ;
+---------------------------+------------------+-----------+------------+----------------+


------------
; Flow Log ;
------------
quartus_map --read_settings_files=on --write_settings_files=off lab3_part3 -c lab3_part3
quartus_fit --read_settings_files=off --write_settings_files=off lab3_part3 -c lab3_part3
quartus_asm --read_settings_files=off --write_settings_files=off lab3_part3 -c lab3_part3
quartus_sta lab3_part3 -c lab3_part3



