
**** Build of configuration Nios II for project ledr ****

make all 
      1 [main] sh 8960 find_fast_cwd: WARNING: Couldn't compute FAST_CWD pointer.  Please report this problem to
the public mailing list cygwin@cygwin.com
      1 [main] sh 2320 find_fast_cwd: WARNING: Couldn't compute FAST_CWD pointer.  Please report this problem to
the public mailing list cygwin@cygwin.com
      1 [main] echo 2436 find_fast_cwd: WARNING: Couldn't compute FAST_CWD pointer.  Please report this problem to
the public mailing list cygwin@cygwin.com
Info: Building ../ledr_bsp/
make --no-print-directory -C ../ledr_bsp/
      1 [main] pwd 1180 find_fast_cwd: WARNING: Couldn't compute FAST_CWD pointer.  Please report this problem to
the public mailing list cygwin@cygwin.com
      1 [main] sh 11328 find_fast_cwd: WARNING: Couldn't compute FAST_CWD pointer.  Please report this problem to
the public mailing list cygwin@cygwin.com
      1 [main] sh 7696 find_fast_cwd: WARNING: Couldn't compute FAST_CWD pointer.  Please report this problem to
the public mailing list cygwin@cygwin.com
[BSP build complete]
      1 [main] echo 14212 find_fast_cwd: WARNING: Couldn't compute FAST_CWD pointer.  Please report this problem to
the public mailing list cygwin@cygwin.com
Info: Compiling hello_world.c to obj/default/hello_world.o
      1 [main] mkdir 13624 find_fast_cwd: WARNING: Couldn't compute FAST_CWD pointer.  Please report this problem to
the public mailing list cygwin@cygwin.com
nios2-elf-gcc -xc -MP -MMD -c -I../ledr_bsp//HAL/inc -I../ledr_bsp/ -I../ledr_bsp//drivers/inc  -DSYSTEM_BUS_WIDTH=32 -pipe -D__hal__ -DALT_NO_INSTRUCTION_EMULATION -DALT_SINGLE_THREADED    -O0 -g -Wall   -EL -mno-hw-div -mno-hw-mul -mno-hw-mulx  -o obj/default/hello_world.o hello_world.c
      1 [main] true 1104 find_fast_cwd: WARNING: Couldn't compute FAST_CWD pointer.  Please report this problem to
the public mailing list cygwin@cygwin.com
      1 [main] echo 10364 find_fast_cwd: WARNING: Couldn't compute FAST_CWD pointer.  Please report this problem to
the public mailing list cygwin@cygwin.com
Info: Linking ledr.elf
nios2-elf-g++  -T'../ledr_bsp//linker.x' -msys-crt0='../ledr_bsp//obj/HAL/src/crt0.o' -msys-lib=hal_bsp -L../ledr_bsp/   -Wl,-Map=ledr.map   -O0 -g -Wall   -EL -mno-hw-div -mno-hw-mul -mno-hw-mulx  -o ledr.elf obj/default/hello_world.o -lm 
nios2-elf-insert ledr.elf --thread_model hal --cpu_name nios2_qsys_0 --qsys true --simulation_enabled false --id 0 --sidp 0x101018 --timestamp 1736003289 --stderr_dev jtag_uart_0 --stdin_dev jtag_uart_0 --stdout_dev jtag_uart_0 --sopc_system_name led --quartus_project_dir "D:/TH_SOC/LAB2/led" --sopcinfo D:/TH_SOC/LAB2/led/led.sopcinfo
      1 [main] sh 12612 find_fast_cwd: WARNING: Couldn't compute FAST_CWD pointer.  Please report this problem to
the public mailing list cygwin@cygwin.com
      1 [main] uname 13076 find_fast_cwd: WARNING: Couldn't compute FAST_CWD pointer.  Please report this problem to
the public mailing list cygwin@cygwin.com
      1 [main] sh 2568 find_fast_cwd: WARNING: Couldn't compute FAST_CWD pointer.  Please report this problem to
the public mailing list cygwin@cygwin.com
Info: (ledr.elf) 29 KBytes program size (code + initialized data).
Info:            354 KBytes free for stack + heap.
      1 [main] echo 4292 find_fast_cwd: WARNING: Couldn't compute FAST_CWD pointer.  Please report this problem to
the public mailing list cygwin@cygwin.com
Info: Creating ledr.objdump
nios2-elf-objdump --disassemble --syms --all-header --source ledr.elf >ledr.objdump
      1 [main] sh 10380 find_fast_cwd: WARNING: Couldn't compute FAST_CWD pointer.  Please report this problem to
the public mailing list cygwin@cygwin.com
      1 [main] sh 9084 find_fast_cwd: WARNING: Couldn't compute FAST_CWD pointer.  Please report this problem to
the public mailing list cygwin@cygwin.com
[ledr build complete]

**** Build Finished ****
