Info: Starting: Create block symbol file (.bsf)
Info: ip-generate --project-directory=D:/TH_SOC/LAB3/lab3_part3/ --output-directory=D:/TH_SOC/LAB3/lab3_part3/lab3part3/ --report-file=bsf:D:/TH_SOC/LAB3/lab3_part3/lab3part3.bsf --system-info=DEVICE_FAMILY="Cyclone IV E" --system-info=DEVICE=EP4CE115F29C8 --system-info=DEVICE_SPEEDGRADE=8 --component-file=D:/TH_SOC/LAB3/lab3_part3/lab3part3.qsys
Progress: Loading lab3_part3/lab3part3.qsys
Progress: Reading input file
Progress: Adding clk_0 [clock_source 13.0]
Progress: Parameterizing module clk_0
Progress: Adding nios2_qsys_0 [altera_nios2_qsys 13.0]
Progress: Parameterizing module nios2_qsys_0
Progress: Adding onchip_memory2_0 [altera_avalon_onchip_memory2 13.0.1.99.2]
Progress: Parameterizing module onchip_memory2_0
Progress: Adding jtag_uart_0 [altera_avalon_jtag_uart 13.0.1.99.2]
Progress: Parameterizing module jtag_uart_0
Progress: Adding led [led 1.0]
Progress: Parameterizing module led
Progress: Adding switch [switch 1.0]
Progress: Parameterizing module switch
Progress: Building connections
Progress: Parameterizing connections
Progress: Validating
Progress: Done reading input file
Info: ip-generate succeeded.
Info: Finished: Create block symbol file (.bsf)
Info: 
Info: Starting: Create HDL design files for synthesis
Info: ip-generate --project-directory=D:/TH_SOC/LAB3/lab3_part3/ --output-directory=D:/TH_SOC/LAB3/lab3_part3/lab3part3/synthesis/ --file-set=QUARTUS_SYNTH --report-file=sopcinfo:D:/TH_SOC/LAB3/lab3_part3/lab3part3.sopcinfo --report-file=html:D:/TH_SOC/LAB3/lab3_part3/lab3part3.html --report-file=qip:D:/TH_SOC/LAB3/lab3_part3/lab3part3/synthesis/lab3part3.qip --report-file=cmp:D:/TH_SOC/LAB3/lab3_part3/lab3part3.cmp --report-file=svd --system-info=DEVICE_FAMILY="Cyclone IV E" --system-info=DEVICE=EP4CE115F29C8 --system-info=DEVICE_SPEEDGRADE=8 --component-file=D:/TH_SOC/LAB3/lab3_part3/lab3part3.qsys --language=VERILOG
Progress: Loading lab3_part3/lab3part3.qsys
Progress: Reading input file
Progress: Adding clk_0 [clock_source 13.0]
Progress: Parameterizing module clk_0
Progress: Adding nios2_qsys_0 [altera_nios2_qsys 13.0]
Progress: Parameterizing module nios2_qsys_0
Progress: Adding onchip_memory2_0 [altera_avalon_onchip_memory2 13.0.1.99.2]
Progress: Parameterizing module onchip_memory2_0
Progress: Adding jtag_uart_0 [altera_avalon_jtag_uart 13.0.1.99.2]
Progress: Parameterizing module jtag_uart_0
Progress: Adding led [led 1.0]
Progress: Parameterizing module led
Progress: Adding switch [switch 1.0]
Progress: Parameterizing module switch
Progress: Building connections
Progress: Parameterizing connections
Progress: Validating
Progress: Done reading input file
Info: lab3part3: Generating lab3part3 "lab3part3" for QUARTUS_SYNTH
Info: pipeline_bridge_swap_transform: After transform: 6 modules, 26 connections
Info: No custom instruction connections, skipping transform 
Info: merlin_translator_transform: After transform: 13 modules, 54 connections
Info: merlin_domain_transform: After transform: 26 modules, 137 connections
Info: merlin_router_transform: After transform: 33 modules, 165 connections
Info: reset_adaptation_transform: After transform: 34 modules, 130 connections
Info: merlin_network_to_switch_transform: After transform: 47 modules, 164 connections
Info: merlin_mm_transform: After transform: 47 modules, 164 connections
Info: merlin_interrupt_mapper_transform: After transform: 48 modules, 167 connections
Warning: lab3part3: "No matching role found for rst_controller:reset_out:reset_req (reset_req)"
Warning: lab3part3: "No matching role found for rst_controller:reset_out:reset_req (reset_req)"
Warning: lab3part3: "No matching role found for rst_controller:reset_out:reset_req (reset_req)"
Warning: lab3part3: "No matching role found for rst_controller:reset_out:reset_req (reset_req)"
Warning: lab3part3: "No matching role found for rst_controller:reset_out:reset_req (reset_req)"
Warning: lab3part3: "No matching role found for rst_controller:reset_out:reset_req (reset_req)"
Warning: lab3part3: "No matching role found for rst_controller:reset_out:reset_req (reset_req)"
Warning: lab3part3: "No matching role found for rst_controller:reset_out:reset_req (reset_req)"
Warning: lab3part3: "No matching role found for rst_controller:reset_out:reset_req (reset_req)"
Warning: lab3part3: "No matching role found for rst_controller:reset_out:reset_req (reset_req)"
Warning: lab3part3: "No matching role found for rst_controller:reset_out:reset_req (reset_req)"
Warning: lab3part3: "No matching role found for rst_controller:reset_out:reset_req (reset_req)"
Warning: lab3part3: "No matching role found for rst_controller:reset_out:reset_req (reset_req)"
Warning: lab3part3: "No matching role found for rst_controller:reset_out:reset_req (reset_req)"
Warning: lab3part3: "No matching role found for rst_controller:reset_out:reset_req (reset_req)"
Warning: lab3part3: "No matching role found for rst_controller:reset_out:reset_req (reset_req)"
Warning: lab3part3: "No matching role found for rst_controller:reset_out:reset_req (reset_req)"
Warning: lab3part3: "No matching role found for rst_controller:reset_out:reset_req (reset_req)"
Warning: lab3part3: "No matching role found for rst_controller:reset_out:reset_req (reset_req)"
Warning: lab3part3: "No matching role found for rst_controller:reset_out:reset_req (reset_req)"
Warning: lab3part3: "No matching role found for rst_controller:reset_out:reset_req (reset_req)"
Warning: lab3part3: "No matching role found for rst_controller:reset_out:reset_req (reset_req)"
Warning: lab3part3: "No matching role found for rst_controller:reset_out:reset_req (reset_req)"
Warning: lab3part3: "No matching role found for rst_controller:reset_out:reset_req (reset_req)"
Warning: lab3part3: "No matching role found for rst_controller:reset_out:reset_req (reset_req)"
Warning: lab3part3: "No matching role found for rst_controller:reset_out:reset_req (reset_req)"
Warning: lab3part3: "No matching role found for rst_controller:reset_out:reset_req (reset_req)"
Warning: lab3part3: "No matching role found for rst_controller:reset_out:reset_req (reset_req)"
Warning: lab3part3: "No matching role found for rst_controller:reset_out:reset_req (reset_req)"
Warning: lab3part3: "No matching role found for rst_controller:reset_out:reset_req (reset_req)"
Warning: lab3part3: "No matching role found for rst_controller:reset_out:reset_req (reset_req)"
Warning: lab3part3: "No matching role found for rst_controller:reset_out:reset_req (reset_req)"
Warning: lab3part3: "No matching role found for rst_controller:reset_out:reset_req (reset_req)"
Warning: lab3part3: "No matching role found for rst_controller:reset_out:reset_req (reset_req)"
Warning: lab3part3: "No matching role found for rst_controller:reset_out:reset_req (reset_req)"
Warning: lab3part3: "No matching role found for rst_controller:reset_out:reset_req (reset_req)"
Warning: lab3part3: "No matching role found for rst_controller:reset_out:reset_req (reset_req)"
Warning: lab3part3: "No matching role found for rst_controller:reset_out:reset_req (reset_req)"
Warning: lab3part3: "No matching role found for rst_controller:reset_out:reset_req (reset_req)"
Warning: lab3part3: "No matching role found for rst_controller:reset_out:reset_req (reset_req)"
Warning: lab3part3: "No matching role found for rst_controller:reset_out:reset_req (reset_req)"
Warning: lab3part3: "No matching role found for rst_controller:reset_out:reset_req (reset_req)"
Warning: lab3part3: "No matching role found for rst_controller:reset_out:reset_req (reset_req)"
Warning: lab3part3: "No matching role found for rst_controller:reset_out:reset_req (reset_req)"
Warning: lab3part3: "No matching role found for rst_controller:reset_out:reset_req (reset_req)"
Info: nios2_qsys_0: Starting RTL generation for module 'lab3part3_nios2_qsys_0'
Info: nios2_qsys_0:   Generation command is [exec C:/altera/13.0sp1/quartus/../ip/altera/nios2_ip/altera_nios2/eperl.exe -I C:/altera/13.0sp1/quartus/common/ip/altera/common/perl/5.8.3 -I C:/altera/13.0sp1/quartus/sopc_builder/bin/europa -I C:/altera/13.0sp1/quartus/sopc_builder/bin/perl_lib -I C:/altera/13.0sp1/quartus/sopc_builder/bin -I C:/altera/13.0sp1/quartus/../ip/altera/nios2_ip/altera_nios2/cpu_lib -I C:/altera/13.0sp1/quartus/../ip/altera/nios2_ip/altera_nios2/nios_lib -I C:/altera/13.0sp1/quartus/../ip/altera/nios2_ip/altera_nios2 -I C:/altera/13.0sp1/quartus/../ip/altera/nios2_ip/altera_nios2 -- C:/altera/13.0sp1/quartus/../ip/altera/nios2_ip/altera_nios2/generate_rtl.epl --name=lab3part3_nios2_qsys_0 --dir=C:/Users/thinh/AppData/Local/Temp/alt0100_4978782100698429822.dir/0003_nios2_qsys_0_gen/ --quartus_dir=C:/altera/13.0sp1/quartus --verilog --config=C:/Users/thinh/AppData/Local/Temp/alt0100_4978782100698429822.dir/0003_nios2_qsys_0_gen//lab3part3_nios2_qsys_0_processor_configuration.pl  --do_build_sim=0    --bogus  ]
Info: nios2_qsys_0: # 2025.01.12 09:23:42 (*) Starting Nios II generation
Info: nios2_qsys_0: # 2025.01.12 09:23:42 (*)   Checking for plaintext license.
Info: nios2_qsys_0: # 2025.01.12 09:23:43 (*)   Couldn't query license setup in Quartus directory C:/altera/13.0sp1/quartus
Info: nios2_qsys_0: # 2025.01.12 09:23:43 (*)   Defaulting to contents of LM_LICENSE_FILE environment variable
Info: nios2_qsys_0: # 2025.01.12 09:23:43 (*)   LM_LICENSE_FILE environment variable is empty
Info: nios2_qsys_0: # 2025.01.12 09:23:43 (*)   Plaintext license not found.
Info: nios2_qsys_0: # 2025.01.12 09:23:43 (*)   No license required to generate encrypted Nios II/e.
Info: nios2_qsys_0: # 2025.01.12 09:23:43 (*)   Elaborating CPU configuration settings
Info: nios2_qsys_0: # 2025.01.12 09:23:43 (*)   Creating all objects for CPU
Info: nios2_qsys_0: # 2025.01.12 09:23:44 (*)   Generating RTL from CPU objects
Info: nios2_qsys_0: # 2025.01.12 09:23:44 (*)   Creating plain-text RTL
Info: nios2_qsys_0: # 2025.01.12 09:23:45 (*) Done Nios II generation
Info: nios2_qsys_0: Done RTL generation for module 'lab3part3_nios2_qsys_0'
Info: nios2_qsys_0: "lab3part3" instantiated altera_nios2_qsys "nios2_qsys_0"
Info: onchip_memory2_0: Starting RTL generation for module 'lab3part3_onchip_memory2_0'
Info: onchip_memory2_0:   Generation command is [exec C:/altera/13.0sp1/quartus/bin/perl/bin/perl.exe -I C:/altera/13.0sp1/quartus/common/ip/altera/common/perl/5.8.3 -I C:/altera/13.0sp1/quartus/sopc_builder/bin/europa -I C:/altera/13.0sp1/quartus/sopc_builder/bin/perl_lib -I C:/altera/13.0sp1/quartus/sopc_builder/bin -I C:/altera/13.0sp1/quartus/../ip/altera/sopc_builder_ip/common -I C:/altera/13.0sp1/quartus/../ip/altera/sopc_builder_ip/altera_avalon_onchip_memory2 -- C:/altera/13.0sp1/quartus/../ip/altera/sopc_builder_ip/altera_avalon_onchip_memory2/generate_rtl.pl --name=lab3part3_onchip_memory2_0 --dir=C:/Users/thinh/AppData/Local/Temp/alt0100_4978782100698429822.dir/0004_onchip_memory2_0_gen/ --quartus_dir=C:/altera/13.0sp1/quartus --verilog --config=C:/Users/thinh/AppData/Local/Temp/alt0100_4978782100698429822.dir/0004_onchip_memory2_0_gen//lab3part3_onchip_memory2_0_component_configuration.pl  --do_build_sim=0  ]
Info: onchip_memory2_0: Done RTL generation for module 'lab3part3_onchip_memory2_0'
Info: onchip_memory2_0: "lab3part3" instantiated altera_avalon_onchip_memory2 "onchip_memory2_0"
Info: jtag_uart_0: Starting RTL generation for module 'lab3part3_jtag_uart_0'
Info: jtag_uart_0:   Generation command is [exec C:/altera/13.0sp1/quartus/bin/perl/bin/perl.exe -I C:/altera/13.0sp1/quartus/common/ip/altera/common/perl/5.8.3 -I C:/altera/13.0sp1/quartus/sopc_builder/bin/europa -I C:/altera/13.0sp1/quartus/sopc_builder/bin/perl_lib -I C:/altera/13.0sp1/quartus/sopc_builder/bin -I C:/altera/13.0sp1/quartus/../ip/altera/sopc_builder_ip/common -I C:/altera/13.0sp1/quartus/../ip/altera/sopc_builder_ip/altera_avalon_jtag_uart -- C:/altera/13.0sp1/quartus/../ip/altera/sopc_builder_ip/altera_avalon_jtag_uart/generate_rtl.pl --name=lab3part3_jtag_uart_0 --dir=C:/Users/thinh/AppData/Local/Temp/alt0100_4978782100698429822.dir/0005_jtag_uart_0_gen/ --quartus_dir=C:/altera/13.0sp1/quartus --verilog --config=C:/Users/thinh/AppData/Local/Temp/alt0100_4978782100698429822.dir/0005_jtag_uart_0_gen//lab3part3_jtag_uart_0_component_configuration.pl  --do_build_sim=0  ]
Info: jtag_uart_0: Done RTL generation for module 'lab3part3_jtag_uart_0'
Info: jtag_uart_0: "lab3part3" instantiated altera_avalon_jtag_uart "jtag_uart_0"
Info: led: "lab3part3" instantiated led "led"
Info: switch: "lab3part3" instantiated switch "switch"
Info: nios2_qsys_0_instruction_master_translator: "lab3part3" instantiated altera_merlin_master_translator "nios2_qsys_0_instruction_master_translator"
Info: nios2_qsys_0_jtag_debug_module_translator: "lab3part3" instantiated altera_merlin_slave_translator "nios2_qsys_0_jtag_debug_module_translator"
Info: nios2_qsys_0_instruction_master_translator_avalon_universal_master_0_agent: "lab3part3" instantiated altera_merlin_master_agent "nios2_qsys_0_instruction_master_translator_avalon_universal_master_0_agent"
Info: nios2_qsys_0_jtag_debug_module_translator_avalon_universal_slave_0_agent: "lab3part3" instantiated altera_merlin_slave_agent "nios2_qsys_0_jtag_debug_module_translator_avalon_universal_slave_0_agent"
Info: nios2_qsys_0_jtag_debug_module_translator_avalon_universal_slave_0_agent_rsp_fifo: "lab3part3" instantiated altera_avalon_sc_fifo "nios2_qsys_0_jtag_debug_module_translator_avalon_universal_slave_0_agent_rsp_fifo"
Info: addr_router: "lab3part3" instantiated altera_merlin_router "addr_router"
Info: id_router: "lab3part3" instantiated altera_merlin_router "id_router"
Info: rst_controller: "lab3part3" instantiated altera_reset_controller "rst_controller"
Info: cmd_xbar_demux: "lab3part3" instantiated altera_merlin_demultiplexer "cmd_xbar_demux"
Info: cmd_xbar_mux: "lab3part3" instantiated altera_merlin_multiplexer "cmd_xbar_mux"
Info: rsp_xbar_demux: "lab3part3" instantiated altera_merlin_demultiplexer "rsp_xbar_demux"
Info: rsp_xbar_mux: "lab3part3" instantiated altera_merlin_multiplexer "rsp_xbar_mux"
Info: Reusing file D:/TH_SOC/LAB3/lab3_part3/lab3part3/synthesis/submodules/altera_merlin_arbitrator.sv
Info: irq_mapper: "lab3part3" instantiated altera_irq_mapper "irq_mapper"
Info: lab3part3: Done lab3part3" with 19 modules, 71 files, 3404608 bytes
Info: ip-generate succeeded.
Info: Finished: Create HDL design files for synthesis
