Flow report for lab2_part3
Sun Jan 05 10:10:11 2025
Quartus II 64-Bit Version 13.0.1 Build 232 06/12/2013 Service Pack 1 SJ Web Edition


---------------------
; Table of Contents ;
---------------------
  1. Legal Notice
  2. Flow Summary
  3. Flow Settings
  4. Flow Non-Default Global Settings
  5. Flow Elapsed Time
  6. Flow OS Summary
  7. Flow Log
  8. Flow Messages
  9. Flow Suppressed Messages



----------------
; Legal Notice ;
----------------
Copyright (C) 1991-2013 Altera Corporation
Your use of Altera Corporation's design tools, logic functions 
and other software and tools, and its AMPP partner logic 
functions, and any output files from any of the foregoing 
(including device programming or simulation files), and any 
associated documentation or information are expressly subject 
to the terms and conditions of the Altera Program License 
Subscription Agreement, Altera MegaCore Function License 
Agreement, or other applicable license agreement, including, 
without limitation, that your use is for the sole purpose of 
programming logic devices manufactured by Altera and sold by 
Altera or its authorized distributors.  Please refer to the 
applicable agreement for further details.



+--------------------------------------------------------------------------------------+
; Flow Summary                                                                         ;
+------------------------------------+-------------------------------------------------+
; Flow Status                        ; Successful - Sun Jan 05 10:10:05 2025           ;
; Quartus II 64-Bit Version          ; 13.0.1 Build 232 06/12/2013 SP 1 SJ Web Edition ;
; Revision Name                      ; lab2_part3                                      ;
; Top-level Entity Name              ; lab2_part3                                      ;
; Family                             ; Cyclone IV E                                    ;
; Device                             ; EP4CE115F29C8                                   ;
; Timing Models                      ; Final                                           ;
; Total logic elements               ; 2,067 / 114,480 ( 2 % )                         ;
;     Total combinational functions  ; 1,968 / 114,480 ( 2 % )                         ;
;     Dedicated logic registers      ; 942 / 114,480 ( < 1 % )                         ;
; Total registers                    ; 942                                             ;
; Total pins                         ; 13 / 529 ( 2 % )                                ;
; Total virtual pins                 ; 0                                               ;
; Total memory bits                  ; 3,211,264 / 3,981,312 ( 81 % )                  ;
; Embedded Multiplier 9-bit elements ; 0 / 532 ( 0 % )                                 ;
; Total PLLs                         ; 0 / 4 ( 0 % )                                   ;
+------------------------------------+-------------------------------------------------+


+-----------------------------------------+
; Flow Settings                           ;
+-------------------+---------------------+
; Option            ; Setting             ;
+-------------------+---------------------+
; Start date & time ; 01/05/2025 10:09:18 ;
; Main task         ; Compilation         ;
; Revision Name     ; lab2_part3          ;
+-------------------+---------------------+


+---------------------------------------------------------------------------------------------------------------------------------------------------------------+
; Flow Non-Default Global Settings                                                                                                                              ;
+-------------------------------------+----------------------------------------------------------+---------------+---------------------------------+------------+
; Assignment Name                     ; Value                                                    ; Default Value ; Entity Name                     ; Section Id ;
+-------------------------------------+----------------------------------------------------------+---------------+---------------------------------+------------+
; COMPILER_SIGNATURE_ID               ; 31609889871176.173604655703008                           ; --            ; --                              ; --         ;
; IP_TOOL_ENV                         ; Qsys                                                     ; --            ; altera_avalon_sc_fifo           ; --         ;
; IP_TOOL_ENV                         ; Qsys                                                     ; --            ; altera_merlin_master_agent      ; --         ;
; IP_TOOL_ENV                         ; Qsys                                                     ; --            ; altera_merlin_master_translator ; --         ;
; IP_TOOL_ENV                         ; Qsys                                                     ; --            ; altera_merlin_slave_agent       ; --         ;
; IP_TOOL_ENV                         ; Qsys                                                     ; --            ; altera_merlin_slave_translator  ; --         ;
; IP_TOOL_ENV                         ; Qsys                                                     ; --            ; altera_reset_controller         ; --         ;
; IP_TOOL_ENV                         ; Qsys                                                     ; --            ; ledseg                          ; --         ;
; IP_TOOL_ENV                         ; Qsys                                                     ; --            ; ledseg_addr_router              ; --         ;
; IP_TOOL_ENV                         ; Qsys                                                     ; --            ; ledseg_cmd_xbar_demux           ; --         ;
; IP_TOOL_ENV                         ; Qsys                                                     ; --            ; ledseg_cmd_xbar_mux             ; --         ;
; IP_TOOL_ENV                         ; Qsys                                                     ; --            ; ledseg_id_router                ; --         ;
; IP_TOOL_ENV                         ; Qsys                                                     ; --            ; ledseg_irq_mapper               ; --         ;
; IP_TOOL_ENV                         ; Qsys                                                     ; --            ; ledseg_jtag_uart_0              ; --         ;
; IP_TOOL_ENV                         ; Qsys                                                     ; --            ; ledseg_led                      ; --         ;
; IP_TOOL_ENV                         ; Qsys                                                     ; --            ; ledseg_nios2_qsys_0             ; --         ;
; IP_TOOL_ENV                         ; Qsys                                                     ; --            ; ledseg_onchip_memory2_0         ; --         ;
; IP_TOOL_ENV                         ; Qsys                                                     ; --            ; ledseg_rsp_xbar_demux           ; --         ;
; IP_TOOL_ENV                         ; Qsys                                                     ; --            ; ledseg_rsp_xbar_mux             ; --         ;
; IP_TOOL_ENV                         ; Qsys                                                     ; --            ; ledseg_switch                   ; --         ;
; IP_TOOL_NAME                        ; altera_avalon_sc_fifo                                    ; --            ; altera_avalon_sc_fifo           ; --         ;
; IP_TOOL_NAME                        ; altera_merlin_master_agent                               ; --            ; altera_merlin_master_agent      ; --         ;
; IP_TOOL_NAME                        ; altera_merlin_master_translator                          ; --            ; altera_merlin_master_translator ; --         ;
; IP_TOOL_NAME                        ; altera_merlin_slave_agent                                ; --            ; altera_merlin_slave_agent       ; --         ;
; IP_TOOL_NAME                        ; altera_merlin_slave_translator                           ; --            ; altera_merlin_slave_translator  ; --         ;
; IP_TOOL_NAME                        ; altera_reset_controller                                  ; --            ; altera_reset_controller         ; --         ;
; IP_TOOL_NAME                        ; Qsys                                                     ; --            ; ledseg                          ; --         ;
; IP_TOOL_NAME                        ; altera_merlin_router                                     ; --            ; ledseg_addr_router              ; --         ;
; IP_TOOL_NAME                        ; altera_merlin_demultiplexer                              ; --            ; ledseg_cmd_xbar_demux           ; --         ;
; IP_TOOL_NAME                        ; altera_merlin_multiplexer                                ; --            ; ledseg_cmd_xbar_mux             ; --         ;
; IP_TOOL_NAME                        ; altera_merlin_router                                     ; --            ; ledseg_id_router                ; --         ;
; IP_TOOL_NAME                        ; altera_irq_mapper                                        ; --            ; ledseg_irq_mapper               ; --         ;
; IP_TOOL_NAME                        ; altera_avalon_jtag_uart                                  ; --            ; ledseg_jtag_uart_0              ; --         ;
; IP_TOOL_NAME                        ; altera_avalon_pio                                        ; --            ; ledseg_led                      ; --         ;
; IP_TOOL_NAME                        ; altera_nios2_qsys                                        ; --            ; ledseg_nios2_qsys_0             ; --         ;
; IP_TOOL_NAME                        ; altera_avalon_onchip_memory2                             ; --            ; ledseg_onchip_memory2_0         ; --         ;
; IP_TOOL_NAME                        ; altera_merlin_demultiplexer                              ; --            ; ledseg_rsp_xbar_demux           ; --         ;
; IP_TOOL_NAME                        ; altera_merlin_multiplexer                                ; --            ; ledseg_rsp_xbar_mux             ; --         ;
; IP_TOOL_NAME                        ; altera_avalon_pio                                        ; --            ; ledseg_switch                   ; --         ;
; IP_TOOL_VERSION                     ; 13.0                                                     ; --            ; altera_avalon_sc_fifo           ; --         ;
; IP_TOOL_VERSION                     ; 13.0                                                     ; --            ; altera_merlin_master_agent      ; --         ;
; IP_TOOL_VERSION                     ; 13.0                                                     ; --            ; altera_merlin_master_translator ; --         ;
; IP_TOOL_VERSION                     ; 13.0                                                     ; --            ; altera_merlin_slave_agent       ; --         ;
; IP_TOOL_VERSION                     ; 13.0                                                     ; --            ; altera_merlin_slave_translator  ; --         ;
; IP_TOOL_VERSION                     ; 13.0                                                     ; --            ; altera_reset_controller         ; --         ;
; IP_TOOL_VERSION                     ; 13.0sp1                                                  ; --            ; ledseg                          ; --         ;
; IP_TOOL_VERSION                     ; 13.0                                                     ; --            ; ledseg_addr_router              ; --         ;
; IP_TOOL_VERSION                     ; 13.0                                                     ; --            ; ledseg_cmd_xbar_demux           ; --         ;
; IP_TOOL_VERSION                     ; 13.0                                                     ; --            ; ledseg_cmd_xbar_mux             ; --         ;
; IP_TOOL_VERSION                     ; 13.0                                                     ; --            ; ledseg_id_router                ; --         ;
; IP_TOOL_VERSION                     ; 13.0                                                     ; --            ; ledseg_irq_mapper               ; --         ;
; IP_TOOL_VERSION                     ; 13.0.1.99.2                                              ; --            ; ledseg_jtag_uart_0              ; --         ;
; IP_TOOL_VERSION                     ; 13.0.1.99.2                                              ; --            ; ledseg_led                      ; --         ;
; IP_TOOL_VERSION                     ; 13.0                                                     ; --            ; ledseg_nios2_qsys_0             ; --         ;
; IP_TOOL_VERSION                     ; 13.0.1.99.2                                              ; --            ; ledseg_onchip_memory2_0         ; --         ;
; IP_TOOL_VERSION                     ; 13.0                                                     ; --            ; ledseg_rsp_xbar_demux           ; --         ;
; IP_TOOL_VERSION                     ; 13.0                                                     ; --            ; ledseg_rsp_xbar_mux             ; --         ;
; IP_TOOL_VERSION                     ; 13.0.1.99.2                                              ; --            ; ledseg_switch                   ; --         ;
; MAX_CORE_JUNCTION_TEMP              ; 85                                                       ; --            ; --                              ; --         ;
; MIN_CORE_JUNCTION_TEMP              ; 0                                                        ; --            ; --                              ; --         ;
; MISC_FILE                           ; ledseg/synthesis/../../ledseg.cmp                        ; --            ; --                              ; --         ;
; MISC_FILE                           ; ledseg/synthesis/../../ledseg.qsys                       ; --            ; --                              ; --         ;
; NOMINAL_CORE_SUPPLY_VOLTAGE         ; 1.2V                                                     ; --            ; --                              ; --         ;
; PARTITION_COLOR                     ; 16764057                                                 ; --            ; --                              ; Top        ;
; PARTITION_FITTER_PRESERVATION_LEVEL ; PLACEMENT_AND_ROUTING                                    ; --            ; --                              ; Top        ;
; PARTITION_NETLIST_TYPE              ; SOURCE                                                   ; --            ; --                              ; Top        ;
; POWER_BOARD_THERMAL_MODEL           ; None (CONSERVATIVE)                                      ; --            ; --                              ; --         ;
; POWER_PRESET_COOLING_SOLUTION       ; 23 MM HEAT SINK WITH 200 LFPM AIRFLOW                    ; --            ; --                              ; --         ;
; PROJECT_OUTPUT_DIRECTORY            ; output_files                                             ; --            ; --                              ; --         ;
; SLD_INFO                            ; QSYS_NAME ledseg HAS_SOPCINFO 1 GENERATION_ID 1736043685 ; --            ; ledseg                          ; --         ;
; SOPCINFO_FILE                       ; ledseg/synthesis/../../ledseg.sopcinfo                   ; --            ; --                              ; --         ;
; SYNTHESIS_ONLY_QIP                  ; On                                                       ; --            ; --                              ; --         ;
+-------------------------------------+----------------------------------------------------------+---------------+---------------------------------+------------+


+-------------------------------------------------------------------------------------------------------------------------------+
; Flow Elapsed Time                                                                                                             ;
+---------------------------+--------------+-------------------------+---------------------+------------------------------------+
; Module Name               ; Elapsed Time ; Average Processors Used ; Peak Virtual Memory ; Total CPU Time (on all processors) ;
+---------------------------+--------------+-------------------------+---------------------+------------------------------------+
; Analysis & Synthesis      ; 00:00:13     ; 1.0                     ; 4734 MB             ; 00:00:13                           ;
; Fitter                    ; 00:00:23     ; 1.0                     ; 5127 MB             ; 00:00:23                           ;
; Assembler                 ; 00:00:06     ; 1.0                     ; 4608 MB             ; 00:00:05                           ;
; TimeQuest Timing Analyzer ; 00:00:05     ; 1.0                     ; 4732 MB             ; 00:00:05                           ;
; Total                     ; 00:00:47     ; --                      ; --                  ; 00:00:46                           ;
+---------------------------+--------------+-------------------------+---------------------+------------------------------------+


+----------------------------------------------------------------------------------------+
; Flow OS Summary                                                                        ;
+---------------------------+------------------+-----------+------------+----------------+
; Module Name               ; Machine Hostname ; OS Name   ; OS Version ; Processor type ;
+---------------------------+------------------+-----------+------------+----------------+
; Analysis & Synthesis      ; TRANTHINH-WINDOW ; Windows 7 ; 6.2        ; x86_64         ;
; Fitter                    ; TRANTHINH-WINDOW ; Windows 7 ; 6.2        ; x86_64         ;
; Assembler                 ; TRANTHINH-WINDOW ; Windows 7 ; 6.2        ; x86_64         ;
; TimeQuest Timing Analyzer ; TRANTHINH-WINDOW ; Windows 7 ; 6.2        ; x86_64         ;
+---------------------------+------------------+-----------+------------+----------------+


------------
; Flow Log ;
------------
quartus_map --read_settings_files=on --write_settings_files=off lab2_part3 -c lab2_part3
quartus_fit --read_settings_files=off --write_settings_files=off lab2_part3 -c lab2_part3
quartus_asm --read_settings_files=off --write_settings_files=off lab2_part3 -c lab2_part3
quartus_sta lab2_part3 -c lab2_part3



