Flow report for sample
Sat Jan 11 22:44:31 2025
Quartus II 64-Bit Version 13.0.1 Build 232 06/12/2013 Service Pack 1 SJ Web Edition


---------------------
; Table of Contents ;
---------------------
  1. Legal Notice
  2. Flow Summary
  3. Flow Settings
  4. Flow Non-Default Global Settings
  5. Flow Elapsed Time
  6. Flow OS Summary
  7. Flow Log
  8. Flow Messages
  9. Flow Suppressed Messages



----------------
; Legal Notice ;
----------------
Copyright (C) 1991-2013 Altera Corporation
Your use of Altera Corporation's design tools, logic functions 
and other software and tools, and its AMPP partner logic 
functions, and any output files from any of the foregoing 
(including device programming or simulation files), and any 
associated documentation or information are expressly subject 
to the terms and conditions of the Altera Program License 
Subscription Agreement, Altera MegaCore Function License 
Agreement, or other applicable license agreement, including, 
without limitation, that your use is for the sole purpose of 
programming logic devices manufactured by Altera and sold by 
Altera or its authorized distributors.  Please refer to the 
applicable agreement for further details.



+--------------------------------------------------------------------------------------+
; Flow Summary                                                                         ;
+------------------------------------+-------------------------------------------------+
; Flow Status                        ; Successful - Sat Jan 11 22:44:21 2025           ;
; Quartus II 64-Bit Version          ; 13.0.1 Build 232 06/12/2013 SP 1 SJ Web Edition ;
; Revision Name                      ; sample                                          ;
; Top-level Entity Name              ; lab3_part2                                      ;
; Family                             ; Cyclone IV E                                    ;
; Device                             ; EP4CE115F29C8                                   ;
; Timing Models                      ; Final                                           ;
; Total logic elements               ; 2,043 / 114,480 ( 2 % )                         ;
;     Total combinational functions  ; 1,958 / 114,480 ( 2 % )                         ;
;     Dedicated logic registers      ; 952 / 114,480 ( < 1 % )                         ;
; Total registers                    ; 952                                             ;
; Total pins                         ; 34 / 529 ( 6 % )                                ;
; Total virtual pins                 ; 0                                               ;
; Total memory bits                  ; 3,211,264 / 3,981,312 ( 81 % )                  ;
; Embedded Multiplier 9-bit elements ; 0 / 532 ( 0 % )                                 ;
; Total PLLs                         ; 0 / 4 ( 0 % )                                   ;
+------------------------------------+-------------------------------------------------+


+-----------------------------------------+
; Flow Settings                           ;
+-------------------+---------------------+
; Option            ; Setting             ;
+-------------------+---------------------+
; Start date & time ; 01/11/2025 22:43:07 ;
; Main task         ; Compilation         ;
; Revision Name     ; sample              ;
+-------------------+---------------------+


+-------------------------------------------------------------------------------------------------------------------------------------------------------------+
; Flow Non-Default Global Settings                                                                                                                            ;
+-------------------------------------+--------------------------------------------------------+---------------+---------------------------------+------------+
; Assignment Name                     ; Value                                                  ; Default Value ; Entity Name                     ; Section Id ;
+-------------------------------------+--------------------------------------------------------+---------------+---------------------------------+------------+
; COMPILER_SIGNATURE_ID               ; 31609889871176.173661018708080                         ; --            ; --                              ; --         ;
; IP_TOOL_ENV                         ; Qsys                                                   ; --            ; altera_avalon_sc_fifo           ; --         ;
; IP_TOOL_ENV                         ; Qsys                                                   ; --            ; altera_merlin_master_agent      ; --         ;
; IP_TOOL_ENV                         ; Qsys                                                   ; --            ; altera_merlin_master_translator ; --         ;
; IP_TOOL_ENV                         ; Qsys                                                   ; --            ; altera_merlin_slave_agent       ; --         ;
; IP_TOOL_ENV                         ; Qsys                                                   ; --            ; altera_merlin_slave_translator  ; --         ;
; IP_TOOL_ENV                         ; Qsys                                                   ; --            ; altera_reset_controller         ; --         ;
; IP_TOOL_ENV                         ; Qsys                                                   ; --            ; nios                            ; --         ;
; IP_TOOL_ENV                         ; Qsys                                                   ; --            ; nios_addr_router                ; --         ;
; IP_TOOL_ENV                         ; Qsys                                                   ; --            ; nios_addr_router_001            ; --         ;
; IP_TOOL_ENV                         ; Qsys                                                   ; --            ; nios_cmd_xbar_demux             ; --         ;
; IP_TOOL_ENV                         ; Qsys                                                   ; --            ; nios_cmd_xbar_demux_001         ; --         ;
; IP_TOOL_ENV                         ; Qsys                                                   ; --            ; nios_cmd_xbar_mux               ; --         ;
; IP_TOOL_ENV                         ; Qsys                                                   ; --            ; nios_id_router                  ; --         ;
; IP_TOOL_ENV                         ; Qsys                                                   ; --            ; nios_id_router_003              ; --         ;
; IP_TOOL_ENV                         ; Qsys                                                   ; --            ; nios_irq_mapper                 ; --         ;
; IP_TOOL_ENV                         ; Qsys                                                   ; --            ; nios_jtag_uart_0                ; --         ;
; IP_TOOL_ENV                         ; Qsys                                                   ; --            ; nios_nios2_qsys_0               ; --         ;
; IP_TOOL_ENV                         ; Qsys                                                   ; --            ; nios_onchip_memory2_0           ; --         ;
; IP_TOOL_ENV                         ; Qsys                                                   ; --            ; nios_rsp_xbar_demux             ; --         ;
; IP_TOOL_ENV                         ; Qsys                                                   ; --            ; nios_rsp_xbar_demux_003         ; --         ;
; IP_TOOL_ENV                         ; Qsys                                                   ; --            ; nios_rsp_xbar_mux               ; --         ;
; IP_TOOL_ENV                         ; Qsys                                                   ; --            ; nios_rsp_xbar_mux_001           ; --         ;
; IP_TOOL_NAME                        ; altera_avalon_sc_fifo                                  ; --            ; altera_avalon_sc_fifo           ; --         ;
; IP_TOOL_NAME                        ; altera_merlin_master_agent                             ; --            ; altera_merlin_master_agent      ; --         ;
; IP_TOOL_NAME                        ; altera_merlin_master_translator                        ; --            ; altera_merlin_master_translator ; --         ;
; IP_TOOL_NAME                        ; altera_merlin_slave_agent                              ; --            ; altera_merlin_slave_agent       ; --         ;
; IP_TOOL_NAME                        ; altera_merlin_slave_translator                         ; --            ; altera_merlin_slave_translator  ; --         ;
; IP_TOOL_NAME                        ; altera_reset_controller                                ; --            ; altera_reset_controller         ; --         ;
; IP_TOOL_NAME                        ; Qsys                                                   ; --            ; nios                            ; --         ;
; IP_TOOL_NAME                        ; altera_merlin_router                                   ; --            ; nios_addr_router                ; --         ;
; IP_TOOL_NAME                        ; altera_merlin_router                                   ; --            ; nios_addr_router_001            ; --         ;
; IP_TOOL_NAME                        ; altera_merlin_demultiplexer                            ; --            ; nios_cmd_xbar_demux             ; --         ;
; IP_TOOL_NAME                        ; altera_merlin_demultiplexer                            ; --            ; nios_cmd_xbar_demux_001         ; --         ;
; IP_TOOL_NAME                        ; altera_merlin_multiplexer                              ; --            ; nios_cmd_xbar_mux               ; --         ;
; IP_TOOL_NAME                        ; altera_merlin_router                                   ; --            ; nios_id_router                  ; --         ;
; IP_TOOL_NAME                        ; altera_merlin_router                                   ; --            ; nios_id_router_003              ; --         ;
; IP_TOOL_NAME                        ; altera_irq_mapper                                      ; --            ; nios_irq_mapper                 ; --         ;
; IP_TOOL_NAME                        ; altera_avalon_jtag_uart                                ; --            ; nios_jtag_uart_0                ; --         ;
; IP_TOOL_NAME                        ; altera_nios2_qsys                                      ; --            ; nios_nios2_qsys_0               ; --         ;
; IP_TOOL_NAME                        ; altera_avalon_onchip_memory2                           ; --            ; nios_onchip_memory2_0           ; --         ;
; IP_TOOL_NAME                        ; altera_merlin_demultiplexer                            ; --            ; nios_rsp_xbar_demux             ; --         ;
; IP_TOOL_NAME                        ; altera_merlin_demultiplexer                            ; --            ; nios_rsp_xbar_demux_003         ; --         ;
; IP_TOOL_NAME                        ; altera_merlin_multiplexer                              ; --            ; nios_rsp_xbar_mux               ; --         ;
; IP_TOOL_NAME                        ; altera_merlin_multiplexer                              ; --            ; nios_rsp_xbar_mux_001           ; --         ;
; IP_TOOL_VERSION                     ; 13.0                                                   ; --            ; altera_avalon_sc_fifo           ; --         ;
; IP_TOOL_VERSION                     ; 13.0                                                   ; --            ; altera_merlin_master_agent      ; --         ;
; IP_TOOL_VERSION                     ; 13.0                                                   ; --            ; altera_merlin_master_translator ; --         ;
; IP_TOOL_VERSION                     ; 13.0                                                   ; --            ; altera_merlin_slave_agent       ; --         ;
; IP_TOOL_VERSION                     ; 13.0                                                   ; --            ; altera_merlin_slave_translator  ; --         ;
; IP_TOOL_VERSION                     ; 13.0                                                   ; --            ; altera_reset_controller         ; --         ;
; IP_TOOL_VERSION                     ; 13.0sp1                                                ; --            ; nios                            ; --         ;
; IP_TOOL_VERSION                     ; 13.0                                                   ; --            ; nios_addr_router                ; --         ;
; IP_TOOL_VERSION                     ; 13.0                                                   ; --            ; nios_addr_router_001            ; --         ;
; IP_TOOL_VERSION                     ; 13.0                                                   ; --            ; nios_cmd_xbar_demux             ; --         ;
; IP_TOOL_VERSION                     ; 13.0                                                   ; --            ; nios_cmd_xbar_demux_001         ; --         ;
; IP_TOOL_VERSION                     ; 13.0                                                   ; --            ; nios_cmd_xbar_mux               ; --         ;
; IP_TOOL_VERSION                     ; 13.0                                                   ; --            ; nios_id_router                  ; --         ;
; IP_TOOL_VERSION                     ; 13.0                                                   ; --            ; nios_id_router_003              ; --         ;
; IP_TOOL_VERSION                     ; 13.0                                                   ; --            ; nios_irq_mapper                 ; --         ;
; IP_TOOL_VERSION                     ; 13.0.1.99.2                                            ; --            ; nios_jtag_uart_0                ; --         ;
; IP_TOOL_VERSION                     ; 13.0                                                   ; --            ; nios_nios2_qsys_0               ; --         ;
; IP_TOOL_VERSION                     ; 13.0.1.99.2                                            ; --            ; nios_onchip_memory2_0           ; --         ;
; IP_TOOL_VERSION                     ; 13.0                                                   ; --            ; nios_rsp_xbar_demux             ; --         ;
; IP_TOOL_VERSION                     ; 13.0                                                   ; --            ; nios_rsp_xbar_demux_003         ; --         ;
; IP_TOOL_VERSION                     ; 13.0                                                   ; --            ; nios_rsp_xbar_mux               ; --         ;
; IP_TOOL_VERSION                     ; 13.0                                                   ; --            ; nios_rsp_xbar_mux_001           ; --         ;
; MAX_CORE_JUNCTION_TEMP              ; 85                                                     ; --            ; --                              ; --         ;
; MIN_CORE_JUNCTION_TEMP              ; 0                                                      ; --            ; --                              ; --         ;
; MISC_FILE                           ; nios/synthesis/../../nios.cmp                          ; --            ; --                              ; --         ;
; MISC_FILE                           ; nios/synthesis/../../nios.qsys                         ; --            ; --                              ; --         ;
; NOMINAL_CORE_SUPPLY_VOLTAGE         ; 1.2V                                                   ; --            ; --                              ; --         ;
; PARTITION_COLOR                     ; 16764057                                               ; --            ; lab3_part2                      ; Top        ;
; PARTITION_FITTER_PRESERVATION_LEVEL ; PLACEMENT_AND_ROUTING                                  ; --            ; lab3_part2                      ; Top        ;
; PARTITION_NETLIST_TYPE              ; SOURCE                                                 ; --            ; lab3_part2                      ; Top        ;
; POWER_BOARD_THERMAL_MODEL           ; None (CONSERVATIVE)                                    ; --            ; --                              ; --         ;
; POWER_PRESET_COOLING_SOLUTION       ; 23 MM HEAT SINK WITH 200 LFPM AIRFLOW                  ; --            ; --                              ; --         ;
; PROJECT_OUTPUT_DIRECTORY            ; output_files                                           ; --            ; --                              ; --         ;
; SLD_INFO                            ; QSYS_NAME nios HAS_SOPCINFO 1 GENERATION_ID 1736609822 ; --            ; nios                            ; --         ;
; SOPCINFO_FILE                       ; nios/synthesis/../../nios.sopcinfo                     ; --            ; --                              ; --         ;
; SYNTHESIS_ONLY_QIP                  ; On                                                     ; --            ; --                              ; --         ;
; TOP_LEVEL_ENTITY                    ; lab3_part2                                             ; sample        ; --                              ; --         ;
+-------------------------------------+--------------------------------------------------------+---------------+---------------------------------+------------+


+-------------------------------------------------------------------------------------------------------------------------------+
; Flow Elapsed Time                                                                                                             ;
+---------------------------+--------------+-------------------------+---------------------+------------------------------------+
; Module Name               ; Elapsed Time ; Average Processors Used ; Peak Virtual Memory ; Total CPU Time (on all processors) ;
+---------------------------+--------------+-------------------------+---------------------+------------------------------------+
; Analysis & Synthesis      ; 00:00:17     ; 1.0                     ; 4730 MB             ; 00:00:16                           ;
; Fitter                    ; 00:00:37     ; 1.0                     ; 5128 MB             ; 00:00:33                           ;
; Assembler                 ; 00:00:10     ; 1.0                     ; 4608 MB             ; 00:00:10                           ;
; TimeQuest Timing Analyzer ; 00:00:08     ; 1.0                     ; 4731 MB             ; 00:00:07                           ;
; Total                     ; 00:01:12     ; --                      ; --                  ; 00:01:06                           ;
+---------------------------+--------------+-------------------------+---------------------+------------------------------------+


+----------------------------------------------------------------------------------------+
; Flow OS Summary                                                                        ;
+---------------------------+------------------+-----------+------------+----------------+
; Module Name               ; Machine Hostname ; OS Name   ; OS Version ; Processor type ;
+---------------------------+------------------+-----------+------------+----------------+
; Analysis & Synthesis      ; TRANTHINH-WINDOW ; Windows 7 ; 6.2        ; x86_64         ;
; Fitter                    ; TRANTHINH-WINDOW ; Windows 7 ; 6.2        ; x86_64         ;
; Assembler                 ; TRANTHINH-WINDOW ; Windows 7 ; 6.2        ; x86_64         ;
; TimeQuest Timing Analyzer ; TRANTHINH-WINDOW ; Windows 7 ; 6.2        ; x86_64         ;
+---------------------------+------------------+-----------+------------+----------------+


------------
; Flow Log ;
------------
quartus_map --read_settings_files=on --write_settings_files=off sample -c sample
quartus_fit --read_settings_files=off --write_settings_files=off sample -c sample
quartus_asm --read_settings_files=off --write_settings_files=off sample -c sample
quartus_sta sample -c sample



