Flow report for led
Sun Jan 05 08:06:43 2025
Quartus II 64-Bit Version 13.0.1 Build 232 06/12/2013 Service Pack 1 SJ Web Edition


---------------------
; Table of Contents ;
---------------------
  1. Legal Notice
  2. Flow Summary
  3. Flow Settings
  4. Flow Non-Default Global Settings
  5. Flow Elapsed Time
  6. Flow OS Summary
  7. Flow Log
  8. Flow Messages
  9. Flow Suppressed Messages



----------------
; Legal Notice ;
----------------
Copyright (C) 1991-2013 Altera Corporation
Your use of Altera Corporation's design tools, logic functions 
and other software and tools, and its AMPP partner logic 
functions, and any output files from any of the foregoing 
(including device programming or simulation files), and any 
associated documentation or information are expressly subject 
to the terms and conditions of the Altera Program License 
Subscription Agreement, Altera MegaCore Function License 
Agreement, or other applicable license agreement, including, 
without limitation, that your use is for the sole purpose of 
programming logic devices manufactured by Altera and sold by 
Altera or its authorized distributors.  Please refer to the 
applicable agreement for further details.



+--------------------------------------------------------------------------------------+
; Flow Summary                                                                         ;
+------------------------------------+-------------------------------------------------+
; Flow Status                        ; Successful - Sun Jan 05 08:06:37 2025           ;
; Quartus II 64-Bit Version          ; 13.0.1 Build 232 06/12/2013 SP 1 SJ Web Edition ;
; Revision Name                      ; led                                             ;
; Top-level Entity Name              ; ledr                                            ;
; Family                             ; Cyclone IV E                                    ;
; Device                             ; EP4CE115F29C7                                   ;
; Timing Models                      ; Final                                           ;
; Total logic elements               ; 2,004 / 114,480 ( 2 % )                         ;
;     Total combinational functions  ; 1,899 / 114,480 ( 2 % )                         ;
;     Dedicated logic registers      ; 932 / 114,480 ( < 1 % )                         ;
; Total registers                    ; 932                                             ;
; Total pins                         ; 34 / 529 ( 6 % )                                ;
; Total virtual pins                 ; 0                                               ;
; Total memory bits                  ; 3,211,264 / 3,981,312 ( 81 % )                  ;
; Embedded Multiplier 9-bit elements ; 0 / 532 ( 0 % )                                 ;
; Total PLLs                         ; 0 / 4 ( 0 % )                                   ;
+------------------------------------+-------------------------------------------------+


+-----------------------------------------+
; Flow Settings                           ;
+-------------------+---------------------+
; Option            ; Setting             ;
+-------------------+---------------------+
; Start date & time ; 01/05/2025 08:05:46 ;
; Main task         ; Compilation         ;
; Revision Name     ; led                 ;
+-------------------+---------------------+


+------------------------------------------------------------------------------------------------------------------------------------------------------------+
; Flow Non-Default Global Settings                                                                                                                           ;
+-------------------------------------+-------------------------------------------------------+---------------+---------------------------------+------------+
; Assignment Name                     ; Value                                                 ; Default Value ; Entity Name                     ; Section Id ;
+-------------------------------------+-------------------------------------------------------+---------------+---------------------------------+------------+
; COMPILER_SIGNATURE_ID               ; 31609889871176.173603914506480                        ; --            ; --                              ; --         ;
; IP_TOOL_ENV                         ; Qsys                                                  ; --            ; altera_avalon_sc_fifo           ; --         ;
; IP_TOOL_ENV                         ; Qsys                                                  ; --            ; altera_merlin_master_agent      ; --         ;
; IP_TOOL_ENV                         ; Qsys                                                  ; --            ; altera_merlin_master_translator ; --         ;
; IP_TOOL_ENV                         ; Qsys                                                  ; --            ; altera_merlin_slave_agent       ; --         ;
; IP_TOOL_ENV                         ; Qsys                                                  ; --            ; altera_merlin_slave_translator  ; --         ;
; IP_TOOL_ENV                         ; Qsys                                                  ; --            ; altera_reset_controller         ; --         ;
; IP_TOOL_ENV                         ; Qsys                                                  ; --            ; --                              ; --         ;
; IP_TOOL_ENV                         ; Qsys                                                  ; --            ; led_addr_router                 ; --         ;
; IP_TOOL_ENV                         ; Qsys                                                  ; --            ; led_addr_router_001             ; --         ;
; IP_TOOL_ENV                         ; Qsys                                                  ; --            ; led_cmd_xbar_demux              ; --         ;
; IP_TOOL_ENV                         ; Qsys                                                  ; --            ; led_cmd_xbar_demux_001          ; --         ;
; IP_TOOL_ENV                         ; Qsys                                                  ; --            ; led_cmd_xbar_mux                ; --         ;
; IP_TOOL_ENV                         ; Qsys                                                  ; --            ; led_id_router                   ; --         ;
; IP_TOOL_ENV                         ; Qsys                                                  ; --            ; led_id_router_002               ; --         ;
; IP_TOOL_ENV                         ; Qsys                                                  ; --            ; led_irq_mapper                  ; --         ;
; IP_TOOL_ENV                         ; Qsys                                                  ; --            ; led_jtag_uart_0                 ; --         ;
; IP_TOOL_ENV                         ; Qsys                                                  ; --            ; led_ledr                        ; --         ;
; IP_TOOL_ENV                         ; Qsys                                                  ; --            ; led_nios2_qsys_0                ; --         ;
; IP_TOOL_ENV                         ; Qsys                                                  ; --            ; led_onchip_memory2_0            ; --         ;
; IP_TOOL_ENV                         ; Qsys                                                  ; --            ; led_rsp_xbar_demux_002          ; --         ;
; IP_TOOL_ENV                         ; Qsys                                                  ; --            ; led_rsp_xbar_mux                ; --         ;
; IP_TOOL_ENV                         ; Qsys                                                  ; --            ; led_rsp_xbar_mux_001            ; --         ;
; IP_TOOL_ENV                         ; Qsys                                                  ; --            ; led_switch                      ; --         ;
; IP_TOOL_ENV                         ; Qsys                                                  ; --            ; led_sysid_qsys_0                ; --         ;
; IP_TOOL_NAME                        ; altera_avalon_sc_fifo                                 ; --            ; altera_avalon_sc_fifo           ; --         ;
; IP_TOOL_NAME                        ; altera_merlin_master_agent                            ; --            ; altera_merlin_master_agent      ; --         ;
; IP_TOOL_NAME                        ; altera_merlin_master_translator                       ; --            ; altera_merlin_master_translator ; --         ;
; IP_TOOL_NAME                        ; altera_merlin_slave_agent                             ; --            ; altera_merlin_slave_agent       ; --         ;
; IP_TOOL_NAME                        ; altera_merlin_slave_translator                        ; --            ; altera_merlin_slave_translator  ; --         ;
; IP_TOOL_NAME                        ; altera_reset_controller                               ; --            ; altera_reset_controller         ; --         ;
; IP_TOOL_NAME                        ; Qsys                                                  ; --            ; --                              ; --         ;
; IP_TOOL_NAME                        ; altera_merlin_router                                  ; --            ; led_addr_router                 ; --         ;
; IP_TOOL_NAME                        ; altera_merlin_router                                  ; --            ; led_addr_router_001             ; --         ;
; IP_TOOL_NAME                        ; altera_merlin_demultiplexer                           ; --            ; led_cmd_xbar_demux              ; --         ;
; IP_TOOL_NAME                        ; altera_merlin_demultiplexer                           ; --            ; led_cmd_xbar_demux_001          ; --         ;
; IP_TOOL_NAME                        ; altera_merlin_multiplexer                             ; --            ; led_cmd_xbar_mux                ; --         ;
; IP_TOOL_NAME                        ; altera_merlin_router                                  ; --            ; led_id_router                   ; --         ;
; IP_TOOL_NAME                        ; altera_merlin_router                                  ; --            ; led_id_router_002               ; --         ;
; IP_TOOL_NAME                        ; altera_irq_mapper                                     ; --            ; led_irq_mapper                  ; --         ;
; IP_TOOL_NAME                        ; altera_avalon_jtag_uart                               ; --            ; led_jtag_uart_0                 ; --         ;
; IP_TOOL_NAME                        ; altera_avalon_pio                                     ; --            ; led_ledr                        ; --         ;
; IP_TOOL_NAME                        ; altera_nios2_qsys                                     ; --            ; led_nios2_qsys_0                ; --         ;
; IP_TOOL_NAME                        ; altera_avalon_onchip_memory2                          ; --            ; led_onchip_memory2_0            ; --         ;
; IP_TOOL_NAME                        ; altera_merlin_demultiplexer                           ; --            ; led_rsp_xbar_demux_002          ; --         ;
; IP_TOOL_NAME                        ; altera_merlin_multiplexer                             ; --            ; led_rsp_xbar_mux                ; --         ;
; IP_TOOL_NAME                        ; altera_merlin_multiplexer                             ; --            ; led_rsp_xbar_mux_001            ; --         ;
; IP_TOOL_NAME                        ; altera_avalon_pio                                     ; --            ; led_switch                      ; --         ;
; IP_TOOL_NAME                        ; altera_avalon_sysid_qsys                              ; --            ; led_sysid_qsys_0                ; --         ;
; IP_TOOL_VERSION                     ; 13.0                                                  ; --            ; altera_avalon_sc_fifo           ; --         ;
; IP_TOOL_VERSION                     ; 13.0                                                  ; --            ; altera_merlin_master_agent      ; --         ;
; IP_TOOL_VERSION                     ; 13.0                                                  ; --            ; altera_merlin_master_translator ; --         ;
; IP_TOOL_VERSION                     ; 13.0                                                  ; --            ; altera_merlin_slave_agent       ; --         ;
; IP_TOOL_VERSION                     ; 13.0                                                  ; --            ; altera_merlin_slave_translator  ; --         ;
; IP_TOOL_VERSION                     ; 13.0                                                  ; --            ; altera_reset_controller         ; --         ;
; IP_TOOL_VERSION                     ; 13.0sp1                                               ; --            ; --                              ; --         ;
; IP_TOOL_VERSION                     ; 13.0                                                  ; --            ; led_addr_router                 ; --         ;
; IP_TOOL_VERSION                     ; 13.0                                                  ; --            ; led_addr_router_001             ; --         ;
; IP_TOOL_VERSION                     ; 13.0                                                  ; --            ; led_cmd_xbar_demux              ; --         ;
; IP_TOOL_VERSION                     ; 13.0                                                  ; --            ; led_cmd_xbar_demux_001          ; --         ;
; IP_TOOL_VERSION                     ; 13.0                                                  ; --            ; led_cmd_xbar_mux                ; --         ;
; IP_TOOL_VERSION                     ; 13.0                                                  ; --            ; led_id_router                   ; --         ;
; IP_TOOL_VERSION                     ; 13.0                                                  ; --            ; led_id_router_002               ; --         ;
; IP_TOOL_VERSION                     ; 13.0                                                  ; --            ; led_irq_mapper                  ; --         ;
; IP_TOOL_VERSION                     ; 13.0.1.99.2                                           ; --            ; led_jtag_uart_0                 ; --         ;
; IP_TOOL_VERSION                     ; 13.0.1.99.2                                           ; --            ; led_ledr                        ; --         ;
; IP_TOOL_VERSION                     ; 13.0                                                  ; --            ; led_nios2_qsys_0                ; --         ;
; IP_TOOL_VERSION                     ; 13.0.1.99.2                                           ; --            ; led_onchip_memory2_0            ; --         ;
; IP_TOOL_VERSION                     ; 13.0                                                  ; --            ; led_rsp_xbar_demux_002          ; --         ;
; IP_TOOL_VERSION                     ; 13.0                                                  ; --            ; led_rsp_xbar_mux                ; --         ;
; IP_TOOL_VERSION                     ; 13.0                                                  ; --            ; led_rsp_xbar_mux_001            ; --         ;
; IP_TOOL_VERSION                     ; 13.0.1.99.2                                           ; --            ; led_switch                      ; --         ;
; IP_TOOL_VERSION                     ; 13.0                                                  ; --            ; led_sysid_qsys_0                ; --         ;
; MAX_CORE_JUNCTION_TEMP              ; 85                                                    ; --            ; --                              ; --         ;
; MIN_CORE_JUNCTION_TEMP              ; 0                                                     ; --            ; --                              ; --         ;
; MISC_FILE                           ; led/synthesis/../../led.cmp                           ; --            ; --                              ; --         ;
; MISC_FILE                           ; led/synthesis/../../led.qsys                          ; --            ; --                              ; --         ;
; NOMINAL_CORE_SUPPLY_VOLTAGE         ; 1.2V                                                  ; --            ; --                              ; --         ;
; PARTITION_COLOR                     ; 16764057                                              ; --            ; ledr                            ; Top        ;
; PARTITION_FITTER_PRESERVATION_LEVEL ; PLACEMENT_AND_ROUTING                                 ; --            ; ledr                            ; Top        ;
; PARTITION_NETLIST_TYPE              ; SOURCE                                                ; --            ; ledr                            ; Top        ;
; POWER_BOARD_THERMAL_MODEL           ; None (CONSERVATIVE)                                   ; --            ; --                              ; --         ;
; POWER_PRESET_COOLING_SOLUTION       ; 23 MM HEAT SINK WITH 200 LFPM AIRFLOW                 ; --            ; --                              ; --         ;
; PROJECT_OUTPUT_DIRECTORY            ; output_files                                          ; --            ; --                              ; --         ;
; SLD_INFO                            ; QSYS_NAME led HAS_SOPCINFO 1 GENERATION_ID 1736038811 ; --            ; --                              ; --         ;
; SOPCINFO_FILE                       ; led/synthesis/../../led.sopcinfo                      ; --            ; --                              ; --         ;
; SYNTHESIS_ONLY_QIP                  ; On                                                    ; --            ; --                              ; --         ;
; TOP_LEVEL_ENTITY                    ; ledr                                                  ; led           ; --                              ; --         ;
+-------------------------------------+-------------------------------------------------------+---------------+---------------------------------+------------+


+-------------------------------------------------------------------------------------------------------------------------------+
; Flow Elapsed Time                                                                                                             ;
+---------------------------+--------------+-------------------------+---------------------+------------------------------------+
; Module Name               ; Elapsed Time ; Average Processors Used ; Peak Virtual Memory ; Total CPU Time (on all processors) ;
+---------------------------+--------------+-------------------------+---------------------+------------------------------------+
; Analysis & Synthesis      ; 00:00:19     ; 1.0                     ; 4722 MB             ; 00:00:17                           ;
; Fitter                    ; 00:00:23     ; 1.0                     ; 5129 MB             ; 00:00:21                           ;
; Assembler                 ; 00:00:05     ; 1.0                     ; 4598 MB             ; 00:00:05                           ;
; TimeQuest Timing Analyzer ; 00:00:05     ; 1.0                     ; 4716 MB             ; 00:00:04                           ;
; Total                     ; 00:00:52     ; --                      ; --                  ; 00:00:47                           ;
+---------------------------+--------------+-------------------------+---------------------+------------------------------------+


+----------------------------------------------------------------------------------------+
; Flow OS Summary                                                                        ;
+---------------------------+------------------+-----------+------------+----------------+
; Module Name               ; Machine Hostname ; OS Name   ; OS Version ; Processor type ;
+---------------------------+------------------+-----------+------------+----------------+
; Analysis & Synthesis      ; TRANTHINH-WINDOW ; Windows 7 ; 6.2        ; x86_64         ;
; Fitter                    ; TRANTHINH-WINDOW ; Windows 7 ; 6.2        ; x86_64         ;
; Assembler                 ; TRANTHINH-WINDOW ; Windows 7 ; 6.2        ; x86_64         ;
; TimeQuest Timing Analyzer ; TRANTHINH-WINDOW ; Windows 7 ; 6.2        ; x86_64         ;
+---------------------------+------------------+-----------+------------+----------------+


------------
; Flow Log ;
------------
quartus_map --read_settings_files=on --write_settings_files=off led -c led
quartus_fit --read_settings_files=off --write_settings_files=off led -c led
quartus_asm --read_settings_files=off --write_settings_files=off led -c led
quartus_sta led -c led



